2025-07-02 11:30:46,165 - Script started.
2025-07-02 11:30:46,166 - Processing audio_files_sync/original/1234577_1.wav
2025-07-02 11:30:46,335 - Removing silent edges (frames) from audio_files_sync/original/1234577_1.wav
2025-07-02 11:30:46,451 - Segment 1: 3.20s (from 0.10s to 3.30s)
2025-07-02 11:30:46,456 - Segment 2: 2.92s (from 4.19s to 7.11s)
2025-07-02 11:30:46,460 - Segment 3: 3.01s (from 8.10s to 11.10s)
2025-07-02 11:30:46,464 - Segment 4: 3.19s (from 12.22s to 15.42s)
2025-07-02 11:30:46,469 - Segment 5: 3.68s (from 16.42s to 20.10s)
2025-07-02 11:31:25,573 - Removing silent edges (frames) from audio_files_sync/original/1234577_1.wav
2025-07-02 11:31:26,030 - Processing audio_files_sync/original/1234569_4.wav
2025-07-02 11:31:26,338 - Removing silent edges (frames) from audio_files_sync/original/1234569_4.wav
2025-07-02 11:31:26,533 - Segment 1: 3.99s (from 0.10s to 4.09s)
2025-07-02 11:31:26,541 - Segment 2: 4.08s (from 6.04s to 10.12s)
2025-07-02 11:31:26,548 - Segment 3: 3.80s (from 11.69s to 15.49s)
2025-07-02 11:31:26,555 - Segment 4: 4.04s (from 16.98s to 21.02s)
2025-07-02 11:31:26,562 - Segment 5: 3.79s (from 22.27s to 26.06s)
2025-07-02 11:31:58,752 - Removing silent edges (frames) from audio_files_sync/original/1234569_4.wav
2025-07-02 11:31:59,035 - Processing audio_files_sync/original/1234574_2.wav
2025-07-02 11:31:59,182 - Removing silent edges (frames) from audio_files_sync/original/1234574_2.wav
2025-07-02 11:31:59,293 - Segment 1: 2.57s (from 0.10s to 2.67s)
2025-07-02 11:31:59,297 - Segment 2: 3.24s (from 3.36s to 6.60s)
2025-07-02 11:31:59,301 - Segment 3: 2.15s (from 7.28s to 9.43s)
2025-07-02 11:31:59,312 - Segment 4: 2.04s (from 10.22s to 12.26s)
2025-07-02 11:31:59,315 - Segment 5: 1.67s (from 13.12s to 14.80s)
2025-07-02 11:32:18,097 - Removing silent edges (frames) from audio_files_sync/original/1234574_2.wav
2025-07-02 11:32:18,296 - Processing audio_files_sync/original/1234574_1.wav
2025-07-02 11:32:18,476 - Removing silent edges (frames) from audio_files_sync/original/1234574_1.wav
2025-07-02 11:32:18,604 - Segment 1: 3.87s (from 0.10s to 3.97s)
2025-07-02 11:32:18,611 - Segment 2: 4.02s (from 4.58s to 8.61s)
2025-07-02 11:32:18,617 - Segment 3: 2.96s (from 9.29s to 12.25s)
2025-07-02 11:32:18,621 - Segment 4: 2.84s (from 13.27s to 16.11s)
2025-07-02 11:32:18,625 - Segment 5: 2.85s (from 16.86s to 19.70s)
2025-07-02 11:33:14,389 - Removing silent edges (frames) from audio_files_sync/original/1234574_1.wav
2025-07-02 11:33:14,571 - Processing audio_files_sync/original/1234576_3.wav
2025-07-02 11:33:14,692 - Removing silent edges (frames) from audio_files_sync/original/1234576_3.wav
2025-07-02 11:33:14,774 - Segment 1: 2.95s (from 0.10s to 3.06s)
2025-07-02 11:33:14,778 - Segment 2: 2.22s (from 4.14s to 6.36s)
2025-07-02 11:33:14,780 - Segment 3: 2.42s (from 7.62s to 10.04s)
2025-07-02 11:33:14,795 - Segment 4: 2.25s (from 11.03s to 13.28s)
2025-07-02 11:33:14,798 - Segment 5: 2.53s (from 14.20s to 16.73s)
2025-07-02 11:34:09,427 - Removing silent edges (frames) from audio_files_sync/original/1234576_3.wav
2025-07-02 11:34:09,725 - Processing audio_files_sync/original/1234567_4.wav
2025-07-02 11:34:10,021 - Removing silent edges (frames) from audio_files_sync/original/1234567_4.wav
2025-07-02 11:34:10,245 - Segment 1: 5.38s (from 0.10s to 5.48s)
2025-07-02 11:34:10,255 - Segment 2: 6.02s (from 6.20s to 12.22s)
2025-07-02 11:34:10,282 - Segment 3: 5.93s (from 13.07s to 19.00s)
2025-07-02 11:34:10,299 - Segment 4: 5.22s (from 20.21s to 25.42s)
2025-07-02 11:34:10,313 - Segment 5: 6.49s (from 26.53s to 33.02s)
2025-07-02 11:34:57,882 - Removing silent edges (frames) from audio_files_sync/original/1234567_4.wav
2025-07-02 11:34:58,211 - Processing audio_files_sync/original/1234576_1.wav
2025-07-02 11:34:58,468 - Removing silent edges (frames) from audio_files_sync/original/1234576_1.wav
2025-07-02 11:34:58,587 - Segment 1: 2.09s (from 1.34s to 3.43s)
2025-07-02 11:34:58,590 - Segment 2: 2.46s (from 5.02s to 7.47s)
2025-07-02 11:34:58,605 - Segment 3: 2.40s (from 8.87s to 11.27s)
2025-07-02 11:34:58,613 - Segment 4: 3.00s (from 12.25s to 15.25s)
2025-07-02 11:34:58,621 - Segment 5: 2.62s (from 16.27s to 18.89s)
2025-07-02 11:35:15,238 - Removing silent edges (frames) from audio_files_sync/original/1234576_1.wav
2025-07-02 11:35:15,505 - Processing audio_files_sync/original/1234568_1.wav
2025-07-02 11:35:15,752 - Removing silent edges (frames) from audio_files_sync/original/1234568_1.wav
2025-07-02 11:35:15,926 - Segment 1: 5.16s (from 0.10s to 5.26s)
2025-07-02 11:35:15,941 - Segment 2: 5.50s (from 6.73s to 12.22s)
2025-07-02 11:35:15,953 - Segment 3: 3.91s (from 13.63s to 17.54s)
2025-07-02 11:35:15,961 - Segment 4: 3.58s (from 18.63s to 22.22s)
2025-07-02 11:35:15,968 - Segment 5: 3.85s (from 23.16s to 27.01s)
2025-07-02 11:35:42,491 - Removing silent edges (frames) from audio_files_sync/original/1234568_1.wav
2025-07-02 11:35:42,764 - Processing audio_files_sync/original/1234572_1.wav
2025-07-02 11:35:42,989 - Removing silent edges (frames) from audio_files_sync/original/1234572_1.wav
2025-07-02 11:35:43,139 - Segment 1: 3.23s (from 0.10s to 3.34s)
2025-07-02 11:35:43,155 - Segment 2: 3.58s (from 4.24s to 7.82s)
2025-07-02 11:35:43,161 - Segment 3: 3.85s (from 8.56s to 12.41s)
2025-07-02 11:35:43,167 - Segment 4: 4.06s (from 13.14s to 17.19s)
2025-07-02 11:35:43,173 - Segment 5: 3.59s (from 17.84s to 21.43s)
2025-07-02 11:36:07,339 - Removing silent edges (frames) from audio_files_sync/original/1234572_1.wav
2025-07-02 11:36:07,669 - Processing audio_files_sync/original/1234568_2.wav
2025-07-02 11:36:07,900 - Removing silent edges (frames) from audio_files_sync/original/1234568_2.wav
2025-07-02 11:36:08,023 - Segment 1: 4.22s (from 0.10s to 4.32s)
2025-07-02 11:36:08,033 - Segment 2: 3.52s (from 5.31s to 8.83s)
2025-07-02 11:36:08,039 - Segment 3: 3.05s (from 9.94s to 12.99s)
2025-07-02 11:36:08,043 - Segment 4: 2.58s (from 13.71s to 16.29s)
2025-07-02 11:36:08,047 - Segment 5: 2.98s (from 17.12s to 20.10s)
2025-07-02 11:36:29,357 - Removing silent edges (frames) from audio_files_sync/original/1234568_2.wav
2025-07-02 11:36:29,602 - Processing audio_files_sync/original/1234576_2.wav
2025-07-02 11:36:29,777 - Removing silent edges (frames) from audio_files_sync/original/1234576_2.wav
2025-07-02 11:36:29,910 - Segment 1: 2.67s (from 0.10s to 2.78s)
2025-07-02 11:36:29,914 - Segment 2: 2.95s (from 4.06s to 7.02s)
2025-07-02 11:36:29,920 - Segment 3: 2.42s (from 8.39s to 10.82s)
2025-07-02 11:36:29,924 - Segment 4: 2.53s (from 11.94s to 14.46s)
2025-07-02 11:36:29,928 - Segment 5: 2.70s (from 15.42s to 18.11s)
2025-07-02 11:36:56,595 - Removing silent edges (frames) from audio_files_sync/original/1234576_2.wav
2025-07-02 11:36:56,825 - Processing audio_files_sync/original/1234572_2.wav
2025-07-02 11:36:57,090 - Removing silent edges (frames) from audio_files_sync/original/1234572_2.wav
2025-07-02 11:36:57,289 - Segment 1: 3.81s (from 0.10s to 3.91s)
2025-07-02 11:36:57,296 - Segment 2: 4.10s (from 4.46s to 8.57s)
2025-07-02 11:36:57,303 - Segment 3: 4.09s (from 9.09s to 13.18s)
2025-07-02 11:36:57,310 - Segment 4: 3.94s (from 13.94s to 17.87s)
2025-07-02 11:36:57,317 - Segment 5: 3.90s (from 18.59s to 22.49s)
2025-07-02 11:37:20,837 - Removing silent edges (frames) from audio_files_sync/original/1234572_2.wav
2025-07-02 11:37:21,185 - Processing audio_files_sync/original/1234571_1.wav
2025-07-02 11:37:21,367 - Removing silent edges (frames) from audio_files_sync/original/1234571_1.wav
2025-07-02 11:37:21,513 - Segment 1: 3.54s (from 0.10s to 3.64s)
2025-07-02 11:37:21,520 - Segment 2: 3.34s (from 4.33s to 7.67s)
2025-07-02 11:37:21,526 - Segment 3: 2.99s (from 8.47s to 11.46s)
2025-07-02 11:37:21,530 - Segment 4: 3.27s (from 12.20s to 15.47s)
2025-07-02 11:37:21,537 - Segment 5: 3.63s (from 16.04s to 19.67s)
2025-07-02 11:37:40,086 - Removing silent edges (frames) from audio_files_sync/original/1234571_1.wav
2025-07-02 11:37:40,364 - Processing audio_files_sync/original/1234569_2.wav
2025-07-02 11:37:40,614 - Removing silent edges (frames) from audio_files_sync/original/1234569_2.wav
2025-07-02 11:37:40,780 - Segment 1: 3.17s (from 0.10s to 3.27s)
2025-07-02 11:37:40,788 - Segment 2: 3.59s (from 4.74s to 8.34s)
2025-07-02 11:37:40,795 - Segment 3: 4.04s (from 9.87s to 13.91s)
2025-07-02 11:37:40,803 - Segment 4: 3.99s (from 15.53s to 19.52s)
2025-07-02 11:37:40,809 - Segment 5: 3.82s (from 20.93s to 24.74s)
2025-07-02 11:38:10,074 - Removing silent edges (frames) from audio_files_sync/original/1234569_2.wav
2025-07-02 11:38:10,370 - Processing audio_files_sync/original/1234574_4.wav
2025-07-02 11:38:10,587 - Removing silent edges (frames) from audio_files_sync/original/1234574_4.wav
2025-07-02 11:38:10,730 - Segment 1: 2.88s (from 0.10s to 2.98s)
2025-07-02 11:38:10,737 - Segment 2: 2.72s (from 3.65s to 6.37s)
2025-07-02 11:38:10,742 - Segment 3: 2.30s (from 7.30s to 9.60s)
2025-07-02 11:38:10,747 - Segment 4: 2.04s (from 10.54s to 12.58s)
2025-07-02 11:38:10,751 - Segment 5: 1.99s (from 13.42s to 15.42s)
2025-07-02 11:38:36,694 - Removing silent edges (frames) from audio_files_sync/original/1234574_4.wav
2025-07-02 11:38:36,944 - Processing audio_files_sync/original/1234568_3.wav
2025-07-02 11:38:37,132 - Removing silent edges (frames) from audio_files_sync/original/1234568_3.wav
2025-07-02 11:38:37,274 - Segment 1: 3.34s (from 0.10s to 3.44s)
2025-07-02 11:38:37,282 - Segment 2: 3.19s (from 4.59s to 7.78s)
2025-07-02 11:38:37,288 - Segment 3: 2.47s (from 8.91s to 11.38s)
2025-07-02 11:38:37,292 - Segment 4: 2.48s (from 12.38s to 14.86s)
2025-07-02 11:38:37,296 - Segment 5: 2.59s (from 15.94s to 18.54s)
2025-07-02 11:39:07,499 - Removing silent edges (frames) from audio_files_sync/original/1234568_3.wav
2025-07-02 11:39:07,767 - Processing audio_files_sync/original/1234577_2.wav
2025-07-02 11:39:07,830 - Removing silent edges (frames) from audio_files_sync/original/1234577_2.wav
2025-07-02 11:39:07,871 - Segment 1: 4.31s (from 1.40s to 5.72s)
2025-07-02 11:39:07,879 - Segment 2: 1.20s (from 6.83s to 8.03s)
2025-07-02 11:39:07,881 - Segment 3: 1.21s (from 8.57s to 9.78s)
2025-07-02 11:39:07,883 - Segment 4: 2.26s (from 10.25s to 12.52s)
2025-07-02 11:39:07,887 - Segment 5: 2.58s (from 12.91s to 15.49s)
2025-07-02 11:39:12,145 - Removing silent edges (frames) from audio_files_sync/original/1234577_2.wav
2025-07-02 11:39:12,211 - Processing audio_files_sync/original/1234573_1.wav
2025-07-02 11:39:12,510 - Removing silent edges (frames) from audio_files_sync/original/1234573_1.wav
2025-07-02 11:39:12,707 - Segment 1: 4.70s (from 0.10s to 4.80s)
2025-07-02 11:39:12,714 - Segment 2: 4.36s (from 5.98s to 10.34s)
2025-07-02 11:39:12,721 - Segment 3: 4.02s (from 11.65s to 15.66s)
2025-07-02 11:39:12,728 - Segment 4: 4.04s (from 17.14s to 21.18s)
2025-07-02 11:39:12,734 - Segment 5: 4.79s (from 22.49s to 27.28s)
2025-07-02 11:40:37,823 - Removing silent edges (frames) from audio_files_sync/original/1234573_1.wav
2025-07-02 11:40:38,181 - Processing audio_files_sync/original/1234571_4.wav
2025-07-02 11:40:38,386 - Removing silent edges (frames) from audio_files_sync/original/1234571_4.wav
2025-07-02 11:40:38,549 - Segment 1: 3.95s (from 0.10s to 4.06s)
2025-07-02 11:40:38,558 - Segment 2: 3.74s (from 5.04s to 8.78s)
2025-07-02 11:40:38,565 - Segment 3: 4.06s (from 9.75s to 13.82s)
2025-07-02 11:40:38,572 - Segment 4: 3.92s (from 14.40s to 18.32s)
2025-07-02 11:40:38,580 - Segment 5: 3.85s (from 18.88s to 22.73s)
2025-07-02 11:41:11,849 - Removing silent edges (frames) from audio_files_sync/original/1234571_4.wav
2025-07-02 11:41:12,088 - Processing audio_files_sync/original/1234571_3.wav
2025-07-02 11:41:12,278 - Removing silent edges (frames) from audio_files_sync/original/1234571_3.wav
2025-07-02 11:41:12,426 - Segment 1: 3.19s (from 0.10s to 3.29s)
2025-07-02 11:41:12,431 - Segment 2: 4.03s (from 4.20s to 8.23s)
2025-07-02 11:41:12,437 - Segment 3: 3.72s (from 9.54s to 13.26s)
2025-07-02 11:41:12,443 - Segment 4: 2.94s (from 14.31s to 17.26s)
2025-07-02 11:41:12,447 - Segment 5: 3.53s (from 18.25s to 21.78s)
2025-07-02 11:41:31,119 - Removing silent edges (frames) from audio_files_sync/original/1234571_3.wav
2025-07-02 11:41:31,379 - Processing audio_files_sync/original/1234567_3.wav
2025-07-02 11:41:31,669 - Removing silent edges (frames) from audio_files_sync/original/1234567_3.wav
2025-07-02 11:41:31,834 - Segment 1: 4.69s (from 0.10s to 4.78s)
2025-07-02 11:41:31,857 - Segment 2: 5.51s (from 5.57s to 11.08s)
2025-07-02 11:41:31,866 - Segment 3: 5.50s (from 11.95s to 17.45s)
2025-07-02 11:41:31,875 - Segment 4: 5.45s (from 18.21s to 23.66s)
2025-07-02 11:41:31,899 - Segment 5: 5.63s (from 24.53s to 30.16s)
2025-07-02 11:41:57,197 - Removing silent edges (frames) from audio_files_sync/original/1234567_3.wav
2025-07-02 11:41:57,518 - Processing audio_files_sync/original/1234577_3.wav
2025-07-02 11:41:57,755 - Removing silent edges (frames) from audio_files_sync/original/1234577_3.wav
2025-07-02 11:41:57,891 - Segment 1: 3.99s (from 1.55s to 5.54s)
2025-07-02 11:41:57,897 - Segment 2: 3.30s (from 6.96s to 10.26s)
2025-07-02 11:41:57,901 - Segment 3: 3.06s (from 11.50s to 14.56s)
2025-07-02 11:41:57,907 - Segment 4: 2.70s (from 15.73s to 18.43s)
2025-07-02 11:41:57,913 - Segment 5: 2.96s (from 19.49s to 22.45s)
2025-07-02 11:45:31,822 - Removing silent edges (frames) from audio_files_sync/original/1234577_3.wav
2025-07-02 11:45:32,000 - Processing audio_files_sync/original/1234573_3.wav
2025-07-02 11:45:32,219 - Removing silent edges (frames) from audio_files_sync/original/1234573_3.wav
2025-07-02 11:45:32,378 - Segment 1: 4.22s (from 0.10s to 4.33s)
2025-07-02 11:45:32,385 - Segment 2: 4.34s (from 5.94s to 10.28s)
2025-07-02 11:45:32,392 - Segment 3: 3.68s (from 11.71s to 15.39s)
2025-07-02 11:45:32,397 - Segment 4: 3.81s (from 17.14s to 20.95s)
2025-07-02 11:45:32,403 - Segment 5: 4.26s (from 22.26s to 26.53s)
2025-07-02 11:46:07,300 - Removing silent edges (frames) from audio_files_sync/original/1234573_3.wav
2025-07-02 11:46:07,612 - Processing audio_files_sync/original/1234578_2.wav
2025-07-02 11:46:07,853 - Removing silent edges (frames) from audio_files_sync/original/1234578_2.wav
2025-07-02 11:46:08,022 - Segment 1: 4.19s (from 0.10s to 4.30s)
2025-07-02 11:46:08,030 - Segment 2: 4.44s (from 5.14s to 9.58s)
2025-07-02 11:46:08,037 - Segment 3: 3.10s (from 10.10s to 13.20s)
2025-07-02 11:46:08,043 - Segment 4: 3.42s (from 14.11s to 17.54s)
2025-07-02 11:46:08,049 - Segment 5: 4.39s (from 18.31s to 22.70s)
2025-07-02 11:46:32,067 - Removing silent edges (frames) from audio_files_sync/original/1234578_2.wav
2025-07-02 11:46:32,371 - Processing audio_files_sync/original/1234573_2.wav
2025-07-02 11:46:32,592 - Removing silent edges (frames) from audio_files_sync/original/1234573_2.wav
2025-07-02 11:46:32,744 - Segment 1: 4.30s (from 0.10s to 4.41s)
2025-07-02 11:46:32,752 - Segment 2: 4.07s (from 5.78s to 9.86s)
2025-07-02 11:46:32,758 - Segment 3: 3.79s (from 11.26s to 15.06s)
2025-07-02 11:46:32,764 - Segment 4: 4.76s (from 16.84s to 21.60s)
2025-07-02 11:46:32,771 - Segment 5: 5.58s (from 23.75s to 29.34s)
2025-07-02 11:47:20,738 - Removing silent edges (frames) from audio_files_sync/original/1234573_2.wav
2025-07-02 11:47:21,094 - Processing audio_files_sync/original/1234567_5.wav
2025-07-02 11:47:21,338 - Removing silent edges (frames) from audio_files_sync/original/1234567_5.wav
2025-07-02 11:47:21,532 - Segment 1: 4.26s (from 0.10s to 4.36s)
2025-07-02 11:47:21,541 - Segment 2: 5.62s (from 4.91s to 10.53s)
2025-07-02 11:47:21,553 - Segment 3: 4.81s (from 11.14s to 15.95s)
2025-07-02 11:47:21,564 - Segment 4: 5.23s (from 16.82s to 22.05s)
2025-07-02 11:47:21,575 - Segment 5: 5.28s (from 22.78s to 28.06s)
2025-07-02 11:47:46,059 - Removing silent edges (frames) from audio_files_sync/original/1234567_5.wav
2025-07-02 11:47:46,447 - Processing audio_files_sync/original/1234578_1.wav
2025-07-02 11:47:46,729 - Removing silent edges (frames) from audio_files_sync/original/1234578_1.wav
2025-07-02 11:47:46,924 - Segment 1: 2.29s (from 0.10s to 2.39s)
2025-07-02 11:47:46,929 - Segment 2: 2.25s (from 3.74s to 5.98s)
2025-07-02 11:47:46,933 - Segment 3: 1.67s (from 6.95s to 8.62s)
2025-07-02 11:47:46,937 - Segment 4: 2.29s (from 9.75s to 12.04s)
2025-07-02 11:47:46,941 - Segment 5: 2.41s (from 13.36s to 15.77s)
2025-07-02 11:48:36,068 - Removing silent edges (frames) from audio_files_sync/original/1234578_1.wav
2025-07-02 11:48:36,387 - Processing audio_files_sync/original/1234567_2.wav
2025-07-02 11:48:36,588 - Removing silent edges (frames) from audio_files_sync/original/1234567_2.wav
2025-07-02 11:48:36,740 - Segment 1: 4.77s (from 0.10s to 4.87s)
2025-07-02 11:48:36,747 - Segment 2: 5.70s (from 5.48s to 11.18s)
2025-07-02 11:48:36,756 - Segment 3: 4.90s (from 11.85s to 16.74s)
2025-07-02 11:48:36,763 - Segment 4: 4.99s (from 17.37s to 22.36s)
2025-07-02 11:48:36,771 - Segment 5: 5.84s (from 23.20s to 29.04s)
2025-07-02 11:49:03,185 - Removing silent edges (frames) from audio_files_sync/original/1234567_2.wav
2025-07-02 11:49:03,486 - Processing audio_files_sync/original/1234572_3.wav
2025-07-02 11:49:03,801 - Removing silent edges (frames) from audio_files_sync/original/1234572_3.wav
2025-07-02 11:49:04,051 - Segment 1: 3.70s (from 0.10s to 3.80s)
2025-07-02 11:49:04,060 - Segment 2: 3.96s (from 4.43s to 8.39s)
2025-07-02 11:49:04,070 - Segment 3: 4.02s (from 9.15s to 13.18s)
2025-07-02 11:49:04,079 - Segment 4: 4.33s (from 13.92s to 18.25s)
2025-07-02 11:49:04,088 - Segment 5: 4.39s (from 18.86s to 23.26s)
2025-07-02 11:49:44,487 - Removing silent edges (frames) from audio_files_sync/original/1234572_3.wav
2025-07-02 11:49:44,822 - Processing audio_files_sync/original/1234567_1.wav
2025-07-02 11:49:45,033 - Removing silent edges (frames) from audio_files_sync/original/1234567_1.wav
2025-07-02 11:49:45,195 - Segment 1: 4.66s (from 0.10s to 4.76s)
2025-07-02 11:49:45,202 - Segment 2: 5.77s (from 5.83s to 11.60s)
2025-07-02 11:49:45,211 - Segment 3: 5.88s (from 12.85s to 18.73s)
2025-07-02 11:49:45,219 - Segment 4: 5.55s (from 19.96s to 25.51s)
2025-07-02 11:49:45,227 - Segment 5: 6.37s (from 26.95s to 33.32s)
2025-07-02 11:50:22,322 - Removing silent edges (frames) from audio_files_sync/original/1234567_1.wav
2025-07-02 11:50:22,629 - Processing audio_files_sync/original/1234571_2.wav
2025-07-02 11:50:22,798 - Removing silent edges (frames) from audio_files_sync/original/1234571_2.wav
2025-07-02 11:50:22,920 - Segment 1: 4.10s (from 0.10s to 4.21s)
2025-07-02 11:50:22,930 - Segment 2: 3.87s (from 5.04s to 8.91s)
2025-07-02 11:50:22,936 - Segment 3: 3.54s (from 9.72s to 13.26s)
2025-07-02 11:50:22,943 - Segment 4: 3.84s (from 14.08s to 17.92s)
2025-07-02 11:50:22,950 - Segment 5: 4.36s (from 18.76s to 23.12s)
2025-07-02 11:50:41,725 - Removing silent edges (frames) from audio_files_sync/original/1234571_2.wav
2025-07-02 11:50:42,047 - Processing audio_files_sync/original/1234568_4.wav
2025-07-02 11:50:42,277 - Removing silent edges (frames) from audio_files_sync/original/1234568_4.wav
2025-07-02 11:50:42,453 - Segment 1: 2.56s (from 0.10s to 2.66s)
2025-07-02 11:50:42,460 - Segment 2: 2.54s (from 3.62s to 6.17s)
2025-07-02 11:50:42,466 - Segment 3: 2.20s (from 7.22s to 9.42s)
2025-07-02 11:50:42,471 - Segment 4: 2.17s (from 10.30s to 12.47s)
2025-07-02 11:50:42,477 - Segment 5: 2.38s (from 13.55s to 15.94s)
2025-07-02 11:51:00,950 - Removing silent edges (frames) from audio_files_sync/original/1234568_4.wav
2025-07-02 11:51:01,213 - Processing audio_files_sync/original/1234578_3.wav
2025-07-02 11:51:01,437 - Removing silent edges (frames) from audio_files_sync/original/1234578_3.wav
2025-07-02 11:51:01,616 - Segment 1: 4.32s (from 0.10s to 4.42s)
2025-07-02 11:51:01,624 - Segment 2: 4.06s (from 5.04s to 9.10s)
2025-07-02 11:51:01,632 - Segment 3: 3.96s (from 9.94s to 13.90s)
2025-07-02 11:51:01,641 - Segment 4: 3.47s (from 14.79s to 18.26s)
2025-07-02 11:51:01,650 - Segment 5: 4.52s (from 19.38s to 23.90s)
2025-07-02 11:51:21,202 - Removing silent edges (frames) from audio_files_sync/original/1234578_3.wav
2025-07-02 11:51:21,471 - Processing audio_files_sync/original/1234569_1.wav
2025-07-02 11:51:21,688 - Removing silent edges (frames) from audio_files_sync/original/1234569_1.wav
2025-07-02 11:51:21,842 - Segment 1: 3.30s (from 0.10s to 3.40s)
2025-07-02 11:51:21,847 - Segment 2: 3.02s (from 4.86s to 7.88s)
2025-07-02 11:51:21,853 - Segment 3: 2.95s (from 9.55s to 12.50s)
2025-07-02 11:51:21,857 - Segment 4: 3.00s (from 14.01s to 17.01s)
2025-07-02 11:51:21,861 - Segment 5: 3.39s (from 18.37s to 21.76s)
2025-07-02 11:51:52,150 - Removing silent edges (frames) from audio_files_sync/original/1234569_1.wav
2025-07-02 11:51:52,434 - Processing audio_files_sync/original/1234569_3.wav
2025-07-02 11:51:52,662 - Removing silent edges (frames) from audio_files_sync/original/1234569_3.wav
2025-07-02 11:51:52,822 - Segment 1: 3.61s (from 0.10s to 3.71s)
2025-07-02 11:51:52,828 - Segment 2: 4.05s (from 5.44s to 9.49s)
2025-07-02 11:51:52,834 - Segment 3: 3.74s (from 10.71s to 14.45s)
2025-07-02 11:51:52,840 - Segment 4: 3.58s (from 15.71s to 19.30s)
2025-07-02 11:51:52,846 - Segment 5: 3.78s (from 20.77s to 24.54s)
2025-07-02 11:52:21,490 - Removing silent edges (frames) from audio_files_sync/original/1234569_3.wav
2025-07-02 11:52:21,788 - Processing audio_files_sync/original/1234574_3.wav
2025-07-02 11:52:21,968 - Removing silent edges (frames) from audio_files_sync/original/1234574_3.wav
2025-07-02 11:52:22,098 - Segment 1: 2.94s (from 0.10s to 3.05s)
2025-07-02 11:52:22,103 - Segment 2: 2.81s (from 4.06s to 6.87s)
2025-07-02 11:52:22,107 - Segment 3: 2.62s (from 7.83s to 10.45s)
2025-07-02 11:52:22,111 - Segment 4: 2.52s (from 11.43s to 13.95s)
2025-07-02 11:52:22,115 - Segment 5: 2.45s (from 14.70s to 17.15s)
2025-07-02 11:52:47,714 - Removing silent edges (frames) from audio_files_sync/original/1234574_3.wav
2025-07-02 11:52:47,938 - Processing audio_files_sync/original/1234571_5.wav
2025-07-02 11:52:48,120 - Removing silent edges (frames) from audio_files_sync/original/1234571_5.wav
2025-07-02 11:52:48,259 - Segment 1: 4.26s (from 0.10s to 4.36s)
2025-07-02 11:52:48,265 - Segment 2: 3.85s (from 5.20s to 9.05s)
2025-07-02 11:52:48,272 - Segment 3: 3.29s (from 9.97s to 13.26s)
2025-07-02 11:52:48,277 - Segment 4: 3.18s (from 14.04s to 17.22s)
2025-07-02 11:52:48,281 - Segment 5: 3.60s (from 17.85s to 21.45s)
2025-07-02 11:55:02,871 - Removing silent edges (frames) from audio_files_sync/original/1234571_5.wav
2025-07-02 11:55:03,071 - Finished processing.
