2025-07-02 16:15:30,253 - Script started.
2025-07-02 16:15:30,254 - Processing audio_files_sync/original/1234577_1.wav
2025-07-02 16:15:30,430 - Removing silent edges (frames) from audio_files_sync/original/1234577_1.wav
2025-07-02 16:15:30,485 - Removed silent frames at start: 1.94s (up to 1.94s)
2025-07-02 16:15:30,486 - Removed silent frames at end: 0.04s (starting from 81.05s)
2025-07-02 16:15:30,575 - Segment 1: 3.20s (from 0.10s to 3.30s)
2025-07-02 16:15:30,580 - Segment 2: 2.92s (from 4.19s to 7.11s)
2025-07-02 16:15:30,585 - Segment 3: 3.01s (from 8.10s to 11.10s)
2025-07-02 16:15:30,590 - Segment 4: 3.19s (from 12.22s to 15.42s)
2025-07-02 16:15:30,595 - Segment 5: 3.68s (from 16.42s to 20.10s)
2025-07-02 16:15:30,600 - The end time of the last VOW segment is 20.104
2025-07-02 16:15:30,600 - The start time of MPT is 21.104
2025-07-02 16:15:30,648 - MPT segment: 10.57s (from 25.75s to 36.32s)
2025-07-02 16:15:30,665 - The end time of the MPT segment is 36.32
2025-07-02 16:15:30,665 - The start time of SPN/SEN is 37.32
2025-07-02 16:15:30,670 - Removing silent edges (frames) from audio_files_sync/original/1234577_1.wav
2025-07-02 16:15:30,703 - Removed silent frames at start: 41.80s (up to 41.80s)
2025-07-02 16:15:30,761 - Processing audio_files_sync/original/1234569_4.wav
2025-07-02 16:15:30,953 - Removing silent edges (frames) from audio_files_sync/original/1234569_4.wav
2025-07-02 16:15:31,027 - Removed silent frames at start: 2.09s (up to 2.09s)
2025-07-02 16:15:31,027 - Removed silent frames at end: 4.83s (starting from 82.06s)
2025-07-02 16:15:31,101 - Segment 1: 3.99s (from 0.10s to 4.09s)
2025-07-02 16:15:31,108 - Segment 2: 4.08s (from 6.04s to 10.12s)
2025-07-02 16:15:31,114 - Segment 3: 3.80s (from 11.69s to 15.49s)
2025-07-02 16:15:31,120 - Segment 4: 4.04s (from 16.98s to 21.02s)
2025-07-02 16:15:31,127 - Segment 5: 3.79s (from 22.27s to 26.06s)
2025-07-02 16:15:31,133 - The end time of the last VOW segment is 26.064000000000007
2025-07-02 16:15:31,133 - The start time of MPT is 27.064000000000007
2025-07-02 16:15:31,179 - MPT segment: 13.78s (from 32.29s to 46.07s)
2025-07-02 16:15:31,202 - The end time of the MPT segment is 46.072
2025-07-02 16:15:31,202 - The start time of SPN/SEN is 47.072
2025-07-02 16:15:31,205 - Removing silent edges (frames) from audio_files_sync/original/1234569_4.wav
2025-07-02 16:15:31,232 - Removed silent frames at start: 48.25s (up to 48.25s)
2025-07-02 16:15:31,232 - Removed silent frames at end: 0.00s (starting from 79.96s)
2025-07-02 16:15:31,289 - Processing audio_files_sync/original/1234574_2.wav
2025-07-02 16:15:31,445 - Removing silent edges (frames) from audio_files_sync/original/1234574_2.wav
2025-07-02 16:15:31,501 - Removed silent frames at start: 1.43s (up to 1.43s)
2025-07-02 16:15:31,501 - Removed silent frames at end: 3.31s (starting from 62.53s)
2025-07-02 16:15:31,565 - Segment 1: 2.57s (from 0.10s to 2.67s)
2025-07-02 16:15:31,570 - Segment 2: 3.24s (from 3.36s to 6.60s)
2025-07-02 16:15:31,575 - Segment 3: 2.15s (from 7.28s to 9.43s)
2025-07-02 16:15:31,579 - Segment 4: 2.04s (from 10.22s to 12.26s)
2025-07-02 16:15:31,582 - Segment 5: 1.67s (from 13.12s to 14.80s)
2025-07-02 16:15:31,589 - The end time of the last VOW segment is 14.795999999999996
2025-07-02 16:15:31,589 - The start time of MPT is 15.795999999999996
2025-07-02 16:15:31,629 - MPT segment: 4.97s (from 20.60s to 25.56s)
2025-07-02 16:15:31,639 - The end time of the MPT segment is 25.563999999999997
2025-07-02 16:15:31,639 - The start time of SPN/SEN is 26.563999999999997
2025-07-02 16:15:31,642 - Removing silent edges (frames) from audio_files_sync/original/1234574_2.wav
2025-07-02 16:15:31,672 - Removed silent frames at start: 27.35s (up to 27.35s)
2025-07-02 16:15:31,689 - Processing audio_files_sync/original/1234574_1.wav
2025-07-02 16:15:31,872 - Removing silent edges (frames) from audio_files_sync/original/1234574_1.wav
2025-07-02 16:15:31,938 - Removed silent frames at start: 2.99s (up to 2.99s)
2025-07-02 16:15:31,938 - Removed silent frames at end: 3.61s (starting from 73.59s)
2025-07-02 16:15:32,005 - Segment 1: 3.87s (from 0.10s to 3.97s)
2025-07-02 16:15:32,011 - Segment 2: 4.02s (from 4.58s to 8.61s)
2025-07-02 16:15:32,018 - Segment 3: 2.96s (from 9.29s to 12.25s)
2025-07-02 16:15:32,024 - Segment 4: 2.84s (from 13.27s to 16.11s)
2025-07-02 16:15:32,029 - Segment 5: 2.85s (from 16.86s to 19.70s)
2025-07-02 16:15:32,038 - The end time of the last VOW segment is 19.704000000000008
2025-07-02 16:15:32,038 - The start time of MPT is 20.704000000000008
2025-07-02 16:15:32,089 - MPT segment: 5.15s (from 26.17s to 31.32s)
2025-07-02 16:15:32,097 - The end time of the MPT segment is 31.320000000000007
2025-07-02 16:15:32,097 - The start time of SPN/SEN is 32.32000000000001
2025-07-02 16:15:32,102 - Removing silent edges (frames) from audio_files_sync/original/1234574_1.wav
2025-07-02 16:15:32,136 - Removed silent frames at start: 36.85s (up to 36.85s)
2025-07-02 16:15:32,136 - Removed silent frames at end: 0.00s (starting from 70.60s)
2025-07-02 16:15:32,141 - Processing audio_files_sync/original/1234576_3.wav
2025-07-02 16:15:32,300 - Removing silent edges (frames) from audio_files_sync/original/1234576_3.wav
2025-07-02 16:15:32,366 - Removed silent frames at start: 2.04s (up to 2.04s)
2025-07-02 16:15:32,366 - Removed silent frames at end: 4.21s (starting from 63.56s)
2025-07-02 16:15:32,429 - Segment 1: 2.95s (from 0.10s to 3.06s)
2025-07-02 16:15:32,435 - Segment 2: 2.22s (from 4.14s to 6.36s)
2025-07-02 16:15:32,440 - Segment 3: 2.42s (from 7.62s to 10.04s)
2025-07-02 16:15:32,444 - Segment 4: 2.25s (from 11.03s to 13.28s)
2025-07-02 16:15:32,449 - Segment 5: 2.53s (from 14.20s to 16.73s)
2025-07-02 16:15:32,454 - The end time of the last VOW segment is 16.728
2025-07-02 16:15:32,454 - The start time of MPT is 17.728
2025-07-02 16:15:32,497 - MPT segment: 8.58s (from 22.34s to 30.92s)
2025-07-02 16:15:32,516 - The end time of the MPT segment is 30.92
2025-07-02 16:15:32,516 - The start time of SPN/SEN is 31.92
2025-07-02 16:15:32,519 - Removing silent edges (frames) from audio_files_sync/original/1234576_3.wav
2025-07-02 16:15:32,547 - Removed silent frames at start: 36.07s (up to 36.07s)
2025-07-02 16:15:32,599 - Processing audio_files_sync/original/1234567_4.wav
2025-07-02 16:15:32,831 - Removing silent edges (frames) from audio_files_sync/original/1234567_4.wav
2025-07-02 16:15:32,917 - Removed silent frames at start: 2.47s (up to 2.47s)
2025-07-02 16:15:32,918 - Removed silent frames at end: 0.76s (starting from 88.77s)
2025-07-02 16:15:33,030 - Segment 1: 5.38s (from 0.10s to 5.48s)
2025-07-02 16:15:33,041 - Segment 2: 6.02s (from 6.20s to 12.22s)
2025-07-02 16:15:33,051 - Segment 3: 5.93s (from 13.07s to 19.00s)
2025-07-02 16:15:33,062 - Segment 4: 5.22s (from 20.21s to 25.42s)
2025-07-02 16:15:33,072 - Segment 5: 6.49s (from 26.53s to 33.02s)
2025-07-02 16:15:33,085 - The end time of the last VOW segment is 33.016
2025-07-02 16:15:33,085 - The start time of MPT is 34.016
2025-07-02 16:15:33,141 - MPT segment: 15.41s (from 35.88s to 51.29s)
2025-07-02 16:15:33,172 - The end time of the MPT segment is 51.288
2025-07-02 16:15:33,173 - The start time of SPN/SEN is 52.288
2025-07-02 16:15:33,176 - Removing silent edges (frames) from audio_files_sync/original/1234567_4.wav
2025-07-02 16:15:33,208 - Removed silent frames at start: 53.72s (up to 53.72s)
2025-07-02 16:15:33,270 - Processing audio_files_sync/original/1234576_1.wav
2025-07-02 16:15:33,481 - Removing silent edges (frames) from audio_files_sync/original/1234576_1.wav
2025-07-02 16:15:33,560 - Removed silent frames at start: 1.13s (up to 1.13s)
2025-07-02 16:15:33,560 - Removed silent frames at end: 2.61s (starting from 69.24s)
2025-07-02 16:15:33,641 - Segment 1: 2.09s (from 1.34s to 3.43s)
2025-07-02 16:15:33,645 - Segment 2: 2.46s (from 5.02s to 7.47s)
2025-07-02 16:15:33,653 - Segment 3: 2.40s (from 8.87s to 11.27s)
2025-07-02 16:15:33,657 - Segment 4: 3.00s (from 12.25s to 15.25s)
2025-07-02 16:15:33,663 - Segment 5: 2.62s (from 16.27s to 18.89s)
2025-07-02 16:15:33,669 - The end time of the last VOW segment is 18.888
2025-07-02 16:15:33,669 - The start time of MPT is 19.888
2025-07-02 16:15:33,718 - MPT segment: 9.06s (from 24.76s to 33.82s)
2025-07-02 16:15:33,736 - The end time of the MPT segment is 33.824
2025-07-02 16:15:33,736 - The start time of SPN/SEN is 34.824
2025-07-02 16:15:33,739 - Removing silent edges (frames) from audio_files_sync/original/1234576_1.wav
2025-07-02 16:15:33,770 - Removed silent frames at start: 39.39s (up to 39.39s)
2025-07-02 16:15:33,828 - Processing audio_files_sync/original/1234568_1.wav
2025-07-02 16:15:34,035 - Removing silent edges (frames) from audio_files_sync/original/1234568_1.wav
2025-07-02 16:15:34,107 - Removed silent frames at start: 6.55s (up to 6.55s)
2025-07-02 16:15:34,107 - Removed silent frames at end: 2.90s (starting from 84.29s)
2025-07-02 16:15:34,185 - Segment 1: 5.16s (from 0.10s to 5.26s)
2025-07-02 16:15:34,193 - Segment 2: 5.50s (from 6.73s to 12.22s)
2025-07-02 16:15:34,202 - Segment 3: 3.91s (from 13.63s to 17.54s)
2025-07-02 16:15:34,208 - Segment 4: 3.58s (from 18.63s to 22.22s)
2025-07-02 16:15:34,218 - Segment 5: 3.85s (from 23.16s to 27.01s)
2025-07-02 16:15:34,224 - The end time of the last VOW segment is 27.008
2025-07-02 16:15:34,224 - The start time of MPT is 28.008
2025-07-02 16:15:34,268 - MPT segment: 10.18s (from 33.67s to 43.85s)
2025-07-02 16:15:34,286 - The end time of the MPT segment is 43.848
2025-07-02 16:15:34,286 - The start time of SPN/SEN is 44.848
2025-07-02 16:15:34,291 - Removing silent edges (frames) from audio_files_sync/original/1234568_1.wav
2025-07-02 16:15:34,318 - Removed silent frames at start: 49.81s (up to 49.81s)
2025-07-02 16:15:34,368 - Processing audio_files_sync/original/1234572_1.wav
2025-07-02 16:15:34,573 - Removing silent edges (frames) from audio_files_sync/original/1234572_1.wav
2025-07-02 16:15:34,653 - Removed silent frames at start: 1.40s (up to 1.40s)
2025-07-02 16:15:34,653 - Removed silent frames at end: 2.52s (starting from 83.95s)
2025-07-02 16:15:34,737 - Segment 1: 3.23s (from 0.10s to 3.34s)
2025-07-02 16:15:34,744 - Segment 2: 3.58s (from 4.24s to 7.82s)
2025-07-02 16:15:34,750 - Segment 3: 3.85s (from 8.56s to 12.41s)
2025-07-02 16:15:34,757 - Segment 4: 4.06s (from 13.14s to 17.19s)
2025-07-02 16:15:34,765 - Segment 5: 3.59s (from 17.84s to 21.43s)
2025-07-02 16:15:34,772 - The end time of the last VOW segment is 21.432000000000002
2025-07-02 16:15:34,772 - The start time of MPT is 22.432000000000002
2025-07-02 16:15:34,831 - MPT segment: 18.69s (from 28.43s to 47.12s)
2025-07-02 16:15:34,864 - The end time of the MPT segment is 47.120000000000005
2025-07-02 16:15:34,864 - The start time of SPN/SEN is 48.120000000000005
2025-07-02 16:15:34,869 - Removing silent edges (frames) from audio_files_sync/original/1234572_1.wav
2025-07-02 16:15:34,898 - Removed silent frames at start: 48.21s (up to 48.21s)
2025-07-02 16:15:34,898 - Removed silent frames at end: 0.00s (starting from 82.54s)
2025-07-02 16:15:34,959 - Processing audio_files_sync/original/1234568_2.wav
2025-07-02 16:15:35,140 - Removing silent edges (frames) from audio_files_sync/original/1234568_2.wav
2025-07-02 16:15:35,202 - Removed silent frames at start: 1.54s (up to 1.54s)
2025-07-02 16:15:35,203 - Removed silent frames at end: 3.10s (starting from 72.27s)
2025-07-02 16:15:35,270 - Segment 1: 4.22s (from 0.10s to 4.32s)
2025-07-02 16:15:35,278 - Segment 2: 3.52s (from 5.31s to 8.83s)
2025-07-02 16:15:35,284 - Segment 3: 3.05s (from 9.94s to 12.99s)
2025-07-02 16:15:35,289 - Segment 4: 2.58s (from 13.71s to 16.29s)
2025-07-02 16:15:35,294 - Segment 5: 2.98s (from 17.12s to 20.10s)
2025-07-02 16:15:35,299 - The end time of the last VOW segment is 20.096
2025-07-02 16:15:35,299 - The start time of MPT is 21.096
2025-07-02 16:15:35,346 - MPT segment: 8.84s (from 26.66s to 35.50s)
2025-07-02 16:15:35,361 - The end time of the MPT segment is 35.504
2025-07-02 16:15:35,361 - The start time of SPN/SEN is 36.504
2025-07-02 16:15:35,365 - Removing silent edges (frames) from audio_files_sync/original/1234568_2.wav
2025-07-02 16:15:35,394 - Removed silent frames at start: 40.22s (up to 40.22s)
2025-07-02 16:15:35,448 - Processing audio_files_sync/original/1234576_2.wav
2025-07-02 16:15:35,619 - Removing silent edges (frames) from audio_files_sync/original/1234576_2.wav
2025-07-02 16:15:35,680 - Removed silent frames at start: 2.03s (up to 2.03s)
2025-07-02 16:15:35,680 - Removed silent frames at end: 3.45s (starting from 71.15s)
2025-07-02 16:15:35,740 - Segment 1: 2.67s (from 0.10s to 2.78s)
2025-07-02 16:15:35,744 - Segment 2: 2.95s (from 4.06s to 7.02s)
2025-07-02 16:15:35,749 - Segment 3: 2.42s (from 8.39s to 10.82s)
2025-07-02 16:15:35,754 - Segment 4: 2.53s (from 11.94s to 14.46s)
2025-07-02 16:15:35,759 - Segment 5: 2.70s (from 15.42s to 18.11s)
2025-07-02 16:15:35,763 - The end time of the last VOW segment is 18.112000000000002
2025-07-02 16:15:35,764 - The start time of MPT is 19.112000000000002
2025-07-02 16:15:35,824 - MPT segment: 7.14s (from 24.15s to 31.30s)
2025-07-02 16:15:35,836 - The end time of the MPT segment is 31.296000000000003
2025-07-02 16:15:35,836 - The start time of SPN/SEN is 32.29600000000001
2025-07-02 16:15:35,840 - Removing silent edges (frames) from audio_files_sync/original/1234576_2.wav
2025-07-02 16:15:35,871 - Removed silent frames at start: 32.49s (up to 32.49s)
2025-07-02 16:15:35,882 - Processing audio_files_sync/original/1234572_2.wav
2025-07-02 16:15:36,102 - Removing silent edges (frames) from audio_files_sync/original/1234572_2.wav
2025-07-02 16:15:36,191 - Removed silent frames at start: 1.05s (up to 1.05s)
2025-07-02 16:15:36,191 - Removed silent frames at end: 2.00s (starting from 105.16s)
2025-07-02 16:15:36,303 - Segment 1: 3.81s (from 0.10s to 3.91s)
2025-07-02 16:15:36,309 - Segment 2: 4.10s (from 4.46s to 8.57s)
2025-07-02 16:15:36,316 - Segment 3: 4.09s (from 9.09s to 13.18s)
2025-07-02 16:15:36,322 - Segment 4: 3.94s (from 13.94s to 17.87s)
2025-07-02 16:15:36,329 - Segment 5: 3.90s (from 18.59s to 22.49s)
2025-07-02 16:15:36,335 - The end time of the last VOW segment is 22.488000000000007
2025-07-02 16:15:36,335 - The start time of MPT is 23.488000000000007
2025-07-02 16:15:36,406 - MPT segment: 25.75s (from 31.98s to 57.73s)
2025-07-02 16:15:36,446 - The end time of the MPT segment is 57.72800000000001
2025-07-02 16:15:36,446 - The start time of SPN/SEN is 58.72800000000001
2025-07-02 16:15:36,453 - Removing silent edges (frames) from audio_files_sync/original/1234572_2.wav
2025-07-02 16:15:36,492 - Removed silent frames at start: 67.98s (up to 67.98s)
2025-07-02 16:15:36,492 - Removed silent frames at end: 0.00s (starting from 104.10s)
2025-07-02 16:15:36,553 - Processing audio_files_sync/original/1234571_1.wav
2025-07-02 16:15:36,792 - Removing silent edges (frames) from audio_files_sync/original/1234571_1.wav
2025-07-02 16:15:36,869 - Removed silent frames at start: 1.03s (up to 1.03s)
2025-07-02 16:15:36,956 - Segment 1: 3.54s (from 0.10s to 3.64s)
2025-07-02 16:15:36,962 - Segment 2: 3.34s (from 4.33s to 7.67s)
2025-07-02 16:15:36,968 - Segment 3: 2.99s (from 8.47s to 11.46s)
2025-07-02 16:15:36,973 - Segment 4: 3.27s (from 12.20s to 15.47s)
2025-07-02 16:15:36,979 - Segment 5: 3.63s (from 16.04s to 19.67s)
2025-07-02 16:15:36,987 - The end time of the last VOW segment is 19.66733333333334
2025-07-02 16:15:36,987 - The start time of MPT is 20.66733333333334
2025-07-02 16:15:37,051 - MPT segment: 18.96s (from 24.57s to 43.53s)
2025-07-02 16:15:37,085 - The end time of the MPT segment is 43.531333333333336
2025-07-02 16:15:37,086 - The start time of SPN/SEN is 44.531333333333336
2025-07-02 16:15:37,089 - Removing silent edges (frames) from audio_files_sync/original/1234571_1.wav
2025-07-02 16:15:37,123 - Removed silent frames at start: 48.77s (up to 48.77s)
2025-07-02 16:15:37,181 - Processing audio_files_sync/original/1234569_2.wav
2025-07-02 16:15:37,492 - Removing silent edges (frames) from audio_files_sync/original/1234569_2.wav
2025-07-02 16:15:37,587 - Removed silent frames at start: 1.89s (up to 1.89s)
2025-07-02 16:15:37,587 - Removed silent frames at end: 5.36s (starting from 84.03s)
2025-07-02 16:15:37,689 - Segment 1: 3.17s (from 0.10s to 3.27s)
2025-07-02 16:15:37,696 - Segment 2: 3.59s (from 4.74s to 8.34s)
2025-07-02 16:15:37,706 - Segment 3: 4.04s (from 9.87s to 13.91s)
2025-07-02 16:15:37,714 - Segment 4: 3.99s (from 15.53s to 19.52s)
2025-07-02 16:15:37,723 - Segment 5: 3.82s (from 20.93s to 24.74s)
2025-07-02 16:15:37,732 - The end time of the last VOW segment is 24.743999999999993
2025-07-02 16:15:37,732 - The start time of MPT is 25.743999999999993
2025-07-02 16:15:37,793 - MPT segment: 16.28s (from 30.50s to 46.78s)
2025-07-02 16:15:37,828 - The end time of the MPT segment is 46.775999999999996
2025-07-02 16:15:37,828 - The start time of SPN/SEN is 47.775999999999996
2025-07-02 16:15:37,831 - Removing silent edges (frames) from audio_files_sync/original/1234569_2.wav
2025-07-02 16:15:37,865 - Removed silent frames at start: 52.46s (up to 52.46s)
2025-07-02 16:15:37,865 - Removed silent frames at end: 0.00s (starting from 82.14s)
2025-07-02 16:15:37,934 - Processing audio_files_sync/original/1234574_4.wav
2025-07-02 16:15:38,202 - Removing silent edges (frames) from audio_files_sync/original/1234574_4.wav
2025-07-02 16:15:38,277 - Removed silent frames at start: 1.52s (up to 1.52s)
2025-07-02 16:15:38,277 - Removed silent frames at end: 4.94s (starting from 77.00s)
2025-07-02 16:15:38,366 - Segment 1: 2.88s (from 0.10s to 2.98s)
2025-07-02 16:15:38,377 - Segment 2: 2.72s (from 3.65s to 6.37s)
2025-07-02 16:15:38,384 - Segment 3: 2.30s (from 7.30s to 9.60s)
2025-07-02 16:15:38,390 - Segment 4: 2.04s (from 10.54s to 12.58s)
2025-07-02 16:15:38,396 - Segment 5: 1.99s (from 13.42s to 15.42s)
2025-07-02 16:15:38,401 - The end time of the last VOW segment is 15.415999999999999
2025-07-02 16:15:38,401 - The start time of MPT is 16.415999999999997
2025-07-02 16:15:38,459 - MPT segment: 5.55s (from 22.66s to 28.22s)
2025-07-02 16:15:38,470 - The end time of the MPT segment is 28.215999999999998
2025-07-02 16:15:38,470 - The start time of SPN/SEN is 29.215999999999998
2025-07-02 16:15:38,474 - Removing silent edges (frames) from audio_files_sync/original/1234574_4.wav
2025-07-02 16:15:38,518 - Removed silent frames at start: 32.78s (up to 32.78s)
2025-07-02 16:15:38,553 - Processing audio_files_sync/original/1234568_3.wav
2025-07-02 16:15:38,750 - Removing silent edges (frames) from audio_files_sync/original/1234568_3.wav
2025-07-02 16:15:38,818 - Removed silent frames at start: 1.88s (up to 1.88s)
2025-07-02 16:15:38,818 - Removed silent frames at end: 3.61s (starting from 76.89s)
2025-07-02 16:15:38,885 - Segment 1: 3.34s (from 0.10s to 3.44s)
2025-07-02 16:15:38,891 - Segment 2: 3.19s (from 4.59s to 7.78s)
2025-07-02 16:15:38,896 - Segment 3: 2.47s (from 8.91s to 11.38s)
2025-07-02 16:15:38,901 - Segment 4: 2.48s (from 12.38s to 14.86s)
2025-07-02 16:15:38,905 - Segment 5: 2.59s (from 15.94s to 18.54s)
2025-07-02 16:15:38,910 - The end time of the last VOW segment is 18.536
2025-07-02 16:15:38,910 - The start time of MPT is 19.536
2025-07-02 16:15:38,959 - MPT segment: 9.91s (from 25.86s to 35.78s)
2025-07-02 16:15:38,974 - The end time of the MPT segment is 35.776
2025-07-02 16:15:38,975 - The start time of SPN/SEN is 36.776
2025-07-02 16:15:38,978 - Removing silent edges (frames) from audio_files_sync/original/1234568_3.wav
2025-07-02 16:15:39,009 - Removed silent frames at start: 41.22s (up to 41.22s)
2025-07-02 16:15:39,009 - Removed silent frames at end: 0.00s (starting from 75.00s)
2025-07-02 16:15:39,076 - Processing audio_files_sync/original/1234577_2.wav
2025-07-02 16:15:39,132 - Removing silent edges (frames) from audio_files_sync/original/1234577_2.wav
2025-07-02 16:15:39,151 - Removed silent frames at start: 0.08s (up to 0.08s)
2025-07-02 16:15:39,151 - Removed silent frames at end: 4.12s (starting from 20.00s)
2025-07-02 16:15:39,168 - Segment 1: 4.31s (from 1.40s to 5.72s)
2025-07-02 16:15:39,176 - Segment 2: 1.20s (from 6.83s to 8.03s)
2025-07-02 16:15:39,178 - Segment 3: 1.21s (from 8.57s to 9.78s)
2025-07-02 16:15:39,181 - Segment 4: 2.26s (from 10.25s to 12.52s)
2025-07-02 16:15:39,184 - Segment 5: 2.58s (from 12.91s to 15.49s)
2025-07-02 16:15:39,188 - The end time of the last VOW segment is 15.491999999999997
2025-07-02 16:15:39,188 - The start time of MPT is 16.491999999999997
2025-07-02 16:15:39,191 - MPT segment: 2.06s (from 16.49s to 18.56s)
2025-07-02 16:15:39,195 - The end time of the MPT segment is 18.555999999999997
2025-07-02 16:15:39,195 - The start time of SPN/SEN is 19.555999999999997
2025-07-02 16:15:39,195 - Removing silent edges (frames) from audio_files_sync/original/1234577_2.wav
2025-07-02 16:15:39,195 - Removed silent frames at start: 19.49s (up to 19.49s)
2025-07-02 16:15:39,196 - Processing audio_files_sync/original/1234573_1.wav
2025-07-02 16:15:39,462 - Removing silent edges (frames) from audio_files_sync/original/1234573_1.wav
2025-07-02 16:15:39,550 - Removed silent frames at start: 6.40s (up to 6.40s)
2025-07-02 16:15:39,550 - Removed silent frames at end: 3.95s (starting from 99.99s)
2025-07-02 16:15:39,663 - Segment 1: 4.70s (from 0.10s to 4.80s)
2025-07-02 16:15:39,674 - Segment 2: 4.36s (from 5.98s to 10.34s)
2025-07-02 16:15:39,686 - Segment 3: 4.02s (from 11.65s to 15.66s)
2025-07-02 16:15:39,694 - Segment 4: 4.04s (from 17.14s to 21.18s)
2025-07-02 16:15:39,701 - Segment 5: 4.79s (from 22.49s to 27.28s)
2025-07-02 16:15:39,708 - The end time of the last VOW segment is 27.28
2025-07-02 16:15:39,708 - The start time of MPT is 28.28
2025-07-02 16:15:39,772 - MPT segment: 10.60s (from 35.81s to 46.41s)
2025-07-02 16:15:39,790 - The end time of the MPT segment is 46.408
2025-07-02 16:15:39,790 - The start time of SPN/SEN is 47.408
2025-07-02 16:15:39,796 - Removing silent edges (frames) from audio_files_sync/original/1234573_1.wav
2025-07-02 16:15:39,835 - Removed silent frames at start: 52.96s (up to 52.96s)
2025-07-02 16:15:39,900 - Processing audio_files_sync/original/1234571_4.wav
2025-07-02 16:15:40,095 - Removing silent edges (frames) from audio_files_sync/original/1234571_4.wav
2025-07-02 16:15:40,162 - Removed silent frames at start: 2.28s (up to 2.28s)
2025-07-02 16:15:40,162 - Removed silent frames at end: 2.85s (starting from 79.77s)
2025-07-02 16:15:40,232 - Segment 1: 3.95s (from 0.10s to 4.06s)
2025-07-02 16:15:40,242 - Segment 2: 3.74s (from 5.04s to 8.78s)
2025-07-02 16:15:40,248 - Segment 3: 4.06s (from 9.75s to 13.82s)
2025-07-02 16:15:40,254 - Segment 4: 3.92s (from 14.40s to 18.32s)
2025-07-02 16:15:40,260 - Segment 5: 3.85s (from 18.88s to 22.73s)
2025-07-02 16:15:40,266 - The end time of the last VOW segment is 22.728
2025-07-02 16:15:40,266 - The start time of MPT is 23.728
2025-07-02 16:15:40,314 - MPT segment: 12.73s (from 25.55s to 38.28s)
2025-07-02 16:15:40,336 - The end time of the MPT segment is 38.28
2025-07-02 16:15:40,336 - The start time of SPN/SEN is 39.28
2025-07-02 16:15:40,340 - Removing silent edges (frames) from audio_files_sync/original/1234571_4.wav
2025-07-02 16:15:40,371 - Removed silent frames at start: 40.65s (up to 40.65s)
2025-07-02 16:15:40,431 - Processing audio_files_sync/original/1234571_3.wav
2025-07-02 16:15:40,635 - Removing silent edges (frames) from audio_files_sync/original/1234571_3.wav
2025-07-02 16:15:40,709 - Removed silent frames at start: 1.18s (up to 1.18s)
2025-07-02 16:15:40,709 - Removed silent frames at end: 0.64s (starting from 83.29s)
2025-07-02 16:15:40,789 - Segment 1: 3.19s (from 0.10s to 3.29s)
2025-07-02 16:15:40,795 - Segment 2: 4.03s (from 4.20s to 8.23s)
2025-07-02 16:15:40,802 - Segment 3: 3.72s (from 9.54s to 13.26s)
2025-07-02 16:15:40,808 - Segment 4: 2.94s (from 14.31s to 17.26s)
2025-07-02 16:15:40,813 - Segment 5: 3.53s (from 18.25s to 21.78s)
2025-07-02 16:15:40,820 - The end time of the last VOW segment is 21.776000000000007
2025-07-02 16:15:40,820 - The start time of MPT is 22.776000000000007
2025-07-02 16:15:40,874 - MPT segment: 14.39s (from 26.07s to 40.46s)
2025-07-02 16:15:40,898 - The end time of the MPT segment is 40.464000000000006
2025-07-02 16:15:40,898 - The start time of SPN/SEN is 41.464000000000006
2025-07-02 16:15:40,903 - Removing silent edges (frames) from audio_files_sync/original/1234571_3.wav
2025-07-02 16:15:40,937 - Removed silent frames at start: 45.08s (up to 45.08s)
2025-07-02 16:15:40,999 - Processing audio_files_sync/original/1234567_3.wav
2025-07-02 16:15:41,242 - Removing silent edges (frames) from audio_files_sync/original/1234567_3.wav
2025-07-02 16:15:41,330 - Removed silent frames at start: 1.55s (up to 1.55s)
2025-07-02 16:15:41,330 - Removed silent frames at end: 6.90s (starting from 89.87s)
2025-07-02 16:15:41,439 - Segment 1: 4.69s (from 0.10s to 4.78s)
2025-07-02 16:15:41,447 - Segment 2: 5.51s (from 5.57s to 11.08s)
2025-07-02 16:15:41,457 - Segment 3: 5.50s (from 11.95s to 17.45s)
2025-07-02 16:15:41,466 - Segment 4: 5.45s (from 18.21s to 23.66s)
2025-07-02 16:15:41,477 - Segment 5: 5.63s (from 24.53s to 30.16s)
2025-07-02 16:15:41,487 - The end time of the last VOW segment is 30.16
2025-07-02 16:15:41,487 - The start time of MPT is 31.16
2025-07-02 16:15:41,539 - MPT segment: 11.78s (from 37.69s to 49.46s)
2025-07-02 16:15:41,557 - The end time of the MPT segment is 49.464
2025-07-02 16:15:41,557 - The start time of SPN/SEN is 50.464
2025-07-02 16:15:41,560 - Removing silent edges (frames) from audio_files_sync/original/1234567_3.wav
2025-07-02 16:15:41,590 - Removed silent frames at start: 53.96s (up to 53.96s)
2025-07-02 16:15:41,590 - Removed silent frames at end: 0.00s (starting from 88.32s)
2025-07-02 16:15:41,648 - Processing audio_files_sync/original/1234577_3.wav
2025-07-02 16:15:41,837 - Removing silent edges (frames) from audio_files_sync/original/1234577_3.wav
2025-07-02 16:15:41,907 - Removed silent frames at start: 0.10s (up to 0.10s)
2025-07-02 16:15:41,907 - Removed silent frames at end: 3.79s (starting from 80.20s)
2025-07-02 16:15:41,986 - Segment 1: 3.99s (from 1.55s to 5.54s)
2025-07-02 16:15:41,993 - Segment 2: 3.30s (from 6.96s to 10.26s)
2025-07-02 16:15:41,998 - Segment 3: 3.06s (from 11.50s to 14.56s)
2025-07-02 16:15:42,003 - Segment 4: 2.70s (from 15.73s to 18.43s)
2025-07-02 16:15:42,008 - Segment 5: 2.96s (from 19.49s to 22.45s)
2025-07-02 16:15:42,012 - The end time of the last VOW segment is 22.448
2025-07-02 16:15:42,012 - The start time of MPT is 23.448
2025-07-02 16:15:42,062 - MPT segment: 19.63s (from 26.85s to 46.48s)
2025-07-02 16:15:42,095 - The end time of the MPT segment is 46.480000000000004
2025-07-02 16:15:42,095 - The start time of SPN/SEN is 47.480000000000004
2025-07-02 16:15:42,098 - Removing silent edges (frames) from audio_files_sync/original/1234577_3.wav
2025-07-02 16:15:42,125 - Removed silent frames at start: 51.14s (up to 51.14s)
2025-07-02 16:15:42,175 - Processing audio_files_sync/original/1234573_3.wav
2025-07-02 16:15:42,527 - Removing silent edges (frames) from audio_files_sync/original/1234573_3.wav
2025-07-02 16:15:42,604 - Removed silent frames at start: 2.02s (up to 2.02s)
2025-07-02 16:15:42,604 - Removed silent frames at end: 5.29s (starting from 85.10s)
2025-07-02 16:15:42,700 - Segment 1: 4.22s (from 0.10s to 4.33s)
2025-07-02 16:15:42,708 - Segment 2: 4.34s (from 5.94s to 10.28s)
2025-07-02 16:15:42,716 - Segment 3: 3.68s (from 11.71s to 15.39s)
2025-07-02 16:15:42,722 - Segment 4: 3.81s (from 17.14s to 20.95s)
2025-07-02 16:15:42,729 - Segment 5: 4.26s (from 22.26s to 26.53s)
2025-07-02 16:15:42,737 - The end time of the last VOW segment is 26.52800000000001
2025-07-02 16:15:42,737 - The start time of MPT is 27.52800000000001
2025-07-02 16:15:42,788 - MPT segment: 8.71s (from 33.79s to 42.50s)
2025-07-02 16:15:42,804 - The end time of the MPT segment is 42.50400000000001
2025-07-02 16:15:42,804 - The start time of SPN/SEN is 43.50400000000001
2025-07-02 16:15:42,809 - Removing silent edges (frames) from audio_files_sync/original/1234573_3.wav
2025-07-02 16:15:42,842 - Removed silent frames at start: 49.07s (up to 49.07s)
2025-07-02 16:15:42,912 - Processing audio_files_sync/original/1234578_2.wav
2025-07-02 16:15:43,237 - Removing silent edges (frames) from audio_files_sync/original/1234578_2.wav
2025-07-02 16:15:43,317 - Removed silent frames at start: 1.13s (up to 1.13s)
2025-07-02 16:15:43,318 - Removed silent frames at end: 3.54s (starting from 89.30s)
2025-07-02 16:15:43,465 - Segment 1: 4.19s (from 0.10s to 4.30s)
2025-07-02 16:15:43,476 - Segment 2: 4.44s (from 5.14s to 9.58s)
2025-07-02 16:15:43,483 - Segment 3: 3.10s (from 10.10s to 13.20s)
2025-07-02 16:15:43,488 - Segment 4: 3.42s (from 14.11s to 17.54s)
2025-07-02 16:15:43,493 - Segment 5: 4.39s (from 18.31s to 22.70s)
2025-07-02 16:15:43,500 - The end time of the last VOW segment is 22.704000000000008
2025-07-02 16:15:43,500 - The start time of MPT is 23.704000000000008
2025-07-02 16:15:43,565 - MPT segment: 17.76s (from 26.63s to 44.39s)
2025-07-02 16:15:43,599 - The end time of the MPT segment is 44.39200000000001
2025-07-02 16:15:43,599 - The start time of SPN/SEN is 45.39200000000001
2025-07-02 16:15:43,607 - Removing silent edges (frames) from audio_files_sync/original/1234578_2.wav
2025-07-02 16:15:43,641 - Removed silent frames at start: 49.42s (up to 49.42s)
2025-07-02 16:15:43,641 - Removed silent frames at end: 0.00s (starting from 88.17s)
2025-07-02 16:15:43,701 - Processing audio_files_sync/original/1234573_2.wav
2025-07-02 16:15:44,027 - Removing silent edges (frames) from audio_files_sync/original/1234573_2.wav
2025-07-02 16:15:44,101 - Removed silent frames at start: 2.74s (up to 2.74s)
2025-07-02 16:15:44,101 - Removed silent frames at end: 1.84s (starting from 89.81s)
2025-07-02 16:15:44,230 - Segment 1: 4.30s (from 0.10s to 4.41s)
2025-07-02 16:15:44,238 - Segment 2: 4.07s (from 5.78s to 9.86s)
2025-07-02 16:15:44,244 - Segment 3: 3.79s (from 11.26s to 15.06s)
2025-07-02 16:15:44,250 - Segment 4: 4.76s (from 16.84s to 21.60s)
2025-07-02 16:15:44,257 - Segment 5: 5.58s (from 23.75s to 29.34s)
2025-07-02 16:15:44,266 - The end time of the last VOW segment is 29.336000000000002
2025-07-02 16:15:44,266 - The start time of MPT is 30.336000000000002
2025-07-02 16:15:44,315 - MPT segment: 10.02s (from 34.39s to 44.42s)
2025-07-02 16:15:44,330 - The end time of the MPT segment is 44.416000000000004
2025-07-02 16:15:44,330 - The start time of SPN/SEN is 45.416000000000004
2025-07-02 16:15:44,335 - Removing silent edges (frames) from audio_files_sync/original/1234573_2.wav
2025-07-02 16:15:44,368 - Removed silent frames at start: 50.73s (up to 50.73s)
2025-07-02 16:15:44,368 - Removed silent frames at end: 0.00s (starting from 87.07s)
2025-07-02 16:15:44,426 - Processing audio_files_sync/original/1234567_5.wav
2025-07-02 16:15:44,714 - Removing silent edges (frames) from audio_files_sync/original/1234567_5.wav
2025-07-02 16:15:44,809 - Removed silent frames at start: 1.22s (up to 1.22s)
2025-07-02 16:15:44,809 - Removed silent frames at end: 0.88s (starting from 85.64s)
2025-07-02 16:15:44,954 - Segment 1: 4.26s (from 0.10s to 4.36s)
2025-07-02 16:15:44,962 - Segment 2: 5.62s (from 4.91s to 10.53s)
2025-07-02 16:15:44,974 - Segment 3: 4.81s (from 11.14s to 15.95s)
2025-07-02 16:15:44,983 - Segment 4: 5.23s (from 16.82s to 22.05s)
2025-07-02 16:15:44,994 - Segment 5: 5.28s (from 22.78s to 28.06s)
2025-07-02 16:15:45,004 - The end time of the last VOW segment is 28.056000000000008
2025-07-02 16:15:45,004 - The start time of MPT is 29.056000000000008
2025-07-02 16:15:45,062 - MPT segment: 16.43s (from 31.33s to 47.76s)
2025-07-02 16:15:45,093 - The end time of the MPT segment is 47.760000000000005
2025-07-02 16:15:45,094 - The start time of SPN/SEN is 48.760000000000005
2025-07-02 16:15:45,097 - Removing silent edges (frames) from audio_files_sync/original/1234567_5.wav
2025-07-02 16:15:45,130 - Removed silent frames at start: 49.73s (up to 49.73s)
2025-07-02 16:15:45,130 - Removed silent frames at end: 0.00s (starting from 84.42s)
2025-07-02 16:15:45,198 - Processing audio_files_sync/original/1234578_1.wav
2025-07-02 16:15:45,604 - Removing silent edges (frames) from audio_files_sync/original/1234578_1.wav
2025-07-02 16:15:45,692 - Removed silent frames at start: 1.88s (up to 1.88s)
2025-07-02 16:15:45,692 - Removed silent frames at end: 2.80s (starting from 89.47s)
2025-07-02 16:15:45,812 - Segment 1: 2.29s (from 0.10s to 2.39s)
2025-07-02 16:15:45,817 - Segment 2: 2.25s (from 3.74s to 5.98s)
2025-07-02 16:15:45,822 - Segment 3: 1.67s (from 6.95s to 8.62s)
2025-07-02 16:15:45,825 - Segment 4: 2.29s (from 9.75s to 12.04s)
2025-07-02 16:15:45,829 - Segment 5: 2.41s (from 13.36s to 15.77s)
2025-07-02 16:15:45,833 - The end time of the last VOW segment is 15.767999999999999
2025-07-02 16:15:45,834 - The start time of MPT is 16.768
2025-07-02 16:15:45,901 - MPT segment: 14.99s (from 20.98s to 35.98s)
2025-07-02 16:15:45,925 - The end time of the MPT segment is 35.976
2025-07-02 16:15:45,925 - The start time of SPN/SEN is 36.976
2025-07-02 16:15:45,929 - Removing silent edges (frames) from audio_files_sync/original/1234578_1.wav
2025-07-02 16:15:45,973 - Removed silent frames at start: 41.72s (up to 41.72s)
2025-07-02 16:15:45,990 - Processing audio_files_sync/original/1234567_2.wav
2025-07-02 16:15:46,294 - Removing silent edges (frames) from audio_files_sync/original/1234567_2.wav
2025-07-02 16:15:46,372 - Removed silent frames at start: 8.02s (up to 8.02s)
2025-07-02 16:15:46,372 - Removed silent frames at end: 0.84s (starting from 86.22s)
2025-07-02 16:15:46,447 - Segment 1: 4.77s (from 0.10s to 4.87s)
2025-07-02 16:15:46,455 - Segment 2: 5.70s (from 5.48s to 11.18s)
2025-07-02 16:15:46,465 - Segment 3: 4.90s (from 11.85s to 16.74s)
2025-07-02 16:15:46,473 - Segment 4: 4.99s (from 17.37s to 22.36s)
2025-07-02 16:15:46,481 - Segment 5: 5.84s (from 23.20s to 29.04s)
2025-07-02 16:15:46,492 - The end time of the last VOW segment is 29.04
2025-07-02 16:15:46,492 - The start time of MPT is 30.04
2025-07-02 16:15:46,548 - MPT segment: 13.13s (from 31.01s to 44.14s)
2025-07-02 16:15:46,572 - The end time of the MPT segment is 44.135999999999996
2025-07-02 16:15:46,572 - The start time of SPN/SEN is 45.135999999999996
2025-07-02 16:15:46,575 - Removing silent edges (frames) from audio_files_sync/original/1234567_2.wav
2025-07-02 16:15:46,607 - Removed silent frames at start: 46.88s (up to 46.88s)
2025-07-02 16:15:46,670 - Processing audio_files_sync/original/1234572_3.wav
2025-07-02 16:15:47,152 - Removing silent edges (frames) from audio_files_sync/original/1234572_3.wav
2025-07-02 16:15:47,268 - Removed silent frames at start: 1.37s (up to 1.37s)
2025-07-02 16:15:47,268 - Removed silent frames at end: 3.87s (starting from 106.25s)
2025-07-02 16:15:47,462 - Segment 1: 3.70s (from 0.10s to 3.80s)
2025-07-02 16:15:47,469 - Segment 2: 3.96s (from 4.43s to 8.39s)
2025-07-02 16:15:47,478 - Segment 3: 4.02s (from 9.15s to 13.18s)
2025-07-02 16:15:47,486 - Segment 4: 4.33s (from 13.92s to 18.25s)
2025-07-02 16:15:47,495 - Segment 5: 4.39s (from 18.86s to 23.26s)
2025-07-02 16:15:47,504 - The end time of the last VOW segment is 23.256000000000007
2025-07-02 16:15:47,504 - The start time of MPT is 24.256000000000007
2025-07-02 16:15:47,592 - MPT segment: 28.84s (from 32.14s to 60.98s)
2025-07-02 16:15:47,645 - The end time of the MPT segment is 60.976000000000006
2025-07-02 16:15:47,645 - The start time of SPN/SEN is 61.976000000000006
2025-07-02 16:15:47,649 - Removing silent edges (frames) from audio_files_sync/original/1234572_3.wav
2025-07-02 16:15:47,691 - Removed silent frames at start: 69.63s (up to 69.63s)
2025-07-02 16:15:47,691 - Removed silent frames at end: 0.00s (starting from 104.88s)
2025-07-02 16:15:47,766 - Processing audio_files_sync/original/1234567_1.wav
2025-07-02 16:15:48,248 - Removing silent edges (frames) from audio_files_sync/original/1234567_1.wav
2025-07-02 16:15:48,339 - Removed silent frames at start: 2.23s (up to 2.23s)
2025-07-02 16:15:48,339 - Removed silent frames at end: 0.81s (starting from 92.31s)
2025-07-02 16:15:48,448 - Segment 1: 4.66s (from 0.10s to 4.76s)
2025-07-02 16:15:48,458 - Segment 2: 5.77s (from 5.83s to 11.60s)
2025-07-02 16:15:48,470 - Segment 3: 5.88s (from 12.85s to 18.73s)
2025-07-02 16:15:48,481 - Segment 4: 5.55s (from 19.96s to 25.51s)
2025-07-02 16:15:48,491 - Segment 5: 6.37s (from 26.95s to 33.32s)
2025-07-02 16:15:48,503 - The end time of the last VOW segment is 33.32000000000001
2025-07-02 16:15:48,503 - The start time of MPT is 34.32000000000001
2025-07-02 16:15:48,560 - MPT segment: 17.18s (from 37.14s to 54.33s)
2025-07-02 16:15:48,603 - The end time of the MPT segment is 54.328
2025-07-02 16:15:48,603 - The start time of SPN/SEN is 55.328
2025-07-02 16:15:48,606 - Removing silent edges (frames) from audio_files_sync/original/1234567_1.wav
2025-07-02 16:15:48,640 - Removed silent frames at start: 57.23s (up to 57.23s)
2025-07-02 16:15:48,710 - Processing audio_files_sync/original/1234571_2.wav
2025-07-02 16:15:49,018 - Removing silent edges (frames) from audio_files_sync/original/1234571_2.wav
2025-07-02 16:15:49,098 - Removed silent frames at start: 1.25s (up to 1.25s)
2025-07-02 16:15:49,098 - Removed silent frames at end: 1.57s (starting from 72.08s)
2025-07-02 16:15:49,185 - Segment 1: 4.10s (from 0.10s to 4.21s)
2025-07-02 16:15:49,196 - Segment 2: 3.87s (from 5.04s to 8.91s)
2025-07-02 16:15:49,206 - Segment 3: 3.54s (from 9.72s to 13.26s)
2025-07-02 16:15:49,215 - Segment 4: 3.84s (from 14.08s to 17.92s)
2025-07-02 16:15:49,225 - Segment 5: 4.36s (from 18.76s to 23.12s)
2025-07-02 16:15:49,236 - The end time of the last VOW segment is 23.12
2025-07-02 16:15:49,237 - The start time of MPT is 24.12
2025-07-02 16:15:49,299 - MPT segment: 13.93s (from 25.06s to 38.99s)
2025-07-02 16:15:49,333 - The end time of the MPT segment is 38.992000000000004
2025-07-02 16:15:49,333 - The start time of SPN/SEN is 39.992000000000004
2025-07-02 16:15:49,337 - Removing silent edges (frames) from audio_files_sync/original/1234571_2.wav
2025-07-02 16:15:49,375 - Removed silent frames at start: 40.83s (up to 40.83s)
2025-07-02 16:15:49,375 - Removed silent frames at end: 0.00s (starting from 70.82s)
2025-07-02 16:15:49,460 - Processing audio_files_sync/original/1234568_4.wav
2025-07-02 16:15:49,881 - Removing silent edges (frames) from audio_files_sync/original/1234568_4.wav
2025-07-02 16:15:49,968 - Removed silent frames at start: 0.97s (up to 0.97s)
2025-07-02 16:15:49,968 - Removed silent frames at end: 4.16s (starting from 70.51s)
2025-07-02 16:15:50,057 - Segment 1: 2.56s (from 0.10s to 2.66s)
2025-07-02 16:15:50,068 - Segment 2: 2.54s (from 3.62s to 6.17s)
2025-07-02 16:15:50,078 - Segment 3: 2.20s (from 7.22s to 9.42s)
2025-07-02 16:15:50,083 - Segment 4: 2.17s (from 10.30s to 12.47s)
2025-07-02 16:15:50,089 - Segment 5: 2.38s (from 13.55s to 15.94s)
2025-07-02 16:15:50,097 - The end time of the last VOW segment is 15.936000000000005
2025-07-02 16:15:50,097 - The start time of MPT is 16.936000000000007
2025-07-02 16:15:50,167 - MPT segment: 9.74s (from 23.79s to 33.54s)
2025-07-02 16:15:50,193 - The end time of the MPT segment is 33.53600000000001
2025-07-02 16:15:50,194 - The start time of SPN/SEN is 34.53600000000001
2025-07-02 16:15:50,197 - Removing silent edges (frames) from audio_files_sync/original/1234568_4.wav
2025-07-02 16:15:50,239 - Removed silent frames at start: 36.90s (up to 36.90s)
2025-07-02 16:15:50,239 - Removed silent frames at end: 0.00s (starting from 69.53s)
2025-07-02 16:15:50,314 - Processing audio_files_sync/original/1234578_3.wav
2025-07-02 16:15:50,734 - Removing silent edges (frames) from audio_files_sync/original/1234578_3.wav
2025-07-02 16:15:50,818 - Removed silent frames at start: 1.24s (up to 1.24s)
2025-07-02 16:15:50,818 - Removed silent frames at end: 3.26s (starting from 82.95s)
2025-07-02 16:15:50,894 - Segment 1: 4.32s (from 0.10s to 4.42s)
2025-07-02 16:15:50,906 - Segment 2: 4.06s (from 5.04s to 9.10s)
2025-07-02 16:15:50,914 - Segment 3: 3.96s (from 9.94s to 13.90s)
2025-07-02 16:15:50,921 - Segment 4: 3.47s (from 14.79s to 18.26s)
2025-07-02 16:15:50,926 - Segment 5: 4.52s (from 19.38s to 23.90s)
2025-07-02 16:15:50,934 - The end time of the last VOW segment is 23.896
2025-07-02 16:15:50,934 - The start time of MPT is 24.896
2025-07-02 16:15:50,986 - MPT segment: 11.26s (from 29.61s to 40.86s)
2025-07-02 16:15:51,006 - The end time of the MPT segment is 40.864000000000004
2025-07-02 16:15:51,007 - The start time of SPN/SEN is 41.864000000000004
2025-07-02 16:15:51,010 - Removing silent edges (frames) from audio_files_sync/original/1234578_3.wav
2025-07-02 16:15:51,048 - Removed silent frames at start: 45.44s (up to 45.44s)
2025-07-02 16:15:51,113 - Processing audio_files_sync/original/1234569_1.wav
2025-07-02 16:15:51,453 - Removing silent edges (frames) from audio_files_sync/original/1234569_1.wav
2025-07-02 16:15:51,539 - Removed silent frames at start: 1.83s (up to 1.83s)
2025-07-02 16:15:51,539 - Removed silent frames at end: 5.53s (starting from 86.29s)
2025-07-02 16:15:51,663 - Segment 1: 3.30s (from 0.10s to 3.40s)
2025-07-02 16:15:51,675 - Segment 2: 3.02s (from 4.86s to 7.88s)
2025-07-02 16:15:51,682 - Segment 3: 2.95s (from 9.55s to 12.50s)
2025-07-02 16:15:51,688 - Segment 4: 3.00s (from 14.01s to 17.01s)
2025-07-02 16:15:51,695 - Segment 5: 3.39s (from 18.37s to 21.76s)
2025-07-02 16:15:51,703 - The end time of the last VOW segment is 21.76000000000001
2025-07-02 16:15:51,703 - The start time of MPT is 22.76000000000001
2025-07-02 16:15:51,772 - MPT segment: 15.25s (from 31.99s to 47.24s)
2025-07-02 16:15:51,808 - The end time of the MPT segment is 47.24000000000001
2025-07-02 16:15:51,809 - The start time of SPN/SEN is 48.24000000000001
2025-07-02 16:15:51,812 - Removing silent edges (frames) from audio_files_sync/original/1234569_1.wav
2025-07-02 16:15:51,850 - Removed silent frames at start: 50.08s (up to 50.08s)
2025-07-02 16:15:51,851 - Removed silent frames at end: 0.00s (starting from 84.45s)
2025-07-02 16:15:51,932 - Processing audio_files_sync/original/1234569_3.wav
2025-07-02 16:15:52,301 - Removing silent edges (frames) from audio_files_sync/original/1234569_3.wav
2025-07-02 16:15:52,393 - Removed silent frames at start: 1.79s (up to 1.79s)
2025-07-02 16:15:52,394 - Removed silent frames at end: 3.97s (starting from 88.53s)
2025-07-02 16:15:52,566 - Segment 1: 3.61s (from 0.10s to 3.71s)
2025-07-02 16:15:52,573 - Segment 2: 4.05s (from 5.44s to 9.49s)
2025-07-02 16:15:52,580 - Segment 3: 3.74s (from 10.71s to 14.45s)
2025-07-02 16:15:52,589 - Segment 4: 3.58s (from 15.71s to 19.30s)
2025-07-02 16:15:52,595 - Segment 5: 3.78s (from 20.77s to 24.54s)
2025-07-02 16:15:52,602 - The end time of the last VOW segment is 24.544
2025-07-02 16:15:52,603 - The start time of MPT is 25.544
2025-07-02 16:15:52,666 - MPT segment: 14.61s (from 30.68s to 45.29s)
2025-07-02 16:15:52,690 - The end time of the MPT segment is 45.288
2025-07-02 16:15:52,690 - The start time of SPN/SEN is 46.288
2025-07-02 16:15:52,694 - Removing silent edges (frames) from audio_files_sync/original/1234569_3.wav
2025-07-02 16:15:52,730 - Removed silent frames at start: 50.89s (up to 50.89s)
2025-07-02 16:15:52,730 - Removed silent frames at end: 0.00s (starting from 86.74s)
2025-07-02 16:15:52,797 - Processing audio_files_sync/original/1234574_3.wav
2025-07-02 16:15:53,133 - Removing silent edges (frames) from audio_files_sync/original/1234574_3.wav
2025-07-02 16:15:53,214 - Removed silent frames at start: 1.75s (up to 1.75s)
2025-07-02 16:15:53,214 - Removed silent frames at end: 3.92s (starting from 71.15s)
2025-07-02 16:15:53,297 - Segment 1: 2.94s (from 0.10s to 3.05s)
2025-07-02 16:15:53,304 - Segment 2: 2.81s (from 4.06s to 6.87s)
2025-07-02 16:15:53,311 - Segment 3: 2.62s (from 7.83s to 10.45s)
2025-07-02 16:15:53,320 - Segment 4: 2.52s (from 11.43s to 13.95s)
2025-07-02 16:15:53,329 - Segment 5: 2.45s (from 14.70s to 17.15s)
2025-07-02 16:15:53,340 - The end time of the last VOW segment is 17.151999999999994
2025-07-02 16:15:53,340 - The start time of MPT is 18.151999999999994
2025-07-02 16:15:53,399 - MPT segment: 5.34s (from 21.77s to 27.11s)
2025-07-02 16:15:53,420 - The end time of the MPT segment is 27.111999999999995
2025-07-02 16:15:53,420 - The start time of SPN/SEN is 28.111999999999995
2025-07-02 16:15:53,424 - Removing silent edges (frames) from audio_files_sync/original/1234574_3.wav
2025-07-02 16:15:53,466 - Removed silent frames at start: 31.68s (up to 31.68s)
2025-07-02 16:15:53,504 - Processing audio_files_sync/original/1234571_5.wav
2025-07-02 16:15:53,860 - Removing silent edges (frames) from audio_files_sync/original/1234571_5.wav
2025-07-02 16:15:53,931 - Removed silent frames at start: 0.56s (up to 0.56s)
2025-07-02 16:15:53,932 - Removed silent frames at end: 0.41s (starting from 77.92s)
2025-07-02 16:15:54,010 - Segment 1: 4.26s (from 0.10s to 4.36s)
2025-07-02 16:15:54,022 - Segment 2: 3.85s (from 5.20s to 9.05s)
2025-07-02 16:15:54,029 - Segment 3: 3.29s (from 9.97s to 13.26s)
2025-07-02 16:15:54,036 - Segment 4: 3.18s (from 14.04s to 17.22s)
2025-07-02 16:15:54,042 - Segment 5: 3.60s (from 17.85s to 21.45s)
2025-07-02 16:15:54,050 - The end time of the last VOW segment is 21.448
2025-07-02 16:15:54,050 - The start time of MPT is 22.448
2025-07-02 16:15:54,102 - MPT segment: 13.38s (from 24.18s to 37.57s)
2025-07-02 16:15:54,125 - The end time of the MPT segment is 37.568
2025-07-02 16:15:54,125 - The start time of SPN/SEN is 38.568
2025-07-02 16:15:54,128 - Removing silent edges (frames) from audio_files_sync/original/1234571_5.wav
2025-07-02 16:15:54,162 - Removed silent frames at start: 39.87s (up to 39.87s)
2025-07-02 16:15:54,234 - Finished processing.
