2025-07-02 13:32:04,841 - Script started.
2025-07-02 13:32:04,842 - Processing audio_files_sync/original/1234577_1.wav
2025-07-02 13:32:05,012 - Removing silent edges (frames) from audio_files_sync/original/1234577_1.wav
2025-07-02 13:32:05,130 - Segment 1: 3.20s (from 0.10s to 3.30s)
2025-07-02 13:32:05,135 - 3.303999999999999
2025-07-02 13:32:05,135 - Segment 2: 2.92s (from 4.19s to 7.11s)
2025-07-02 13:32:05,138 - 7.111999999999998
2025-07-02 13:32:05,138 - Segment 3: 3.01s (from 8.10s to 11.10s)
2025-07-02 13:32:05,142 - 11.104
2025-07-02 13:32:05,142 - Segment 4: 3.19s (from 12.22s to 15.42s)
2025-07-02 13:32:05,146 - 15.415999999999999
2025-07-02 13:32:05,146 - Segment 5: 3.68s (from 16.42s to 20.10s)
2025-07-02 13:32:05,150 - 20.104
2025-07-02 13:32:17,614 - Removing silent edges (frames) from audio_files_sync/original/1234577_1.wav
2025-07-02 13:32:17,773 - Processing audio_files_sync/original/1234569_4.wav
2025-07-02 13:32:18,052 - Removing silent edges (frames) from audio_files_sync/original/1234569_4.wav
2025-07-02 13:32:18,239 - Segment 1: 3.99s (from 0.10s to 4.09s)
2025-07-02 13:32:18,248 - 4.088000000000006
2025-07-02 13:32:18,248 - Segment 2: 4.08s (from 6.04s to 10.12s)
2025-07-02 13:32:18,256 - 10.120000000000006
2025-07-02 13:32:18,256 - Segment 3: 3.80s (from 11.69s to 15.49s)
2025-07-02 13:32:18,263 - 15.488000000000005
2025-07-02 13:32:18,263 - Segment 4: 4.04s (from 16.98s to 21.02s)
2025-07-02 13:32:18,271 - 21.024000000000008
2025-07-02 13:32:18,271 - Segment 5: 3.79s (from 22.27s to 26.06s)
2025-07-02 13:32:18,278 - 26.064000000000007
2025-07-02 13:32:36,078 - Removing silent edges (frames) from audio_files_sync/original/1234569_4.wav
2025-07-02 13:32:36,246 - Processing audio_files_sync/original/1234574_2.wav
2025-07-02 13:32:36,443 - Removing silent edges (frames) from audio_files_sync/original/1234574_2.wav
2025-07-02 13:32:36,564 - Segment 1: 2.57s (from 0.10s to 2.67s)
2025-07-02 13:32:36,568 - 2.6679999999999966
2025-07-02 13:32:36,568 - Segment 2: 3.24s (from 3.36s to 6.60s)
2025-07-02 13:32:36,574 - 6.5959999999999965
2025-07-02 13:32:36,574 - Segment 3: 2.15s (from 7.28s to 9.43s)
2025-07-02 13:32:36,579 - 9.427999999999995
2025-07-02 13:32:36,579 - Segment 4: 2.04s (from 10.22s to 12.26s)
2025-07-02 13:32:36,583 - 12.259999999999996
2025-07-02 13:32:36,583 - Segment 5: 1.67s (from 13.12s to 14.80s)
2025-07-02 13:32:36,587 - 14.795999999999996
2025-07-02 13:33:34,160 - Removing silent edges (frames) from audio_files_sync/original/1234574_2.wav
2025-07-02 13:33:34,277 - Processing audio_files_sync/original/1234574_1.wav
2025-07-02 13:33:34,475 - Removing silent edges (frames) from audio_files_sync/original/1234574_1.wav
2025-07-02 13:33:34,613 - Segment 1: 3.87s (from 0.10s to 3.97s)
2025-07-02 13:33:34,620 - 3.9680000000000057
2025-07-02 13:33:34,620 - Segment 2: 4.02s (from 4.58s to 8.61s)
2025-07-02 13:33:34,626 - 8.608000000000006
2025-07-02 13:33:34,626 - Segment 3: 2.96s (from 9.29s to 12.25s)
2025-07-02 13:33:34,631 - 12.248000000000006
2025-07-02 13:33:34,631 - Segment 4: 2.84s (from 13.27s to 16.11s)
2025-07-02 13:33:34,636 - 16.11200000000001
2025-07-02 13:33:34,636 - Segment 5: 2.85s (from 16.86s to 19.70s)
2025-07-02 13:33:34,641 - 19.704000000000008
