Processing vowel segments of audio_files_pre/MPT/1234572/1234572_0_MPT_1_pre.wav
Processing vowel segments of audio_files_pre/MPT/1234572/1234572_2_MPT_1_pre.wav
Processing vowel segments of audio_files_pre/MPT/1234572/1234572_2_MPT_3_pre.wav
Processing vowel segments of audio_files_pre/MPT/1234572/1234572_1_MPT_3_pre.wav
Processing vowel segments of audio_files_pre/MPT/1234572/1234572_0_MPT_2_pre.wav
Processing vowel segments of audio_files_pre/MPT/1234572/1234572_1_MPT_1_pre.wav
Processing vowel segments of audio_files_pre/MPT/1234572/1234572_2_MPT_2_pre.wav
Processing vowel segments of audio_files_pre/MPT/1234572/1234572_0_MPT_3_pre.wav
Processing vowel segments of audio_files_pre/MPT/1234572/1234572_1_MPT_2_pre.wav
Processing vowel segments of audio_files_pre/MPT/1234576/1234576_2_MPT_1_pre.wav
Processing vowel segments of audio_files_pre/MPT/1234576/1234576_0_MPT_1_pre.wav
Processing vowel segments of audio_files_pre/MPT/1234576/1234576_0_MPT_3_pre.wav
Processing vowel segments of audio_files_pre/MPT/1234576/1234576_0_MPT_2_pre.wav
Processing vowel segments of audio_files_pre/MPT/1234576/1234576_2_MPT_3_pre.wav
Processing vowel segments of audio_files_pre/MPT/1234576/1234576_2_MPT_2_pre.wav
Processing vowel segments of audio_files_pre/MPT/1234576/1234576_1_MPT_3_pre.wav
Processing vowel segments of audio_files_pre/MPT/1234576/1234576_1_MPT_2_pre.wav
Processing vowel segments of audio_files_pre/MPT/1234576/1234576_1_MPT_1_pre.wav
Processing vowel segments of audio_files_pre/MPT/1234578/1234578_0_MPT_2_pre.wav
Processing vowel segments of audio_files_pre/MPT/1234578/1234578_0_MPT_1_pre.wav
Processing vowel segments of audio_files_pre/MPT/1234578/1234578_2_MPT_3_pre.wav
Processing vowel segments of audio_files_pre/MPT/1234578/1234578_2_MPT_2_pre.wav
Processing vowel segments of audio_files_pre/MPT/1234578/1234578_0_MPT_3_pre.wav
Processing vowel segments of audio_files_pre/MPT/1234578/1234578_1_MPT_2_pre.wav
Processing vowel segments of audio_files_pre/MPT/1234578/1234578_1_MPT_1_pre.wav
Processing vowel segments of audio_files_pre/MPT/1234578/1234578_1_MPT_3_pre.wav
Processing vowel segments of audio_files_pre/MPT/1234578/1234578_2_MPT_1_pre.wav
Processing vowel segments of audio_files_pre/MPT/1234571/1234571_0_MPT_1_pre.wav
Processing vowel segments of audio_files_pre/MPT/1234571/1234571_4_MPT_2_pre.wav
Processing vowel segments of audio_files_pre/MPT/1234571/1234571_0_MPT_2_pre.wav
Processing vowel segments of audio_files_pre/MPT/1234571/1234571_1_MPT_2_pre.wav
Processing vowel segments of audio_files_pre/MPT/1234571/1234571_2_MPT_3_pre.wav
Processing vowel segments of audio_files_pre/MPT/1234571/1234571_1_MPT_1_pre.wav
Processing vowel segments of audio_files_pre/MPT/1234571/1234571_3_MPT_1_pre.wav
Processing vowel segments of audio_files_pre/MPT/1234571/1234571_4_MPT_3_pre.wav
Processing vowel segments of audio_files_pre/MPT/1234571/1234571_1_MPT_3_pre.wav
Processing vowel segments of audio_files_pre/MPT/1234571/1234571_4_MPT_1_pre.wav
Processing vowel segments of audio_files_pre/MPT/1234571/1234571_2_MPT_2_pre.wav
Processing vowel segments of audio_files_pre/MPT/1234571/1234571_0_MPT_3_pre.wav
Processing vowel segments of audio_files_pre/MPT/1234571/1234571_2_MPT_1_pre.wav
Processing vowel segments of audio_files_pre/MPT/1234571/1234571_3_MPT_2_pre.wav
Processing vowel segments of audio_files_pre/MPT/1234571/1234571_3_MPT_3_pre.wav
Processing vowel segments of audio_files_pre/MPT/1234575/1234575_0_MPT_3_pre.wav
Processing vowel segments of audio_files_pre/MPT/1234575/1234575_1_MPT_1_pre.wav
Processing vowel segments of audio_files_pre/MPT/1234575/1234575_0_MPT_2_pre.wav
Processing vowel segments of audio_files_pre/MPT/1234575/1234575_2_MPT_3_pre.wav
Processing vowel segments of audio_files_pre/MPT/1234575/1234575_2_MPT_2_pre.wav
Processing vowel segments of audio_files_pre/MPT/1234575/1234575_0_MPT_1_pre.wav
Processing vowel segments of audio_files_pre/MPT/1234575/1234575_2_MPT_1_pre.wav
Processing vowel segments of audio_files_pre/MPT/1234575/1234575_1_MPT_2_pre.wav
Processing vowel segments of audio_files_pre/MPT/1234575/1234575_1_MPT_3_pre.wav
Processing vowel segments of audio_files_pre/MPT/1234573/1234573_1_MPT_3_pre.wav
Processing vowel segments of audio_files_pre/MPT/1234573/1234573_0_MPT_3_pre.wav
Processing vowel segments of audio_files_pre/MPT/1234573/1234573_2_MPT_3_pre.wav
Processing vowel segments of audio_files_pre/MPT/1234573/1234573_1_MPT_1_pre.wav
Processing vowel segments of audio_files_pre/MPT/1234573/1234573_0_MPT_1_pre.wav
Processing vowel segments of audio_files_pre/MPT/1234573/1234573_2_MPT_2_pre.wav
Processing vowel segments of audio_files_pre/MPT/1234573/1234573_1_MPT_2_pre.wav
Processing vowel segments of audio_files_pre/MPT/1234573/1234573_0_MPT_2_pre.wav
Processing vowel segments of audio_files_pre/MPT/1234573/1234573_2_MPT_1_pre.wav
Processing vowel segments of audio_files_pre/MPT/1234577/1234577_1_MPT_3_pre.wav
Processing vowel segments of audio_files_pre/MPT/1234577/1234577_0_MPT_2_pre.wav
Processing vowel segments of audio_files_pre/MPT/1234577/1234577_1_MPT_2_pre.wav
Processing vowel segments of audio_files_pre/MPT/1234577/1234577_0_MPT_1_pre.wav
Processing vowel segments of audio_files_pre/MPT/1234577/1234577_2_MPT_2_pre.wav
Processing vowel segments of audio_files_pre/MPT/1234577/1234577_2_MPT_3_pre.wav
Processing vowel segments of audio_files_pre/MPT/1234577/1234577_0_MPT_3_pre.wav
Processing vowel segments of audio_files_pre/MPT/1234577/1234577_2_MPT_1_pre.wav
Processing vowel segments of audio_files_pre/MPT/1234577/1234577_1_MPT_1_pre.wav
Processing vowel segments of audio_files_pre/MPT/1234570/1234570_2_MPT_2_pre.wav
Processing vowel segments of audio_files_pre/MPT/1234570/1234570_1_MPT_1_pre.wav
Processing vowel segments of audio_files_pre/MPT/1234570/1234570_1_MPT_2_pre.wav
Processing vowel segments of audio_files_pre/MPT/1234570/1234570_1_MPT_3_pre.wav
Processing vowel segments of audio_files_pre/MPT/1234570/1234570_2_MPT_3_pre.wav
Processing vowel segments of audio_files_pre/MPT/1234570/1234570_0_MPT_3_pre.wav
Processing vowel segments of audio_files_pre/MPT/1234570/1234570_0_MPT_1_pre.wav
Processing vowel segments of audio_files_pre/MPT/1234570/1234570_0_MPT_2_pre.wav
Processing vowel segments of audio_files_pre/MPT/1234570/1234570_2_MPT_1_pre.wav
Processing vowel segments of audio_files_pre/MPT/1234567/1234567_1_MPT_1_pre.wav
Processing vowel segments of audio_files_pre/MPT/1234567/1234567_2_MPT_1_pre.wav
Processing vowel segments of audio_files_pre/MPT/1234567/1234567_3_MPT_3_pre.wav
Processing vowel segments of audio_files_pre/MPT/1234567/1234567_2_MPT_3_pre.wav
Processing vowel segments of audio_files_pre/MPT/1234567/1234567_1_MPT_3_pre.wav
Processing vowel segments of audio_files_pre/MPT/1234567/1234567_4_MPT_1_pre.wav
Processing vowel segments of audio_files_pre/MPT/1234567/1234567_0_MPT_2_pre.wav
Processing vowel segments of audio_files_pre/MPT/1234567/1234567_4_MPT_3_pre.wav
Processing vowel segments of audio_files_pre/MPT/1234567/1234567_3_MPT_2_pre.wav
Processing vowel segments of audio_files_pre/MPT/1234567/1234567_0_MPT_3_pre.wav
Processing vowel segments of audio_files_pre/MPT/1234567/1234567_1_MPT_2_pre.wav
Processing vowel segments of audio_files_pre/MPT/1234567/1234567_0_MPT_1_pre.wav
Processing vowel segments of audio_files_pre/MPT/1234567/1234567_2_MPT_2_pre.wav
Processing vowel segments of audio_files_pre/MPT/1234567/1234567_4_MPT_2_pre.wav
Processing vowel segments of audio_files_pre/MPT/1234567/1234567_3_MPT_1_pre.wav
Processing vowel segments of audio_files_pre/MPT/1234568/1234568_2_MPT_2_pre.wav
Processing vowel segments of audio_files_pre/MPT/1234568/1234568_0_MPT_1_pre.wav
Processing vowel segments of audio_files_pre/MPT/1234568/1234568_2_MPT_3_pre.wav
Processing vowel segments of audio_files_pre/MPT/1234568/1234568_3_MPT_1_pre.wav
Processing vowel segments of audio_files_pre/MPT/1234568/1234568_0_MPT_3_pre.wav
Processing vowel segments of audio_files_pre/MPT/1234568/1234568_1_MPT_3_pre.wav
Processing vowel segments of audio_files_pre/MPT/1234568/1234568_2_MPT_1_pre.wav
Processing vowel segments of audio_files_pre/MPT/1234568/1234568_3_MPT_3_pre.wav
Processing vowel segments of audio_files_pre/MPT/1234568/1234568_3_MPT_2_pre.wav
Processing vowel segments of audio_files_pre/MPT/1234568/1234568_1_MPT_2_pre.wav
Processing vowel segments of audio_files_pre/MPT/1234568/1234568_0_MPT_2_pre.wav
Processing vowel segments of audio_files_pre/MPT/1234568/1234568_1_MPT_1_pre.wav
Processing vowel segments of audio_files_pre/MPT/1234574/1234574_1_MPT_1_pre.wav
Processing vowel segments of audio_files_pre/MPT/1234574/1234574_3_MPT_3_pre.wav
Processing vowel segments of audio_files_pre/MPT/1234574/1234574_0_MPT_1_pre.wav
Processing vowel segments of audio_files_pre/MPT/1234574/1234574_3_MPT_1_pre.wav
Processing vowel segments of audio_files_pre/MPT/1234574/1234574_1_MPT_3_pre.wav
Processing vowel segments of audio_files_pre/MPT/1234574/1234574_2_MPT_1_pre.wav
Processing vowel segments of audio_files_pre/MPT/1234574/1234574_2_MPT_2_pre.wav
Processing vowel segments of audio_files_pre/MPT/1234574/1234574_0_MPT_2_pre.wav
Processing vowel segments of audio_files_pre/MPT/1234574/1234574_2_MPT_3_pre.wav
Processing vowel segments of audio_files_pre/MPT/1234574/1234574_0_MPT_3_pre.wav
Processing vowel segments of audio_files_pre/MPT/1234574/1234574_3_MPT_2_pre.wav
Processing vowel segments of audio_files_pre/MPT/1234574/1234574_1_MPT_2_pre.wav
Processing vowel segments of audio_files_pre/MPT/1234569/1234569_3_MPT_1_pre.wav
Processing vowel segments of audio_files_pre/MPT/1234569/1234569_1_MPT_2_pre.wav
Processing vowel segments of audio_files_pre/MPT/1234569/1234569_0_MPT_3_pre.wav
Processing vowel segments of audio_files_pre/MPT/1234569/1234569_0_MPT_1_pre.wav
Processing vowel segments of audio_files_pre/MPT/1234569/1234569_3_MPT_2_pre.wav
Processing vowel segments of audio_files_pre/MPT/1234569/1234569_0_MPT_2_pre.wav
Processing vowel segments of audio_files_pre/MPT/1234569/1234569_2_MPT_3_pre.wav
Processing vowel segments of audio_files_pre/MPT/1234569/1234569_1_MPT_1_pre.wav
Processing vowel segments of audio_files_pre/MPT/1234569/1234569_3_MPT_3_pre.wav
Processing vowel segments of audio_files_pre/MPT/1234569/1234569_2_MPT_2_pre.wav
Processing vowel segments of audio_files_pre/MPT/1234569/1234569_1_MPT_3_pre.wav
Processing vowel segments of audio_files_pre/MPT/1234569/1234569_2_MPT_1_pre.wav
Processing vowel segments of audio_files_pre/SPN/1234572/1234572_1_SPN_3_pre.wav
Processing vowel segments of audio_files_pre/SPN/1234572/1234572_0_SPN_2_pre.wav
Processing vowel segments of audio_files_pre/SPN/1234572/1234572_0_SPN_1_pre.wav
Processing vowel segments of audio_files_pre/SPN/1234572/1234572_2_SPN_1_pre.wav
Processing vowel segments of audio_files_pre/SPN/1234572/1234572_1_SPN_2_pre.wav
Processing vowel segments of audio_files_pre/SPN/1234572/1234572_1_SPN_1_pre.wav
Processing vowel segments of audio_files_pre/SPN/1234572/1234572_2_SPN_2_pre.wav
Processing vowel segments of audio_files_pre/SPN/1234572/1234572_2_SPN_3_pre.wav
Processing vowel segments of audio_files_pre/SPN/1234572/1234572_0_SPN_3_pre.wav
Processing vowel segments of audio_files_pre/SPN/1234576/1234576_2_SPN_2_pre.wav
Processing vowel segments of audio_files_pre/SPN/1234576/1234576_0_SPN_2_pre.wav
Processing vowel segments of audio_files_pre/SPN/1234576/1234576_1_SPN_2_pre.wav
Processing vowel segments of audio_files_pre/SPN/1234576/1234576_2_SPN_3_pre.wav
Processing vowel segments of audio_files_pre/SPN/1234576/1234576_2_SPN_1_pre.wav
Processing vowel segments of audio_files_pre/SPN/1234576/1234576_0_SPN_1_pre.wav
Processing vowel segments of audio_files_pre/SPN/1234576/1234576_1_SPN_1_pre.wav
Processing vowel segments of audio_files_pre/SPN/1234576/1234576_0_SPN_3_pre.wav
Processing vowel segments of audio_files_pre/SPN/1234576/1234576_1_SPN_3_pre.wav
Processing vowel segments of audio_files_pre/SPN/1234578/1234578_2_SPN_3_pre.wav
Processing vowel segments of audio_files_pre/SPN/1234578/1234578_0_SPN_1_pre.wav
Processing vowel segments of audio_files_pre/SPN/1234578/1234578_2_SPN_2_pre.wav
Processing vowel segments of audio_files_pre/SPN/1234578/1234578_1_SPN_2_pre.wav
Processing vowel segments of audio_files_pre/SPN/1234578/1234578_0_SPN_3_pre.wav
Processing vowel segments of audio_files_pre/SPN/1234578/1234578_1_SPN_1_pre.wav
Processing vowel segments of audio_files_pre/SPN/1234578/1234578_1_SPN_3_pre.wav
Processing vowel segments of audio_files_pre/SPN/1234578/1234578_0_SPN_2_pre.wav
Processing vowel segments of audio_files_pre/SPN/1234578/1234578_2_SPN_1_pre.wav
Processing vowel segments of audio_files_pre/SPN/1234571/1234571_2_SPN_3_pre.wav
Processing vowel segments of audio_files_pre/SPN/1234571/1234571_3_SPN_1_pre.wav
Processing vowel segments of audio_files_pre/SPN/1234571/1234571_3_SPN_3_pre.wav
Processing vowel segments of audio_files_pre/SPN/1234571/1234571_4_SPN_2_pre.wav
Processing vowel segments of audio_files_pre/SPN/1234571/1234571_1_SPN_1_pre.wav
Processing vowel segments of audio_files_pre/SPN/1234571/1234571_2_SPN_2_pre.wav
Processing vowel segments of audio_files_pre/SPN/1234571/1234571_3_SPN_2_pre.wav
Processing vowel segments of audio_files_pre/SPN/1234571/1234571_1_SPN_2_pre.wav
Processing vowel segments of audio_files_pre/SPN/1234571/1234571_0_SPN_2_pre.wav
Processing vowel segments of audio_files_pre/SPN/1234571/1234571_1_SPN_3_pre.wav
Processing vowel segments of audio_files_pre/SPN/1234571/1234571_0_SPN_1_pre.wav
Processing vowel segments of audio_files_pre/SPN/1234571/1234571_0_SPN_3_pre.wav
Processing vowel segments of audio_files_pre/SPN/1234571/1234571_2_SPN_1_pre.wav
Processing vowel segments of audio_files_pre/SPN/1234571/1234571_4_SPN_3_pre.wav
Processing vowel segments of audio_files_pre/SPN/1234571/1234571_4_SPN_1_pre.wav
Processing vowel segments of audio_files_pre/SPN/1234575/1234575_0_SPN_3_pre.wav
Processing vowel segments of audio_files_pre/SPN/1234575/1234575_1_SPN_1_pre.wav
Processing vowel segments of audio_files_pre/SPN/1234575/1234575_1_SPN_3_pre.wav
Processing vowel segments of audio_files_pre/SPN/1234575/1234575_2_SPN_3_pre.wav
Processing vowel segments of audio_files_pre/SPN/1234575/1234575_2_SPN_1_pre.wav
Processing vowel segments of audio_files_pre/SPN/1234575/1234575_0_SPN_1_pre.wav
Processing vowel segments of audio_files_pre/SPN/1234575/1234575_2_SPN_2_pre.wav
Processing vowel segments of audio_files_pre/SPN/1234575/1234575_0_SPN_2_pre.wav
Processing vowel segments of audio_files_pre/SPN/1234575/1234575_1_SPN_2_pre.wav
Processing vowel segments of audio_files_pre/SPN/1234573/1234573_0_SPN_3_pre.wav
Processing vowel segments of audio_files_pre/SPN/1234573/1234573_0_SPN_1_pre.wav
Processing vowel segments of audio_files_pre/SPN/1234573/1234573_2_SPN_3_pre.wav
Processing vowel segments of audio_files_pre/SPN/1234573/1234573_1_SPN_1_pre.wav
Processing vowel segments of audio_files_pre/SPN/1234573/1234573_2_SPN_1_pre.wav
Processing vowel segments of audio_files_pre/SPN/1234573/1234573_1_SPN_3_pre.wav
Processing vowel segments of audio_files_pre/SPN/1234573/1234573_0_SPN_2_pre.wav
Processing vowel segments of audio_files_pre/SPN/1234573/1234573_2_SPN_2_pre.wav
Processing vowel segments of audio_files_pre/SPN/1234573/1234573_1_SPN_2_pre.wav
Processing vowel segments of audio_files_pre/SPN/1234577/1234577_1_SPN_3_pre.wav
Processing vowel segments of audio_files_pre/SPN/1234577/1234577_2_SPN_3_pre.wav
Processing vowel segments of audio_files_pre/SPN/1234577/1234577_0_SPN_1_pre.wav
Processing vowel segments of audio_files_pre/SPN/1234577/1234577_1_SPN_1_pre.wav
Processing vowel segments of audio_files_pre/SPN/1234577/1234577_2_SPN_2_pre.wav
Processing vowel segments of audio_files_pre/SPN/1234577/1234577_2_SPN_1_pre.wav
Processing vowel segments of audio_files_pre/SPN/1234577/1234577_0_SPN_3_pre.wav
Processing vowel segments of audio_files_pre/SPN/1234577/1234577_1_SPN_2_pre.wav
Processing vowel segments of audio_files_pre/SPN/1234577/1234577_0_SPN_2_pre.wav
Processing vowel segments of audio_files_pre/SPN/1234570/1234570_0_SPN_3_pre.wav
Processing vowel segments of audio_files_pre/SPN/1234570/1234570_2_SPN_1_pre.wav
Processing vowel segments of audio_files_pre/SPN/1234570/1234570_0_SPN_2_pre.wav
Processing vowel segments of audio_files_pre/SPN/1234570/1234570_2_SPN_3_pre.wav
Processing vowel segments of audio_files_pre/SPN/1234570/1234570_0_SPN_1_pre.wav
Processing vowel segments of audio_files_pre/SPN/1234570/1234570_2_SPN_2_pre.wav
Processing vowel segments of audio_files_pre/SPN/1234570/1234570_1_SPN_1_pre.wav
Processing vowel segments of audio_files_pre/SPN/1234570/1234570_1_SPN_2_pre.wav
Processing vowel segments of audio_files_pre/SPN/1234570/1234570_1_SPN_3_pre.wav
Processing vowel segments of audio_files_pre/SPN/1234567/1234567_2_SPN_2_pre.wav
Processing vowel segments of audio_files_pre/SPN/1234567/1234567_1_SPN_3_pre.wav
Processing vowel segments of audio_files_pre/SPN/1234567/1234567_0_SPN_1_pre.wav
Processing vowel segments of audio_files_pre/SPN/1234567/1234567_3_SPN_2_pre.wav
Processing vowel segments of audio_files_pre/SPN/1234567/1234567_2_SPN_1_pre.wav
Processing vowel segments of audio_files_pre/SPN/1234567/1234567_2_SPN_3_pre.wav
Processing vowel segments of audio_files_pre/SPN/1234567/1234567_4_SPN_1_pre.wav
Processing vowel segments of audio_files_pre/SPN/1234567/1234567_0_SPN_3_pre.wav
Processing vowel segments of audio_files_pre/SPN/1234567/1234567_3_SPN_3_pre.wav
Processing vowel segments of audio_files_pre/SPN/1234567/1234567_4_SPN_3_pre.wav
Processing vowel segments of audio_files_pre/SPN/1234567/1234567_3_SPN_1_pre.wav
Processing vowel segments of audio_files_pre/SPN/1234567/1234567_1_SPN_1_pre.wav
Processing vowel segments of audio_files_pre/SPN/1234567/1234567_0_SPN_2_pre.wav
Processing vowel segments of audio_files_pre/SPN/1234567/1234567_1_SPN_2_pre.wav
Processing vowel segments of audio_files_pre/SPN/1234567/1234567_4_SPN_2_pre.wav
Processing vowel segments of audio_files_pre/SPN/1234568/1234568_3_SPN_3_pre.wav
Processing vowel segments of audio_files_pre/SPN/1234568/1234568_2_SPN_1_pre.wav
Processing vowel segments of audio_files_pre/SPN/1234568/1234568_1_SPN_2_pre.wav
Processing vowel segments of audio_files_pre/SPN/1234568/1234568_2_SPN_2_pre.wav
Processing vowel segments of audio_files_pre/SPN/1234568/1234568_0_SPN_3_pre.wav
Processing vowel segments of audio_files_pre/SPN/1234568/1234568_0_SPN_2_pre.wav
Processing vowel segments of audio_files_pre/SPN/1234568/1234568_3_SPN_2_pre.wav
Processing vowel segments of audio_files_pre/SPN/1234568/1234568_2_SPN_3_pre.wav
Processing vowel segments of audio_files_pre/SPN/1234568/1234568_0_SPN_1_pre.wav
Processing vowel segments of audio_files_pre/SPN/1234568/1234568_1_SPN_1_pre.wav
Processing vowel segments of audio_files_pre/SPN/1234568/1234568_3_SPN_1_pre.wav
Processing vowel segments of audio_files_pre/SPN/1234568/1234568_1_SPN_3_pre.wav
Processing vowel segments of audio_files_pre/SPN/1234574/1234574_1_SPN_3_pre.wav
Processing vowel segments of audio_files_pre/SPN/1234574/1234574_1_SPN_1_pre.wav
Processing vowel segments of audio_files_pre/SPN/1234574/1234574_3_SPN_3_pre.wav
Processing vowel segments of audio_files_pre/SPN/1234574/1234574_1_SPN_2_pre.wav
Processing vowel segments of audio_files_pre/SPN/1234574/1234574_3_SPN_1_pre.wav
Processing vowel segments of audio_files_pre/SPN/1234574/1234574_2_SPN_2_pre.wav
Processing vowel segments of audio_files_pre/SPN/1234574/1234574_3_SPN_2_pre.wav
Processing vowel segments of audio_files_pre/SPN/1234574/1234574_0_SPN_3_pre.wav
Processing vowel segments of audio_files_pre/SPN/1234574/1234574_2_SPN_1_pre.wav
Processing vowel segments of audio_files_pre/SPN/1234574/1234574_2_SPN_3_pre.wav
Processing vowel segments of audio_files_pre/SPN/1234574/1234574_0_SPN_1_pre.wav
Processing vowel segments of audio_files_pre/SPN/1234574/1234574_0_SPN_2_pre.wav
Processing vowel segments of audio_files_pre/SPN/1234569/1234569_3_SPN_3_pre.wav
Processing vowel segments of audio_files_pre/SPN/1234569/1234569_2_SPN_2_pre.wav
Processing vowel segments of audio_files_pre/SPN/1234569/1234569_3_SPN_2_pre.wav
Processing vowel segments of audio_files_pre/SPN/1234569/1234569_1_SPN_3_pre.wav
Processing vowel segments of audio_files_pre/SPN/1234569/1234569_0_SPN_1_pre.wav
Processing vowel segments of audio_files_pre/SPN/1234569/1234569_1_SPN_2_pre.wav
Processing vowel segments of audio_files_pre/SPN/1234569/1234569_0_SPN_3_pre.wav
Processing vowel segments of audio_files_pre/SPN/1234569/1234569_0_SPN_2_pre.wav
Processing vowel segments of audio_files_pre/SPN/1234569/1234569_3_SPN_1_pre.wav
Processing vowel segments of audio_files_pre/SPN/1234569/1234569_1_SPN_1_pre.wav
Processing vowel segments of audio_files_pre/SPN/1234569/1234569_2_SPN_3_pre.wav
Processing vowel segments of audio_files_pre/SPN/1234569/1234569_2_SPN_1_pre.wav
Processing vowel segments of audio_files_pre/VOW/1234573/1234573_0_VOW_2_pre.wav
(0.03s 41dB) (0.04s 39dB) (0.05s 36dB) (0.06s 35dB) (0.06s 38dB) (0.07s 42dB) (0.08s 44dB) (0.09s 44dB) (0.10s 41dB) (0.10s 40dB) (0.11s 41dB) (0.12s 38dB) (0.13s 36dB) (0.14s 35dB) (0.14s 36dB) (0.15s 38dB) (0.16s 37dB) (0.17s 36dB) (0.18s 37dB) (0.18s 43dB) (0.19s 46dB) (0.20s 46dB) (0.21s 49dB) (0.22s 50dB) (0.22s 52dB) (0.23s 52dB) (0.24s 49dB) (0.25s 47dB) (0.26s 47dB) (0.26s 44dB) (0.27s 46dB) (0.28s 45dB) (0.29s 46dB) (0.30s 50dB) (0.30s 52dB) (0.31s 52dB) (0.32s 51dB) (0.33s 51dB) (0.34s 48dB) (0.34s 45dB) (0.35s 49dB) (0.36s 52dB) (0.37s 53dB) (0.38s 54dB) (0.38s 54dB) (0.39s 51dB) (0.40s 49dB) (0.41s 51dB) (0.42s 53dB) (0.42s 54dB) (0.43s 52dB) (0.44s 50dB) (0.45s 48dB) (0.46s 51dB) (0.46s 54dB) (0.47s 53dB) (0.48s 51dB) (0.49s 47dB) (0.50s 46dB) (0.50s 49dB) (0.51s 52dB) (0.52s 52dB) (0.53s 51dB) (0.54s 53dB) (0.54s 53dB) (0.55s 52dB) (0.56s 50dB) (0.57s 50dB) (0.58s 52dB) (0.58s 53dB) (0.59s 52dB) (0.60s 49dB) (0.61s 48dB) (0.62s 50dB) (0.62s 53dB) (0.63s 53dB) (0.64s 50dB) (0.65s 46dB) (0.66s 43dB) (0.66s 43dB) (0.67s 47dB) (0.68s 46dB) (0.69s 43dB) (0.70s 42dB) (0.70s 39dB) (0.71s 39dB) (0.72s 41dB) (0.73s 40dB) (0.74s 38dB) (0.74s 42dB) (0.75s 46dB) (0.76s 47dB) (0.77s 48dB) (0.78s 48dB) (0.78s 46dB) (0.79s 47dB) (0.80s 51dB) (0.81s 52dB) (0.82s 51dB) (0.82s 51dB) (0.83s 50dB) (0.84s 50dB) (0.85s 49dB) (0.86s 49dB) (0.86s 51dB) (0.87s 52dB) (0.88s 52dB) (0.89s 50dB) (0.90s 47dB) (0.90s 48dB) (0.91s 51dB) (0.92s 52dB) (0.93s 51dB) (0.94s 49dB) (0.94s 47dB) (0.95s 48dB) (0.96s 50dB) (0.97s 52dB) (0.98s 51dB) (0.98s 50dB) (0.99s 50dB) (1.00s 51dB) (1.01s 50dB) (1.02s 50dB) (1.02s 50dB) (1.03s 51dB) (1.04s 53dB) (1.05s 52dB) (1.06s 49dB) (1.06s 47dB) (1.07s 50dB) (1.08s 51dB) (1.09s 51dB) (1.10s 49dB) (1.10s 47dB) (1.11s 46dB) (1.12s 48dB) (1.13s 50dB) (1.14s 51dB) (1.14s 50dB) (1.15s 51dB) (1.16s 49dB) (1.17s 46dB) (1.18s 44dB) (1.18s 47dB) (1.19s 51dB) (1.20s 51dB) (1.21s 49dB) (1.22s 43dB) (1.22s 45dB) (1.23s 47dB) (1.24s 47dB) (1.25s 48dB) (1.26s 49dB) (1.26s 48dB) (1.27s 45dB) (1.28s 42dB) (1.29s 46dB) (1.30s 51dB) (1.30s 55dB) (1.31s 55dB) (1.32s 53dB) (1.33s 53dB) (1.34s 53dB) (1.34s 51dB) (1.35s 50dB) (1.36s 51dB) (1.37s 53dB) (1.38s 54dB) (1.38s 54dB) (1.39s 52dB) (1.40s 49dB) (1.41s 52dB) (1.42s 54dB) (1.42s 54dB) (1.43s 52dB) (1.44s 50dB) (1.45s 48dB) (1.46s 51dB) (1.46s 52dB) (1.47s 53dB) (1.48s 52dB) (1.49s 52dB) (1.50s 51dB) (1.50s 48dB) (1.51s 44dB) (1.52s 45dB) (1.53s 48dB) (1.54s 50dB) (1.54s 50dB) (1.55s 48dB) (1.56s 46dB) (1.57s 47dB) (1.58s 49dB) (1.58s 48dB) (1.59s 47dB) (1.60s 48dB) (1.61s 49dB) (1.62s 47dB) (1.62s 47dB) (1.63s 47dB) (1.64s 49dB) (1.65s 51dB) (1.66s 50dB) (1.66s 47dB) (1.67s 45dB) (1.68s 46dB) (1.69s 48dB) (1.70s 48dB) (1.70s 45dB) (1.71s 39dB) (1.72s 35dB) (1.73s 33dB) (1.74s 37dB) (1.74s 40dB) (1.75s 41dB) (1.76s 42dB) (1.77s 41dB) (1.78s 37dB) (1.78s 34dB) (1.79s 33dB) (1.80s 36dB) (1.81s 39dB) (1.82s 40dB) (1.82s 39dB) (1.83s 37dB) (1.84s 34dB) (1.85s 34dB) (1.86s 37dB) (1.86s 38dB) (1.87s 41dB) (1.88s 42dB) (1.89s 39dB) (1.90s 36dB) (1.90s 34dB) (1.91s 36dB) (1.92s 40dB) (1.93s 43dB) (1.94s 42dB) (1.94s 40dB) (1.95s 36dB) (1.96s 35dB) (1.97s 37dB) (1.98s 41dB) (1.98s 43dB) (1.99s 43dB) (2.00s 39dB) (2.01s 34dB) (2.02s 33dB) (2.02s 38dB) (2.03s 42dB) (2.04s 44dB) (2.05s 43dB) (2.06s 41dB) (2.06s 37dB) (2.07s 36dB) (2.08s 39dB) (2.09s 41dB) (2.10s 42dB) (2.10s 43dB) (2.11s 41dB) (2.12s 38dB) (2.13s 36dB) (2.14s 40dB) (2.14s 44dB) (2.15s 45dB) (2.16s 43dB) (2.17s 38dB) (2.18s 35dB) (2.18s 35dB) (2.19s 40dB) (2.20s 41dB) (2.21s 41dB) (2.22s 41dB) (2.22s 39dB) (2.23s 36dB) (2.24s 34dB) (2.25s 36dB) (2.26s 38dB) (2.26s 39dB) (2.27s 38dB) (2.28s 36dB) (2.29s 35dB) (2.30s 36dB) (2.30s 38dB) (2.31s 39dB) (2.32s 39dB) (2.33s 36dB) (2.34s 34dB) (2.34s 35dB) (2.35s 37dB) (2.36s 38dB) (2.37s 38dB) (2.38s 40dB) (2.38s 41dB) (2.39s 40dB) (2.40s 39dB) (2.41s 37dB) (2.42s 36dB) (2.42s 38dB) (2.43s 40dB) (2.44s 41dB) (2.45s 42dB) (2.46s 40dB) (2.46s 37dB) (2.47s 35dB) (2.48s 37dB) (2.49s 40dB) (2.50s 41dB) (2.50s 41dB) (2.51s 41dB) (2.52s 39dB) (2.53s 37dB) (2.54s 36dB) (2.54s 37dB) (2.55s 39dB) (2.56s 41dB) (2.57s 41dB) (2.58s 38dB) (2.58s 35dB) (2.59s 35dB) (2.60s 37dB) (2.61s 38dB) (2.62s 38dB) (2.62s 39dB) (2.63s 38dB) (2.64s 38dB) (2.65s 39dB) (2.66s 39dB) (2.66s 38dB) (2.67s 36dB) (2.68s 36dB) (2.69s 38dB) (2.70s 38dB) (2.70s 38dB) (2.71s 37dB) (2.72s 38dB) (2.73s 37dB) (2.74s 36dB) (2.74s 37dB) (2.75s 36dB) (2.76s 36dB) (2.77s 38dB) (2.78s 38dB) (2.78s 38dB) (2.79s 38dB) (2.80s 37dB) (2.81s 37dB) (2.82s 38dB) (2.82s 38dB) (2.83s 39dB) (2.84s 39dB) (2.85s 36dB) (2.86s 33dB) (2.86s 32dB) (2.87s 35dB) (2.88s 37dB) (2.89s 37dB) (2.90s 35dB) (2.90s 34dB) (2.91s 34dB) (2.92s 36dB) (2.93s 38dB) (2.94s 37dB) (2.94s 35dB) (2.95s 35dB) (2.96s 36dB) (2.97s 37dB) (2.98s 38dB) (2.98s 38dB) (2.99s 36dB) (3.00s 34dB) (3.01s 34dB) (3.02s 38dB) (3.02s 40dB) (3.03s 40dB) (3.04s 38dB) (3.05s 35dB) (3.06s 35dB) (3.06s 37dB) (3.07s 37dB) (3.08s 36dB) (3.09s 37dB) (3.10s 37dB) (3.10s 36dB) (3.11s 37dB) (3.12s 37dB) (3.13s 37dB) (3.14s 33dB) (3.14s 33dB) (3.15s 36dB) (3.16s 38dB) (3.17s 40dB) (3.18s 40dB) (3.18s 40dB) (3.19s 51dB) (3.20s 61dB) (3.21s 66dB) (3.22s 68dB) (3.22s 69dB) (3.23s 69dB) (3.24s 69dB) (3.25s 69dB) (3.26s 69dB) (3.26s 69dB) (3.27s 69dB) (3.28s 68dB) (3.29s 68dB) (3.30s 68dB) (3.30s 68dB) (3.31s 68dB) (3.32s 68dB) (3.33s 68dB) (3.34s 69dB) (3.34s 69dB) (3.35s 69dB) (3.36s 69dB) (3.37s 70dB) (3.38s 70dB) (3.38s 70dB) (3.39s 70dB) (3.40s 70dB) (3.41s 70dB) (3.42s 70dB) (3.42s 70dB) (3.43s 69dB) (3.44s 69dB) (3.45s 69dB) (3.46s 69dB) (3.46s 69dB) (3.47s 68dB) (3.48s 68dB) (3.49s 68dB) (3.50s 68dB) (3.50s 68dB) (3.51s 68dB) (3.52s 69dB) (3.53s 69dB) (3.54s 69dB) (3.54s 69dB) (3.55s 68dB) (3.56s 69dB) (3.57s 69dB) (3.58s 68dB) (3.58s 68dB) (3.59s 68dB) (3.60s 68dB) (3.61s 68dB) (3.62s 68dB) (3.62s 67dB) (3.63s 67dB) (3.64s 67dB) (3.65s 67dB) (3.66s 68dB) (3.66s 68dB) (3.67s 68dB) (3.68s 68dB) (3.69s 68dB) (3.70s 68dB) (3.70s 68dB) (3.71s 68dB) (3.72s 68dB) (3.73s 67dB) (3.74s 67dB) (3.74s 67dB) (3.75s 67dB) (3.76s 67dB) (3.77s 67dB) (3.78s 67dB) (3.78s 67dB) (3.79s 67dB) (3.80s 67dB) (3.81s 67dB) (3.82s 67dB) (3.82s 67dB) (3.83s 67dB) (3.84s 68dB) (3.85s 68dB) (3.86s 67dB) (3.86s 67dB) (3.87s 67dB) (3.88s 67dB) (3.89s 67dB) (3.90s 67dB) (3.90s 67dB) (3.91s 67dB) (3.92s 68dB) (3.93s 67dB) (3.94s 67dB) (3.94s 67dB) (3.95s 67dB) (3.96s 67dB) (3.97s 67dB) (3.98s 67dB) (3.98s 67dB) (3.99s 67dB) (4.00s 67dB) (4.01s 67dB) (4.02s 67dB) (4.02s 67dB) (4.03s 67dB) (4.04s 67dB) (4.05s 67dB) (4.06s 67dB) (4.06s 67dB) (4.07s 67dB) (4.08s 67dB) (4.09s 67dB) (4.10s 67dB) (4.10s 67dB) (4.11s 67dB) (4.12s 68dB) (4.13s 68dB) (4.14s 68dB) (4.14s 68dB) (4.15s 68dB) (4.16s 68dB) (4.17s 68dB) (4.18s 68dB) (4.18s 68dB) (4.19s 67dB) (4.20s 67dB) (4.21s 67dB) (4.22s 67dB) (4.22s 67dB) (4.23s 67dB) (4.24s 67dB) (4.25s 67dB) (4.26s 67dB) (4.26s 67dB) (4.27s 67dB) (4.28s 67dB) (4.29s 67dB) (4.30s 67dB) (4.30s 67dB) (4.31s 67dB) (4.32s 67dB) (4.33s 67dB) (4.34s 67dB) (4.34s 67dB) (4.35s 67dB) (4.36s 67dB) (4.37s 67dB) (4.38s 67dB) (4.38s 67dB) (4.39s 67dB) (4.40s 67dB) (4.41s 67dB) (4.42s 67dB) (4.42s 66dB) (4.43s 66dB) (4.44s 66dB) (4.45s 65dB) (4.46s 65dB) (4.46s 65dB) (4.47s 65dB) (4.48s 65dB) (4.49s 65dB) (4.50s 65dB) (4.50s 65dB) (4.51s 65dB) (4.52s 65dB) (4.53s 65dB) (4.54s 65dB) (4.54s 65dB) (4.55s 65dB) (4.56s 65dB) (4.57s 65dB) (4.58s 65dB) (4.58s 65dB) (4.59s 65dB) (4.60s 65dB) (4.61s 65dB) (4.62s 65dB) (4.62s 65dB) (4.63s 65dB) (4.64s 65dB) (4.65s 65dB) (4.66s 65dB) (4.66s 65dB) (4.67s 65dB) (4.68s 65dB) (4.69s 65dB) (4.70s 65dB) (4.70s 65dB) (4.71s 65dB) (4.72s 65dB) (4.73s 65dB) (4.74s 65dB) (4.74s 65dB) (4.75s 65dB) (4.76s 65dB) (4.77s 65dB) (4.78s 65dB) (4.78s 65dB) (4.79s 65dB) (4.80s 65dB) (4.81s 65dB) (4.82s 65dB) (4.82s 65dB) (4.83s 65dB) (4.84s 65dB) (4.85s 65dB) (4.86s 65dB) (4.86s 65dB) (4.87s 65dB) (4.88s 65dB) (4.89s 65dB) (4.90s 65dB) (4.90s 65dB) (4.91s 65dB) (4.92s 65dB) (4.93s 65dB) (4.94s 65dB) (4.94s 65dB) (4.95s 65dB) (4.96s 65dB) (4.97s 65dB) (4.98s 65dB) (4.98s 65dB) (4.99s 66dB) (5.00s 66dB) (5.01s 66dB) (5.02s 66dB) (5.02s 66dB) (5.03s 66dB) (5.04s 66dB) (5.05s 66dB) (5.06s 66dB) (5.06s 66dB) (5.07s 66dB) (5.08s 66dB) (5.09s 67dB) (5.10s 67dB) (5.10s 67dB) (5.11s 67dB) (5.12s 67dB) (5.13s 67dB) (5.14s 67dB) (5.14s 67dB) (5.15s 67dB) (5.16s 67dB) (5.17s 66dB) (5.18s 66dB) (5.18s 66dB) (5.19s 66dB) (5.20s 65dB) (5.21s 65dB) (5.22s 65dB) (5.22s 66dB) (5.23s 66dB) (5.24s 66dB) (5.25s 66dB) (5.26s 66dB) (5.26s 66dB) (5.27s 66dB) (5.28s 66dB) (5.29s 66dB) (5.30s 66dB) (5.30s 66dB) (5.31s 66dB) (5.32s 66dB) (5.33s 66dB) (5.34s 66dB) (5.34s 66dB) (5.35s 66dB) (5.36s 66dB) (5.37s 66dB) (5.38s 66dB) (5.38s 66dB) (5.39s 66dB) (5.40s 66dB) (5.41s 66dB) (5.42s 66dB) (5.42s 66dB) (5.43s 66dB) (5.44s 66dB) (5.45s 66dB) (5.46s 66dB) (5.46s 66dB) (5.47s 66dB) (5.48s 66dB) (5.49s 66dB) (5.50s 66dB) (5.50s 66dB) (5.51s 66dB) (5.52s 66dB) (5.53s 66dB) (5.54s 66dB) (5.54s 66dB) (5.55s 66dB) (5.56s 66dB) (5.57s 66dB) (5.58s 66dB) (5.58s 66dB) (5.59s 65dB) (5.60s 65dB) (5.61s 66dB) (5.62s 66dB) (5.62s 66dB) (5.63s 65dB) (5.64s 65dB) (5.65s 65dB) (5.66s 65dB) (5.66s 65dB) (5.67s 65dB) (5.68s 65dB) (5.69s 65dB) (5.70s 65dB) (5.70s 65dB) (5.71s 66dB) (5.72s 66dB) (5.73s 66dB) (5.74s 66dB) (5.74s 66dB) (5.75s 66dB) (5.76s 66dB) (5.77s 66dB) (5.78s 66dB) (5.78s 66dB) (5.79s 66dB) (5.80s 66dB) (5.81s 66dB) (5.82s 66dB) (5.82s 66dB) (5.83s 66dB) (5.84s 66dB) (5.85s 66dB) (5.86s 66dB) (5.86s 66dB) (5.87s 66dB) (5.88s 66dB) (5.89s 66dB) (5.90s 66dB) (5.90s 66dB) (5.91s 66dB) (5.92s 66dB) (5.93s 66dB) (5.94s 66dB) (5.94s 66dB) (5.95s 66dB) (5.96s 66dB) (5.97s 66dB) (5.98s 66dB) (5.98s 66dB) (5.99s 66dB) (6.00s 66dB) (6.01s 66dB) (6.02s 66dB) (6.02s 66dB) (6.03s 66dB) (6.04s 66dB) (6.05s 66dB) (6.06s 66dB) (6.06s 66dB) (6.07s 66dB) (6.08s 66dB) (6.09s 66dB) (6.10s 65dB) (6.10s 65dB) (6.11s 65dB) (6.12s 65dB) (6.13s 65dB) (6.14s 64dB) (6.14s 64dB) (6.15s 64dB) (6.16s 64dB) (6.17s 65dB) (6.18s 65dB) (6.18s 65dB) (6.19s 65dB) (6.20s 65dB) (6.21s 65dB) (6.22s 65dB) (6.22s 65dB) (6.23s 66dB) (6.24s 66dB) (6.25s 66dB) (6.26s 66dB) (6.26s 66dB) (6.27s 66dB) (6.28s 66dB) (6.29s 66dB) (6.30s 66dB) (6.30s 66dB) (6.31s 66dB) (6.32s 66dB) (6.33s 66dB) (6.34s 66dB) (6.34s 66dB) (6.35s 66dB) (6.36s 66dB) (6.37s 66dB) (6.38s 66dB) (6.38s 66dB) (6.39s 66dB) (6.40s 66dB) (6.41s 66dB) (6.42s 66dB) (6.42s 66dB) (6.43s 66dB) (6.44s 66dB) (6.45s 66dB) (6.46s 66dB) (6.46s 66dB) (6.47s 66dB) (6.48s 66dB) (6.49s 66dB) (6.50s 66dB) (6.50s 66dB) (6.51s 66dB) (6.52s 66dB) (6.53s 66dB) (6.54s 66dB) (6.54s 66dB) (6.55s 66dB) (6.56s 66dB) (6.57s 66dB) (6.58s 66dB) (6.58s 66dB) (6.59s 66dB) (6.60s 66dB) (6.61s 66dB) (6.62s 66dB) (6.62s 66dB) (6.63s 66dB) (6.64s 66dB) (6.65s 66dB) (6.66s 66dB) (6.66s 66dB) (6.67s 66dB) (6.68s 66dB) (6.69s 66dB) (6.70s 66dB) (6.70s 66dB) (6.71s 67dB) (6.72s 67dB) (6.73s 67dB) (6.74s 66dB) (6.74s 66dB) (6.75s 66dB) (6.76s 66dB) (6.77s 66dB) (6.78s 66dB) (6.78s 66dB) (6.79s 66dB) (6.80s 66dB) (6.81s 66dB) (6.82s 66dB) (6.82s 66dB) (6.83s 66dB) (6.84s 66dB) (6.85s 66dB) (6.86s 66dB) (6.86s 66dB) (6.87s 66dB) (6.88s 66dB) (6.89s 66dB) (6.90s 66dB) (6.90s 66dB) (6.91s 66dB) (6.92s 66dB) (6.93s 66dB) (6.94s 66dB) (6.94s 66dB) (6.95s 66dB) (6.96s 67dB) (6.97s 67dB) (6.98s 67dB) (6.98s 67dB) (6.99s 67dB) (7.00s 67dB) (7.01s 67dB) (7.02s 67dB) (7.02s 67dB) (7.03s 67dB) (7.04s 66dB) (7.05s 66dB) (7.06s 66dB) (7.06s 66dB) (7.07s 66dB) (7.08s 66dB) (7.09s 66dB) (7.10s 66dB) (7.10s 66dB) (7.11s 66dB) (7.12s 66dB) (7.13s 66dB) (7.14s 66dB) (7.14s 66dB) (7.15s 66dB) (7.16s 66dB) (7.17s 66dB) (7.18s 66dB) (7.18s 66dB) (7.19s 66dB) (7.20s 66dB) (7.21s 66dB) (7.22s 66dB) (7.22s 66dB)
Segment 1: 3.19 7.89
Segment 2: 9.09 13.45
Segment 3: 14.74 18.75
Segment 4: 20.24 24.30
Segment 5: 25.58 30.38
Processing vowel segments of audio_files_pre/VOW/1234573/1234573_1_VOW_2_pre.wav
(0.03s 46dB) (0.04s 47dB) (0.05s 46dB) (0.06s 46dB) (0.06s 48dB) (0.07s 48dB) (0.08s 45dB) (0.09s 44dB) (0.10s 46dB) (0.10s 47dB) (0.11s 47dB) (0.12s 46dB) (0.13s 47dB) (0.14s 51dB) (0.14s 52dB) (0.15s 50dB) (0.16s 45dB) (0.17s 45dB) (0.18s 47dB) (0.18s 48dB) (0.19s 47dB) (0.20s 46dB) (0.21s 47dB) (0.22s 47dB) (0.22s 43dB) (0.23s 37dB) (0.24s 39dB) (0.25s 43dB) (0.26s 43dB) (0.26s 43dB) (0.27s 43dB) (0.28s 44dB) (0.29s 46dB) (0.30s 47dB) (0.30s 49dB) (0.31s 50dB) (0.32s 50dB) (0.33s 50dB) (0.34s 49dB) (0.34s 48dB) (0.35s 49dB) (0.36s 51dB) (0.37s 51dB) (0.38s 50dB) (0.38s 48dB) (0.39s 47dB) (0.40s 47dB) (0.41s 49dB) (0.42s 48dB) (0.42s 46dB) (0.43s 42dB) (0.44s 41dB) (0.45s 43dB) (0.46s 44dB) (0.46s 44dB) (0.47s 43dB) (0.48s 43dB) (0.49s 42dB) (0.50s 40dB) (0.50s 38dB) (0.51s 40dB) (0.52s 44dB) (0.53s 44dB) (0.54s 41dB) (0.54s 40dB) (0.55s 37dB) (0.56s 34dB) (0.57s 35dB) (0.58s 36dB) (0.58s 41dB) (0.59s 44dB) (0.60s 44dB) (0.61s 41dB) (0.62s 41dB) (0.62s 43dB) (0.63s 45dB) (0.64s 47dB) (0.65s 46dB) (0.66s 45dB) (0.66s 45dB) (0.67s 46dB) (0.68s 47dB) (0.69s 47dB) (0.70s 47dB) (0.70s 47dB) (0.71s 45dB) (0.72s 42dB) (0.73s 37dB) (0.74s 38dB) (0.74s 40dB) (0.75s 38dB) (0.76s 31dB) (0.77s 38dB) (0.78s 42dB) (0.78s 44dB) (0.79s 43dB) (0.80s 40dB) (0.81s 37dB) (0.82s 40dB) (0.82s 43dB) (0.83s 44dB) (0.84s 44dB) (0.85s 40dB) (0.86s 35dB) (0.86s 32dB) (0.87s 34dB) (0.88s 36dB) (0.89s 36dB) (0.90s 36dB) (0.90s 41dB) (0.91s 44dB) (0.92s 46dB) (0.93s 46dB) (0.94s 48dB) (0.94s 50dB) (0.95s 50dB) (0.96s 48dB) (0.97s 44dB) (0.98s 42dB) (0.98s 45dB) (0.99s 49dB) (1.00s 50dB) (1.01s 49dB) (1.02s 47dB) (1.02s 47dB) (1.03s 43dB) (1.04s 39dB) (1.05s 41dB) (1.06s 44dB) (1.06s 45dB) (1.07s 45dB) (1.08s 45dB) (1.09s 47dB) (1.10s 48dB) (1.10s 45dB) (1.11s 43dB) (1.12s 43dB) (1.13s 45dB) (1.14s 46dB) (1.14s 49dB) (1.15s 50dB) (1.16s 48dB) (1.17s 47dB) (1.18s 47dB) (1.18s 46dB) (1.19s 47dB) (1.20s 48dB) (1.21s 49dB) (1.22s 50dB) (1.22s 51dB) (1.23s 50dB) (1.24s 48dB) (1.25s 49dB) (1.26s 49dB) (1.26s 49dB) (1.27s 48dB) (1.28s 47dB) (1.29s 47dB) (1.30s 48dB) (1.30s 49dB) (1.31s 48dB) (1.32s 44dB) (1.33s 41dB) (1.34s 39dB) (1.34s 43dB) (1.35s 46dB) (1.36s 45dB) (1.37s 43dB) (1.38s 44dB) (1.38s 42dB) (1.39s 37dB) (1.40s 36dB) (1.41s 38dB) (1.42s 41dB) (1.42s 43dB) (1.43s 43dB) (1.44s 40dB) (1.45s 39dB) (1.46s 42dB) (1.46s 44dB) (1.47s 44dB) (1.48s 44dB) (1.49s 44dB) (1.50s 42dB) (1.50s 39dB) (1.51s 38dB) (1.52s 39dB) (1.53s 42dB) (1.54s 44dB) (1.54s 44dB) (1.55s 42dB) (1.56s 42dB) (1.57s 43dB) (1.58s 42dB) (1.58s 41dB) (1.59s 36dB) (1.60s 37dB) (1.61s 38dB) (1.62s 36dB) (1.62s 33dB) (1.63s 30dB) (1.64s 28dB) (1.65s 30dB) (1.66s 36dB) (1.66s 38dB) (1.67s 38dB) (1.68s 35dB) (1.69s 35dB) (1.70s 37dB) (1.70s 39dB) (1.71s 40dB) (1.72s 40dB) (1.73s 37dB) (1.74s 37dB) (1.74s 40dB) (1.75s 41dB) (1.76s 42dB) (1.77s 43dB) (1.78s 41dB) (1.78s 37dB) (1.79s 35dB) (1.80s 37dB) (1.81s 40dB) (1.82s 42dB) (1.82s 42dB) (1.83s 40dB) (1.84s 35dB) (1.85s 36dB) (1.86s 40dB) (1.86s 42dB) (1.87s 42dB) (1.88s 41dB) (1.89s 38dB) (1.90s 35dB) (1.90s 39dB) (1.91s 42dB) (1.92s 42dB) (1.93s 41dB) (1.94s 38dB) (1.94s 35dB) (1.95s 37dB) (1.96s 40dB) (1.97s 40dB) (1.98s 40dB) (1.98s 38dB) (1.99s 35dB) (2.00s 37dB) (2.01s 38dB) (2.02s 39dB) (2.02s 37dB) (2.03s 36dB) (2.04s 32dB) (2.05s 32dB) (2.06s 34dB) (2.06s 35dB) (2.07s 33dB) (2.08s 29dB) (2.09s 27dB) (2.10s 30dB) (2.10s 34dB) (2.11s 35dB) (2.12s 36dB) (2.13s 35dB) (2.14s 34dB) (2.14s 35dB) (2.15s 36dB) (2.16s 36dB) (2.17s 35dB) (2.18s 33dB) (2.18s 30dB) (2.19s 29dB) (2.20s 33dB) (2.21s 40dB) (2.22s 44dB) (2.22s 47dB) (2.23s 49dB) (2.24s 50dB) (2.25s 49dB) (2.26s 48dB) (2.26s 43dB) (2.27s 42dB) (2.28s 44dB) (2.29s 43dB) (2.30s 44dB) (2.30s 48dB) (2.31s 47dB) (2.32s 51dB) (2.33s 56dB) (2.34s 58dB) (2.34s 57dB) (2.35s 56dB) (2.36s 54dB) (2.37s 48dB) (2.38s 46dB) (2.38s 46dB) (2.39s 46dB) (2.40s 45dB) (2.41s 42dB) (2.42s 46dB) (2.42s 47dB) (2.43s 47dB) (2.44s 47dB) (2.45s 44dB) (2.46s 45dB) (2.46s 48dB) (2.47s 49dB) (2.48s 50dB) (2.49s 47dB) (2.50s 43dB) (2.50s 46dB) (2.51s 47dB) (2.52s 47dB) (2.53s 47dB) (2.54s 44dB) (2.54s 43dB) (2.55s 43dB) (2.56s 44dB) (2.57s 44dB) (2.58s 45dB) (2.58s 46dB) (2.59s 46dB) (2.60s 45dB) (2.61s 45dB) (2.62s 43dB) (2.62s 37dB) (2.63s 32dB) (2.64s 32dB) (2.65s 35dB) (2.66s 40dB) (2.66s 41dB) (2.67s 42dB) (2.68s 42dB) (2.69s 41dB) (2.70s 38dB) (2.70s 39dB) (2.71s 42dB) (2.72s 43dB) (2.73s 43dB) (2.74s 42dB) (2.74s 41dB) (2.75s 41dB) (2.76s 43dB) (2.77s 43dB) (2.78s 41dB) (2.78s 38dB) (2.79s 36dB) (2.80s 36dB) (2.81s 37dB) (2.82s 36dB) (2.82s 33dB) (2.83s 32dB) (2.84s 35dB) (2.85s 38dB) (2.86s 38dB) (2.86s 34dB) (2.87s 33dB) (2.88s 37dB) (2.89s 39dB) (2.90s 39dB) (2.90s 38dB) (2.91s 36dB) (2.92s 36dB) (2.93s 38dB) (2.94s 36dB) (2.94s 34dB) (2.95s 32dB) (2.96s 33dB) (2.97s 38dB) (2.98s 39dB) (2.98s 38dB) (2.99s 33dB) (3.00s 32dB) (3.01s 37dB) (3.02s 41dB) (3.02s 41dB) (3.03s 38dB) (3.04s 34dB) (3.05s 35dB) (3.06s 38dB) (3.06s 40dB) (3.07s 39dB) (3.08s 36dB) (3.09s 32dB) (3.10s 34dB) (3.10s 37dB) (3.11s 37dB) (3.12s 34dB) (3.13s 35dB) (3.14s 37dB) (3.14s 35dB) (3.15s 33dB) (3.16s 34dB) (3.17s 37dB) (3.18s 42dB) (3.18s 44dB) (3.19s 42dB) (3.20s 38dB) (3.21s 37dB) (3.22s 41dB) (3.22s 44dB) (3.23s 44dB) (3.24s 43dB) (3.25s 40dB) (3.26s 37dB) (3.26s 41dB) (3.27s 43dB) (3.28s 42dB) (3.29s 41dB) (3.30s 36dB) (3.30s 37dB) (3.31s 41dB) (3.32s 42dB) (3.33s 41dB) (3.34s 38dB) (3.34s 36dB) (3.35s 36dB) (3.36s 37dB) (3.37s 36dB) (3.38s 33dB) (3.38s 30dB) (3.39s 28dB) (3.40s 32dB) (3.41s 36dB) (3.42s 39dB) (3.42s 40dB) (3.43s 38dB) (3.44s 36dB) (3.45s 34dB) (3.46s 34dB) (3.46s 39dB) (3.47s 42dB) (3.48s 41dB) (3.49s 37dB) (3.50s 31dB) (3.50s 34dB) (3.51s 38dB) (3.52s 41dB) (3.53s 41dB) (3.54s 39dB) (3.54s 35dB) (3.55s 34dB) (3.56s 38dB) (3.57s 41dB) (3.58s 41dB) (3.58s 40dB) (3.59s 37dB) (3.60s 33dB) (3.61s 35dB) (3.62s 36dB) (3.62s 38dB) (3.63s 40dB) (3.64s 38dB) (3.65s 34dB) (3.66s 31dB) (3.66s 32dB) (3.67s 35dB) (3.68s 38dB) (3.69s 39dB) (3.70s 37dB) (3.70s 32dB) (3.71s 30dB) (3.72s 36dB) (3.73s 40dB) (3.74s 41dB) (3.74s 39dB) (3.75s 34dB) (3.76s 34dB) (3.77s 38dB) (3.78s 40dB) (3.78s 42dB) (3.79s 41dB) (3.80s 38dB) (3.81s 33dB) (3.82s 33dB) (3.82s 36dB) (3.83s 37dB) (3.84s 36dB) (3.85s 34dB) (3.86s 32dB) (3.86s 34dB) (3.87s 36dB) (3.88s 36dB) (3.89s 36dB) (3.90s 35dB) (3.90s 34dB) (3.91s 35dB) (3.92s 37dB) (3.93s 37dB) (3.94s 37dB) (3.94s 38dB) (3.95s 35dB) (3.96s 31dB) (3.97s 32dB) (3.98s 35dB) (3.98s 37dB) (3.99s 39dB) (4.00s 39dB) (4.01s 37dB) (4.02s 35dB) (4.02s 39dB) (4.03s 41dB) (4.04s 41dB) (4.05s 40dB) (4.06s 37dB) (4.06s 34dB) (4.07s 36dB) (4.08s 39dB) (4.09s 39dB) (4.10s 38dB) (4.10s 36dB) (4.11s 34dB) (4.12s 34dB) (4.13s 38dB) (4.14s 39dB) (4.14s 38dB) (4.15s 37dB) (4.16s 36dB) (4.17s 35dB) (4.18s 36dB) (4.18s 35dB) (4.19s 33dB) (4.20s 31dB) (4.21s 31dB) (4.22s 33dB) (4.22s 35dB) (4.23s 35dB) (4.24s 35dB) (4.25s 31dB) (4.26s 28dB) (4.26s 30dB) (4.27s 34dB) (4.28s 38dB) (4.29s 38dB) (4.30s 36dB) (4.30s 32dB) (4.31s 31dB) (4.32s 35dB) (4.33s 37dB) (4.34s 39dB) (4.34s 37dB) (4.35s 33dB) (4.36s 34dB) (4.37s 37dB) (4.38s 39dB) (4.38s 40dB) (4.39s 39dB) (4.40s 36dB) (4.41s 34dB) (4.42s 37dB) (4.42s 38dB) (4.43s 38dB) (4.44s 36dB) (4.45s 34dB) (4.46s 32dB) (4.46s 34dB) (4.47s 35dB) (4.48s 33dB) (4.49s 33dB) (4.50s 34dB) (4.50s 35dB) (4.51s 37dB) (4.52s 37dB) (4.53s 35dB) (4.54s 34dB) (4.54s 33dB) (4.55s 34dB) (4.56s 33dB) (4.57s 32dB) (4.58s 32dB) (4.58s 32dB) (4.59s 30dB) (4.60s 29dB) (4.61s 29dB) (4.62s 30dB) (4.62s 31dB) (4.63s 30dB) (4.64s 30dB) (4.65s 31dB) (4.66s 34dB) (4.66s 36dB) (4.67s 36dB) (4.68s 34dB) (4.69s 32dB) (4.70s 32dB) (4.70s 34dB) (4.71s 35dB) (4.72s 36dB) (4.73s 35dB) (4.74s 34dB) (4.74s 35dB) (4.75s 36dB) (4.76s 36dB) (4.77s 35dB) (4.78s 31dB) (4.78s 29dB) (4.79s 35dB) (4.80s 37dB) (4.81s 38dB) (4.82s 38dB) (4.82s 37dB) (4.83s 35dB) (4.84s 35dB) (4.85s 36dB) (4.86s 34dB) (4.86s 27dB) (4.87s 32dB) (4.88s 38dB) (4.89s 39dB) (4.90s 37dB) (4.90s 37dB) (4.91s 40dB) (4.92s 42dB) (4.93s 43dB) (4.94s 44dB) (4.94s 43dB) (4.95s 39dB) (4.96s 37dB) (4.97s 40dB) (4.98s 42dB) (4.98s 41dB) (4.99s 39dB) (5.00s 39dB) (5.01s 40dB) (5.02s 42dB) (5.02s 42dB) (5.03s 41dB) (5.04s 41dB) (5.05s 40dB) (5.06s 39dB) (5.06s 40dB) (5.07s 42dB) (5.08s 43dB) (5.09s 41dB) (5.10s 39dB) (5.10s 37dB) (5.11s 40dB) (5.12s 42dB) (5.13s 42dB) (5.14s 42dB) (5.14s 40dB) (5.15s 37dB) (5.16s 37dB) (5.17s 39dB) (5.18s 40dB) (5.18s 38dB) (5.19s 36dB) (5.20s 35dB) (5.21s 36dB) (5.22s 38dB) (5.22s 38dB) (5.23s 37dB) (5.24s 36dB) (5.25s 34dB) (5.26s 35dB) (5.26s 37dB) (5.27s 39dB) (5.28s 41dB) (5.29s 39dB) (5.30s 35dB) (5.30s 32dB) (5.31s 35dB) (5.32s 36dB) (5.33s 34dB) (5.34s 31dB) (5.34s 33dB) (5.35s 33dB) (5.36s 32dB) (5.37s 31dB) (5.38s 33dB) (5.38s 34dB) (5.39s 37dB) (5.40s 38dB) (5.41s 38dB) (5.42s 37dB) (5.42s 35dB) (5.43s 33dB) (5.44s 33dB) (5.45s 34dB) (5.46s 35dB) (5.46s 34dB) (5.47s 33dB) (5.48s 31dB) (5.49s 33dB) (5.50s 36dB) (5.50s 38dB) (5.51s 39dB) (5.52s 37dB) (5.53s 44dB) (5.54s 55dB) (5.54s 62dB) (5.55s 67dB) (5.56s 69dB) (5.57s 69dB) (5.58s 69dB) (5.58s 69dB) (5.59s 69dB) (5.60s 69dB) (5.61s 69dB) (5.62s 69dB) (5.62s 69dB) (5.63s 70dB) (5.64s 70dB) (5.65s 70dB) (5.66s 70dB) (5.66s 70dB) (5.67s 70dB) (5.68s 70dB) (5.69s 70dB) (5.70s 70dB) (5.70s 70dB) (5.71s 70dB) (5.72s 70dB) (5.73s 70dB) (5.74s 70dB) (5.74s 71dB) (5.75s 71dB) (5.76s 71dB) (5.77s 71dB) (5.78s 71dB) (5.78s 71dB) (5.79s 71dB) (5.80s 71dB) (5.81s 71dB) (5.82s 71dB) (5.82s 71dB) (5.83s 71dB) (5.84s 71dB) (5.85s 71dB) (5.86s 71dB) (5.86s 71dB) (5.87s 70dB) (5.88s 70dB) (5.89s 70dB) (5.90s 71dB) (5.90s 70dB) (5.91s 70dB) (5.92s 70dB) (5.93s 70dB) (5.94s 70dB) (5.94s 70dB) (5.95s 70dB) (5.96s 70dB) (5.97s 70dB) (5.98s 70dB) (5.98s 70dB) (5.99s 70dB) (6.00s 70dB) (6.01s 70dB) (6.02s 70dB) (6.02s 69dB) (6.03s 69dB) (6.04s 69dB) (6.05s 69dB) (6.06s 69dB) (6.06s 69dB) (6.07s 70dB) (6.08s 70dB) (6.09s 70dB) (6.10s 69dB) (6.10s 69dB) (6.11s 69dB) (6.12s 69dB) (6.13s 69dB) (6.14s 69dB) (6.14s 69dB) (6.15s 69dB) (6.16s 69dB) (6.17s 69dB) (6.18s 69dB) (6.18s 69dB) (6.19s 69dB) (6.20s 69dB) (6.21s 70dB) (6.22s 70dB) (6.22s 70dB) (6.23s 70dB) (6.24s 70dB) (6.25s 70dB) (6.26s 70dB) (6.26s 70dB) (6.27s 70dB) (6.28s 70dB) (6.29s 70dB) (6.30s 70dB) (6.30s 70dB) (6.31s 70dB) (6.32s 70dB) (6.33s 70dB) (6.34s 70dB) (6.34s 70dB) (6.35s 70dB) (6.36s 70dB) (6.37s 70dB) (6.38s 69dB) (6.38s 69dB) (6.39s 69dB) (6.40s 69dB) (6.41s 69dB) (6.42s 70dB) (6.42s 70dB) (6.43s 70dB) (6.44s 70dB) (6.45s 70dB) (6.46s 70dB) (6.46s 70dB) (6.47s 70dB) (6.48s 70dB) (6.49s 70dB) (6.50s 70dB) (6.50s 70dB) (6.51s 70dB) (6.52s 69dB) (6.53s 69dB) (6.54s 69dB) (6.54s 69dB) (6.55s 69dB) (6.56s 69dB) (6.57s 69dB) (6.58s 69dB) (6.58s 69dB) (6.59s 69dB) (6.60s 69dB) (6.61s 70dB) (6.62s 69dB) (6.62s 69dB) (6.63s 69dB) (6.64s 69dB) (6.65s 69dB) (6.66s 69dB) (6.66s 69dB) (6.67s 69dB) (6.68s 69dB) (6.69s 69dB) (6.70s 69dB) (6.70s 69dB) (6.71s 69dB) (6.72s 68dB) (6.73s 68dB) (6.74s 68dB) (6.74s 67dB) (6.75s 67dB) (6.76s 67dB) (6.77s 67dB) (6.78s 67dB) (6.78s 67dB) (6.79s 67dB) (6.80s 67dB) (6.81s 67dB) (6.82s 67dB) (6.82s 68dB) (6.83s 68dB) (6.84s 69dB) (6.85s 69dB) (6.86s 69dB) (6.86s 69dB) (6.87s 69dB) (6.88s 70dB) (6.89s 70dB) (6.90s 69dB) (6.90s 69dB) (6.91s 69dB) (6.92s 69dB) (6.93s 69dB) (6.94s 68dB) (6.94s 68dB) (6.95s 68dB) (6.96s 68dB) (6.97s 68dB) (6.98s 68dB) (6.98s 68dB) (6.99s 69dB) (7.00s 69dB) (7.01s 69dB) (7.02s 69dB) (7.02s 69dB) (7.03s 69dB) (7.04s 69dB) (7.05s 69dB) (7.06s 68dB) (7.06s 68dB) (7.07s 68dB) (7.08s 68dB) (7.09s 68dB) (7.10s 68dB) (7.10s 68dB) (7.11s 69dB) (7.12s 69dB) (7.13s 69dB) (7.14s 69dB) (7.14s 68dB) (7.15s 68dB) (7.16s 69dB) (7.17s 69dB) (7.18s 69dB) (7.18s 69dB) (7.19s 69dB) (7.20s 69dB) (7.21s 69dB) (7.22s 69dB) (7.22s 69dB)
Segment 1: 5.54 9.83
Segment 2: 11.22 15.30
Segment 3: 16.70 19.86
Segment 4: 21.65 26.40
Segment 5: 28.55 34.14
Processing vowel segments of audio_files_pre/VOW/1234573/1234573_2_VOW_2_pre.wav
(0.03s 44dB) (0.04s 44dB) (0.05s 44dB) (0.06s 44dB) (0.06s 42dB) (0.07s 38dB) (0.08s 41dB) (0.09s 43dB) (0.10s 45dB) (0.10s 46dB) (0.11s 45dB) (0.12s 41dB) (0.13s 41dB) (0.14s 44dB) (0.14s 45dB) (0.15s 46dB) (0.16s 45dB) (0.17s 43dB) (0.18s 42dB) (0.18s 45dB) (0.19s 48dB) (0.20s 48dB) (0.21s 46dB) (0.22s 43dB) (0.22s 40dB) (0.23s 43dB) (0.24s 46dB) (0.25s 45dB) (0.26s 44dB) (0.26s 44dB) (0.27s 43dB) (0.28s 39dB) (0.29s 35dB) (0.30s 39dB) (0.30s 44dB) (0.31s 46dB) (0.32s 47dB) (0.33s 45dB) (0.34s 42dB) (0.34s 46dB) (0.35s 51dB) (0.36s 52dB) (0.37s 52dB) (0.38s 51dB) (0.38s 50dB) (0.39s 48dB) (0.40s 49dB) (0.41s 51dB) (0.42s 51dB) (0.42s 51dB) (0.43s 51dB) (0.44s 51dB) (0.45s 50dB) (0.46s 49dB) (0.46s 48dB) (0.47s 48dB) (0.48s 49dB) (0.49s 50dB) (0.50s 50dB) (0.50s 49dB) (0.51s 47dB) (0.52s 47dB) (0.53s 47dB) (0.54s 47dB) (0.54s 48dB) (0.55s 48dB) (0.56s 47dB) (0.57s 45dB) (0.58s 45dB) (0.58s 47dB) (0.59s 47dB) (0.60s 47dB) (0.61s 45dB) (0.62s 43dB) (0.62s 44dB) (0.63s 47dB) (0.64s 49dB) (0.65s 49dB) (0.66s 49dB) (0.66s 47dB) (0.67s 46dB) (0.68s 47dB) (0.69s 47dB) (0.70s 47dB) (0.70s 47dB) (0.71s 48dB) (0.72s 49dB) (0.73s 49dB) (0.74s 49dB) (0.74s 48dB) (0.75s 48dB) (0.76s 47dB) (0.77s 45dB) (0.78s 43dB) (0.78s 46dB) (0.79s 49dB) (0.80s 50dB) (0.81s 50dB) (0.82s 51dB) (0.82s 50dB) (0.83s 48dB) (0.84s 49dB) (0.85s 49dB) (0.86s 46dB) (0.86s 44dB) (0.87s 45dB) (0.88s 47dB) (0.89s 51dB) (0.90s 54dB) (0.90s 53dB) (0.91s 51dB) (0.92s 50dB) (0.93s 47dB) (0.94s 43dB) (0.94s 47dB) (0.95s 50dB) (0.96s 50dB) (0.97s 51dB) (0.98s 50dB) (0.98s 46dB) (0.99s 42dB) (1.00s 41dB) (1.01s 43dB) (1.02s 43dB) (1.02s 41dB) (1.03s 39dB) (1.04s 36dB) (1.05s 36dB) (1.06s 39dB) (1.06s 39dB) (1.07s 40dB) (1.08s 43dB) (1.09s 43dB) (1.10s 43dB) (1.10s 43dB) (1.11s 41dB) (1.12s 39dB) (1.13s 41dB) (1.14s 43dB) (1.14s 46dB) (1.15s 48dB) (1.16s 47dB) (1.17s 43dB) (1.18s 42dB) (1.18s 46dB) (1.19s 48dB) (1.20s 49dB) (1.21s 48dB) (1.22s 47dB) (1.22s 47dB) (1.23s 46dB) (1.24s 45dB) (1.25s 46dB) (1.26s 48dB) (1.26s 47dB) (1.27s 41dB) (1.28s 45dB) (1.29s 49dB) (1.30s 49dB) (1.30s 45dB) (1.31s 41dB) (1.32s 38dB) (1.33s 34dB) (1.34s 38dB) (1.34s 40dB) (1.35s 41dB) (1.36s 40dB) (1.37s 38dB) (1.38s 34dB) (1.38s 37dB) (1.39s 41dB) (1.40s 41dB) (1.41s 38dB) (1.42s 35dB) (1.42s 34dB) (1.43s 38dB) (1.44s 40dB) (1.45s 39dB) (1.46s 36dB) (1.46s 33dB) (1.47s 35dB) (1.48s 38dB) (1.49s 40dB) (1.50s 41dB) (1.50s 40dB) (1.51s 37dB) (1.52s 36dB) (1.53s 38dB) (1.54s 41dB) (1.54s 42dB) (1.55s 41dB) (1.56s 37dB) (1.57s 36dB) (1.58s 38dB) (1.58s 40dB) (1.59s 40dB) (1.60s 38dB) (1.61s 34dB) (1.62s 34dB) (1.62s 36dB) (1.63s 37dB) (1.64s 37dB) (1.65s 33dB) (1.66s 35dB) (1.66s 38dB) (1.67s 40dB) (1.68s 39dB) (1.69s 35dB) (1.70s 29dB) (1.70s 32dB) (1.71s 37dB) (1.72s 40dB) (1.73s 41dB) (1.74s 46dB) (1.74s 51dB) (1.75s 54dB) (1.76s 61dB) (1.77s 66dB) (1.78s 71dB) (1.78s 74dB) (1.79s 74dB) (1.80s 72dB) (1.81s 69dB) (1.82s 67dB) (1.82s 68dB) (1.83s 68dB) (1.84s 67dB) (1.85s 64dB) (1.86s 60dB) (1.86s 51dB) (1.87s 52dB) (1.88s 57dB) (1.89s 60dB) (1.90s 60dB) (1.90s 58dB) (1.91s 53dB) (1.92s 50dB) (1.93s 52dB) (1.94s 55dB) (1.94s 56dB) (1.95s 57dB) (1.96s 57dB) (1.97s 53dB) (1.98s 49dB) (1.98s 48dB) (1.99s 51dB) (2.00s 53dB) (2.01s 55dB) (2.02s 54dB) (2.02s 53dB) (2.03s 51dB) (2.04s 48dB) (2.05s 50dB) (2.06s 52dB) (2.06s 53dB) (2.07s 52dB) (2.08s 50dB) (2.09s 46dB) (2.10s 44dB) (2.10s 47dB) (2.11s 49dB) (2.12s 48dB) (2.13s 47dB) (2.14s 45dB) (2.14s 45dB) (2.15s 47dB) (2.16s 45dB) (2.17s 41dB) (2.18s 38dB) (2.18s 42dB) (2.19s 46dB) (2.20s 48dB) (2.21s 45dB) (2.22s 42dB) (2.22s 43dB) (2.23s 45dB) (2.24s 48dB) (2.25s 49dB) (2.26s 48dB) (2.26s 46dB) (2.27s 47dB) (2.28s 49dB) (2.29s 49dB) (2.30s 48dB) (2.30s 46dB) (2.31s 43dB) (2.32s 45dB) (2.33s 47dB) (2.34s 48dB) (2.34s 46dB) (2.35s 43dB) (2.36s 39dB) (2.37s 40dB) (2.38s 45dB) (2.38s 47dB) (2.39s 45dB) (2.40s 42dB) (2.41s 39dB) (2.42s 38dB) (2.42s 41dB) (2.43s 44dB) (2.44s 44dB) (2.45s 42dB) (2.46s 39dB) (2.46s 36dB) (2.47s 40dB) (2.48s 44dB) (2.49s 46dB) (2.50s 45dB) (2.50s 40dB) (2.51s 37dB) (2.52s 42dB) (2.53s 46dB) (2.54s 48dB) (2.54s 47dB) (2.55s 43dB) (2.56s 40dB) (2.57s 43dB) (2.58s 46dB) (2.58s 47dB) (2.59s 45dB) (2.60s 41dB) (2.61s 38dB) (2.62s 42dB) (2.62s 45dB) (2.63s 46dB) (2.64s 45dB) (2.65s 41dB) (2.66s 39dB) (2.66s 41dB) (2.67s 44dB) (2.68s 45dB) (2.69s 45dB) (2.70s 43dB) (2.70s 40dB) (2.71s 39dB) (2.72s 42dB) (2.73s 43dB) (2.74s 43dB) (2.74s 44dB) (2.75s 43dB) (2.76s 39dB) (2.77s 38dB) (2.78s 40dB) (2.78s 43dB) (2.79s 45dB) (2.80s 46dB) (2.81s 43dB) (2.82s 37dB) (2.82s 39dB) (2.83s 42dB) (2.84s 44dB) (2.85s 43dB) (2.86s 41dB) (2.86s 38dB) (2.87s 35dB) (2.88s 37dB) (2.89s 39dB) (2.90s 40dB) (2.90s 43dB) (2.91s 44dB) (2.92s 41dB) (2.93s 37dB) (2.94s 35dB) (2.94s 38dB) (2.95s 41dB) (2.96s 43dB) (2.97s 44dB) (2.98s 43dB) (2.98s 41dB) (2.99s 37dB) (3.00s 38dB) (3.01s 40dB) (3.02s 40dB) (3.02s 39dB) (3.03s 40dB) (3.04s 41dB) (3.05s 44dB) (3.06s 45dB) (3.06s 44dB) (3.07s 41dB) (3.08s 38dB) (3.09s 37dB) (3.10s 37dB) (3.10s 39dB) (3.11s 42dB) (3.12s 41dB) (3.13s 40dB) (3.14s 42dB) (3.14s 42dB) (3.15s 39dB) (3.16s 35dB) (3.17s 38dB) (3.18s 40dB) (3.18s 43dB) (3.19s 46dB) (3.20s 46dB) (3.21s 43dB) (3.22s 39dB) (3.22s 37dB) (3.23s 39dB) (3.24s 43dB) (3.25s 45dB) (3.26s 44dB) (3.26s 43dB) (3.27s 43dB) (3.28s 42dB) (3.29s 40dB) (3.30s 41dB) (3.30s 42dB) (3.31s 42dB) (3.32s 42dB) (3.33s 42dB) (3.34s 41dB) (3.34s 42dB) (3.35s 43dB) (3.36s 43dB) (3.37s 40dB) (3.38s 37dB) (3.38s 37dB) (3.39s 40dB) (3.40s 42dB) (3.41s 43dB) (3.42s 40dB) (3.42s 35dB) (3.43s 33dB) (3.44s 36dB) (3.45s 39dB) (3.46s 40dB) (3.46s 38dB) (3.47s 33dB) (3.48s 30dB) (3.49s 31dB) (3.50s 34dB) (3.50s 35dB) (3.51s 36dB) (3.52s 37dB) (3.53s 37dB) (3.54s 38dB) (3.54s 37dB) (3.55s 37dB) (3.56s 37dB) (3.57s 39dB) (3.58s 39dB) (3.58s 39dB) (3.59s 39dB) (3.60s 38dB) (3.61s 38dB) (3.62s 36dB) (3.62s 35dB) (3.63s 37dB) (3.64s 38dB) (3.65s 37dB) (3.66s 36dB) (3.66s 34dB) (3.67s 34dB) (3.68s 37dB) (3.69s 39dB) (3.70s 40dB) (3.70s 39dB) (3.71s 35dB) (3.72s 33dB) (3.73s 36dB) (3.74s 40dB) (3.74s 41dB) (3.75s 40dB) (3.76s 39dB) (3.77s 38dB) (3.78s 37dB) (3.78s 37dB) (3.79s 39dB) (3.80s 41dB) (3.81s 40dB) (3.82s 40dB) (3.82s 39dB) (3.83s 37dB) (3.84s 40dB) (3.85s 44dB) (3.86s 46dB) (3.86s 46dB) (3.87s 44dB) (3.88s 41dB) (3.89s 38dB) (3.90s 43dB) (3.90s 46dB) (3.91s 47dB) (3.92s 46dB) (3.93s 44dB) (3.94s 42dB) (3.94s 42dB) (3.95s 44dB) (3.96s 45dB) (3.97s 45dB) (3.98s 43dB) (3.98s 42dB) (3.99s 40dB) (4.00s 39dB) (4.01s 41dB) (4.02s 43dB) (4.02s 44dB) (4.03s 42dB) (4.04s 37dB) (4.05s 33dB) (4.06s 38dB) (4.06s 43dB) (4.07s 44dB) (4.08s 43dB) (4.09s 43dB) (4.10s 41dB) (4.10s 41dB) (4.11s 41dB) (4.12s 40dB) (4.13s 39dB) (4.14s 37dB) (4.14s 35dB) (4.15s 39dB) (4.16s 43dB) (4.17s 45dB) (4.18s 43dB) (4.18s 40dB) (4.19s 37dB) (4.20s 40dB) (4.21s 42dB) (4.22s 44dB) (4.22s 44dB) (4.23s 40dB) (4.24s 34dB) (4.25s 35dB) (4.26s 39dB) (4.26s 43dB) (4.27s 43dB) (4.28s 41dB) (4.29s 38dB) (4.30s 34dB) (4.30s 38dB) (4.31s 43dB) (4.32s 44dB) (4.33s 43dB) (4.34s 41dB) (4.34s 37dB) (4.35s 37dB) (4.36s 40dB) (4.37s 41dB) (4.38s 41dB) (4.38s 41dB) (4.39s 37dB) (4.40s 34dB) (4.41s 36dB) (4.42s 37dB) (4.42s 37dB) (4.43s 37dB) (4.44s 36dB) (4.45s 36dB) (4.46s 35dB) (4.46s 36dB) (4.47s 35dB) (4.48s 34dB) (4.49s 32dB) (4.50s 35dB) (4.50s 38dB) (4.51s 38dB) (4.52s 36dB) (4.53s 34dB) (4.54s 35dB) (4.54s 38dB) (4.55s 39dB) (4.56s 39dB) (4.57s 37dB) (4.58s 36dB) (4.58s 39dB) (4.59s 43dB) (4.60s 52dB) (4.61s 62dB) (4.62s 67dB) (4.62s 69dB) (4.63s 70dB) (4.64s 71dB) (4.65s 71dB) (4.66s 72dB) (4.66s 72dB) (4.67s 72dB) (4.68s 72dB) (4.69s 72dB) (4.70s 72dB) (4.70s 72dB) (4.71s 72dB) (4.72s 72dB) (4.73s 72dB) (4.74s 72dB) (4.74s 72dB) (4.75s 72dB) (4.76s 72dB) (4.77s 72dB) (4.78s 72dB) (4.78s 72dB) (4.79s 72dB) (4.80s 72dB) (4.81s 72dB) (4.82s 72dB) (4.82s 72dB) (4.83s 72dB) (4.84s 72dB) (4.85s 72dB) (4.86s 72dB) (4.86s 72dB) (4.87s 72dB) (4.88s 72dB) (4.89s 71dB) (4.90s 71dB) (4.90s 71dB) (4.91s 71dB) (4.92s 71dB) (4.93s 71dB) (4.94s 70dB) (4.94s 70dB) (4.95s 70dB) (4.96s 69dB) (4.97s 69dB) (4.98s 69dB) (4.98s 69dB) (4.99s 68dB) (5.00s 68dB) (5.01s 68dB) (5.02s 68dB) (5.02s 68dB) (5.03s 68dB) (5.04s 68dB) (5.05s 69dB) (5.06s 69dB) (5.06s 69dB) (5.07s 69dB) (5.08s 69dB) (5.09s 69dB) (5.10s 69dB) (5.10s 69dB) (5.11s 69dB) (5.12s 69dB) (5.13s 69dB) (5.14s 69dB) (5.14s 69dB) (5.15s 69dB) (5.16s 69dB) (5.17s 69dB) (5.18s 69dB) (5.18s 69dB) (5.19s 69dB) (5.20s 69dB) (5.21s 69dB) (5.22s 69dB) (5.22s 69dB) (5.23s 69dB) (5.24s 69dB) (5.25s 69dB) (5.26s 69dB) (5.26s 69dB) (5.27s 69dB) (5.28s 69dB) (5.29s 69dB) (5.30s 69dB) (5.30s 69dB) (5.31s 69dB) (5.32s 69dB) (5.33s 69dB) (5.34s 69dB) (5.34s 69dB) (5.35s 69dB) (5.36s 69dB) (5.37s 69dB) (5.38s 69dB) (5.38s 69dB) (5.39s 69dB) (5.40s 69dB) (5.41s 69dB) (5.42s 69dB) (5.42s 69dB) (5.43s 69dB) (5.44s 69dB) (5.45s 68dB) (5.46s 68dB) (5.46s 69dB) (5.47s 69dB) (5.48s 69dB) (5.49s 69dB) (5.50s 69dB) (5.50s 70dB) (5.51s 70dB) (5.52s 70dB) (5.53s 70dB) (5.54s 70dB) (5.54s 70dB) (5.55s 70dB) (5.56s 70dB) (5.57s 70dB) (5.58s 69dB) (5.58s 69dB) (5.59s 68dB) (5.60s 68dB) (5.61s 67dB) (5.62s 67dB) (5.62s 67dB) (5.63s 67dB) (5.64s 67dB) (5.65s 67dB) (5.66s 67dB) (5.66s 67dB) (5.67s 67dB) (5.68s 67dB) (5.69s 67dB) (5.70s 67dB) (5.70s 68dB) (5.71s 68dB) (5.72s 68dB) (5.73s 68dB) (5.74s 68dB) (5.74s 68dB) (5.75s 69dB) (5.76s 69dB) (5.77s 69dB) (5.78s 69dB) (5.78s 69dB) (5.79s 69dB) (5.80s 69dB) (5.81s 68dB) (5.82s 68dB) (5.82s 68dB) (5.83s 68dB) (5.84s 68dB) (5.85s 68dB) (5.86s 68dB) (5.86s 68dB) (5.87s 68dB) (5.88s 68dB) (5.89s 68dB) (5.90s 68dB) (5.90s 68dB) (5.91s 68dB) (5.92s 68dB) (5.93s 68dB) (5.94s 68dB) (5.94s 69dB) (5.95s 69dB) (5.96s 69dB) (5.97s 69dB) (5.98s 69dB) (5.98s 69dB) (5.99s 70dB) (6.00s 69dB) (6.01s 69dB) (6.02s 69dB) (6.02s 69dB) (6.03s 69dB) (6.04s 69dB) (6.05s 69dB) (6.06s 69dB) (6.06s 68dB) (6.07s 68dB) (6.08s 68dB) (6.09s 68dB) (6.10s 68dB) (6.10s 68dB) (6.11s 68dB) (6.12s 68dB) (6.13s 68dB) (6.14s 68dB) (6.14s 68dB) (6.15s 68dB) (6.16s 68dB) (6.17s 68dB) (6.18s 68dB) (6.18s 69dB) (6.19s 69dB) (6.20s 69dB) (6.21s 69dB) (6.22s 69dB) (6.22s 69dB) (6.23s 69dB) (6.24s 69dB) (6.25s 69dB) (6.26s 69dB) (6.26s 69dB) (6.27s 69dB) (6.28s 69dB) (6.29s 69dB) (6.30s 69dB) (6.30s 69dB) (6.31s 69dB) (6.32s 68dB) (6.33s 68dB) (6.34s 68dB) (6.34s 68dB) (6.35s 67dB) (6.36s 67dB) (6.37s 67dB) (6.38s 67dB) (6.38s 67dB) (6.39s 67dB) (6.40s 67dB) (6.41s 67dB) (6.42s 67dB) (6.42s 67dB) (6.43s 67dB) (6.44s 67dB) (6.45s 67dB) (6.46s 67dB) (6.46s 68dB) (6.47s 68dB) (6.48s 68dB) (6.49s 68dB) (6.50s 68dB) (6.50s 68dB) (6.51s 68dB) (6.52s 68dB) (6.53s 68dB) (6.54s 68dB) (6.54s 68dB) (6.55s 68dB) (6.56s 68dB) (6.57s 68dB) (6.58s 68dB) (6.58s 68dB) (6.59s 68dB) (6.60s 68dB) (6.61s 68dB) (6.62s 68dB) (6.62s 68dB) (6.63s 68dB) (6.64s 68dB) (6.65s 68dB) (6.66s 68dB) (6.66s 68dB) (6.67s 68dB) (6.68s 68dB) (6.69s 68dB) (6.70s 68dB) (6.70s 68dB) (6.71s 68dB) (6.72s 68dB) (6.73s 67dB) (6.74s 68dB) (6.74s 68dB) (6.75s 68dB) (6.76s 67dB) (6.77s 67dB) (6.78s 67dB) (6.78s 67dB) (6.79s 67dB) (6.80s 66dB) (6.81s 66dB) (6.82s 66dB) (6.82s 67dB) (6.83s 67dB) (6.84s 67dB) (6.85s 67dB) (6.86s 67dB) (6.86s 67dB) (6.87s 67dB) (6.88s 67dB) (6.89s 67dB) (6.90s 68dB) (6.90s 68dB) (6.91s 68dB) (6.92s 68dB) (6.93s 68dB) (6.94s 67dB) (6.94s 67dB) (6.95s 67dB) (6.96s 67dB) (6.97s 67dB) (6.98s 67dB) (6.98s 67dB) (6.99s 67dB) (7.00s 67dB) (7.01s 67dB) (7.02s 67dB) (7.02s 67dB) (7.03s 67dB) (7.04s 67dB) (7.05s 67dB) (7.06s 67dB) (7.06s 67dB) (7.07s 67dB) (7.08s 67dB) (7.09s 67dB) (7.10s 67dB) (7.10s 67dB) (7.11s 67dB) (7.12s 67dB) (7.13s 67dB) (7.14s 67dB) (7.14s 68dB) (7.15s 68dB) (7.16s 68dB) (7.17s 68dB) (7.18s 68dB) (7.18s 68dB) (7.19s 67dB) (7.20s 67dB) (7.21s 67dB) (7.22s 67dB) (7.22s 67dB)
Segment 1: 4.60 8.83
Segment 2: 10.43 14.78
Segment 3: 16.21 19.88
Segment 4: 21.65 25.45
Segment 5: 26.76 31.03
Processing vowel segments of audio_files_pre/SEN/1234572/1234572_1_SEN_3_pre.wav
Processing vowel segments of audio_files_pre/SEN/1234572/1234572_0_SEN_3_pre.wav
Processing vowel segments of audio_files_pre/SEN/1234572/1234572_1_SEN_1_pre.wav
Processing vowel segments of audio_files_pre/SEN/1234572/1234572_2_SEN_3_pre.wav
Processing vowel segments of audio_files_pre/SEN/1234572/1234572_2_SEN_2_pre.wav
Processing vowel segments of audio_files_pre/SEN/1234572/1234572_1_SEN_2_pre.wav
Processing vowel segments of audio_files_pre/SEN/1234572/1234572_0_SEN_2_pre.wav
Processing vowel segments of audio_files_pre/SEN/1234572/1234572_0_SEN_1_pre.wav
Processing vowel segments of audio_files_pre/SEN/1234572/1234572_2_SEN_1_pre.wav
Processing vowel segments of audio_files_pre/SEN/1234576/1234576_1_SEN_1_pre.wav
Processing vowel segments of audio_files_pre/SEN/1234576/1234576_2_SEN_2_pre.wav
Processing vowel segments of audio_files_pre/SEN/1234576/1234576_0_SEN_3_pre.wav
Processing vowel segments of audio_files_pre/SEN/1234576/1234576_0_SEN_1_pre.wav
Processing vowel segments of audio_files_pre/SEN/1234576/1234576_1_SEN_2_pre.wav
Processing vowel segments of audio_files_pre/SEN/1234576/1234576_1_SEN_3_pre.wav
Processing vowel segments of audio_files_pre/SEN/1234576/1234576_2_SEN_3_pre.wav
Processing vowel segments of audio_files_pre/SEN/1234576/1234576_2_SEN_1_pre.wav
Processing vowel segments of audio_files_pre/SEN/1234576/1234576_0_SEN_2_pre.wav
Processing vowel segments of audio_files_pre/SEN/1234578/1234578_1_SEN_1_pre.wav
Processing vowel segments of audio_files_pre/SEN/1234578/1234578_0_SEN_1_pre.wav
Processing vowel segments of audio_files_pre/SEN/1234578/1234578_1_SEN_2_pre.wav
Processing vowel segments of audio_files_pre/SEN/1234578/1234578_2_SEN_1_pre.wav
Processing vowel segments of audio_files_pre/SEN/1234578/1234578_0_SEN_3_pre.wav
Processing vowel segments of audio_files_pre/SEN/1234578/1234578_2_SEN_2_pre.wav
Processing vowel segments of audio_files_pre/SEN/1234578/1234578_2_SEN_3_pre.wav
Processing vowel segments of audio_files_pre/SEN/1234578/1234578_1_SEN_3_pre.wav
Processing vowel segments of audio_files_pre/SEN/1234578/1234578_0_SEN_2_pre.wav
Processing vowel segments of audio_files_pre/SEN/1234571/1234571_0_SEN_3_pre.wav
Processing vowel segments of audio_files_pre/SEN/1234571/1234571_0_SEN_1_pre.wav
Processing vowel segments of audio_files_pre/SEN/1234571/1234571_4_SEN_2_pre.wav
Processing vowel segments of audio_files_pre/SEN/1234571/1234571_3_SEN_1_pre.wav
Processing vowel segments of audio_files_pre/SEN/1234571/1234571_3_SEN_3_pre.wav
Processing vowel segments of audio_files_pre/SEN/1234571/1234571_4_SEN_1_pre.wav
Processing vowel segments of audio_files_pre/SEN/1234571/1234571_2_SEN_3_pre.wav
Processing vowel segments of audio_files_pre/SEN/1234571/1234571_2_SEN_2_pre.wav
Processing vowel segments of audio_files_pre/SEN/1234571/1234571_3_SEN_2_pre.wav
Processing vowel segments of audio_files_pre/SEN/1234571/1234571_1_SEN_3_pre.wav
Processing vowel segments of audio_files_pre/SEN/1234571/1234571_1_SEN_2_pre.wav
Processing vowel segments of audio_files_pre/SEN/1234571/1234571_2_SEN_1_pre.wav
Processing vowel segments of audio_files_pre/SEN/1234571/1234571_1_SEN_1_pre.wav
Processing vowel segments of audio_files_pre/SEN/1234571/1234571_0_SEN_2_pre.wav
Processing vowel segments of audio_files_pre/SEN/1234571/1234571_4_SEN_3_pre.wav
Processing vowel segments of audio_files_pre/SEN/1234575/1234575_2_SEN_3_pre.wav
Processing vowel segments of audio_files_pre/SEN/1234575/1234575_2_SEN_1_pre.wav
Processing vowel segments of audio_files_pre/SEN/1234575/1234575_1_SEN_1_pre.wav
Processing vowel segments of audio_files_pre/SEN/1234575/1234575_0_SEN_2_pre.wav
Processing vowel segments of audio_files_pre/SEN/1234575/1234575_1_SEN_2_pre.wav
Processing vowel segments of audio_files_pre/SEN/1234575/1234575_0_SEN_1_pre.wav
Processing vowel segments of audio_files_pre/SEN/1234575/1234575_2_SEN_2_pre.wav
Processing vowel segments of audio_files_pre/SEN/1234575/1234575_0_SEN_3_pre.wav
Processing vowel segments of audio_files_pre/SEN/1234575/1234575_1_SEN_3_pre.wav
Processing vowel segments of audio_files_pre/SEN/1234573/1234573_1_SEN_3_pre.wav
Processing vowel segments of audio_files_pre/SEN/1234573/1234573_2_SEN_3_pre.wav
Processing vowel segments of audio_files_pre/SEN/1234573/1234573_0_SEN_3_pre.wav
Processing vowel segments of audio_files_pre/SEN/1234573/1234573_0_SEN_1_pre.wav
Processing vowel segments of audio_files_pre/SEN/1234573/1234573_2_SEN_2_pre.wav
Processing vowel segments of audio_files_pre/SEN/1234573/1234573_1_SEN_1_pre.wav
Processing vowel segments of audio_files_pre/SEN/1234573/1234573_2_SEN_1_pre.wav
Processing vowel segments of audio_files_pre/SEN/1234573/1234573_1_SEN_2_pre.wav
Processing vowel segments of audio_files_pre/SEN/1234573/1234573_0_SEN_2_pre.wav
Processing vowel segments of audio_files_pre/SEN/1234577/1234577_0_SEN_3_pre.wav
Processing vowel segments of audio_files_pre/SEN/1234577/1234577_2_SEN_3_pre.wav
Processing vowel segments of audio_files_pre/SEN/1234577/1234577_0_SEN_1_pre.wav
Processing vowel segments of audio_files_pre/SEN/1234577/1234577_1_SEN_1_pre.wav
Processing vowel segments of audio_files_pre/SEN/1234577/1234577_1_SEN_2_pre.wav
Processing vowel segments of audio_files_pre/SEN/1234577/1234577_2_SEN_1_pre.wav
Processing vowel segments of audio_files_pre/SEN/1234577/1234577_1_SEN_3_pre.wav
Processing vowel segments of audio_files_pre/SEN/1234577/1234577_2_SEN_2_pre.wav
Processing vowel segments of audio_files_pre/SEN/1234577/1234577_0_SEN_2_pre.wav
Processing vowel segments of audio_files_pre/SEN/1234570/1234570_2_SEN_1_pre.wav
Processing vowel segments of audio_files_pre/SEN/1234570/1234570_1_SEN_2_pre.wav
Processing vowel segments of audio_files_pre/SEN/1234570/1234570_2_SEN_3_pre.wav
Processing vowel segments of audio_files_pre/SEN/1234570/1234570_0_SEN_2_pre.wav
Processing vowel segments of audio_files_pre/SEN/1234570/1234570_1_SEN_3_pre.wav
Processing vowel segments of audio_files_pre/SEN/1234570/1234570_0_SEN_3_pre.wav
Processing vowel segments of audio_files_pre/SEN/1234570/1234570_1_SEN_1_pre.wav
Processing vowel segments of audio_files_pre/SEN/1234570/1234570_2_SEN_2_pre.wav
Processing vowel segments of audio_files_pre/SEN/1234570/1234570_0_SEN_1_pre.wav
Processing vowel segments of audio_files_pre/SEN/1234567/1234567_3_SEN_1_pre.wav
Processing vowel segments of audio_files_pre/SEN/1234567/1234567_3_SEN_2_pre.wav
Processing vowel segments of audio_files_pre/SEN/1234567/1234567_1_SEN_1_pre.wav
Processing vowel segments of audio_files_pre/SEN/1234567/1234567_0_SEN_3_pre.wav
Processing vowel segments of audio_files_pre/SEN/1234567/1234567_1_SEN_3_pre.wav
Processing vowel segments of audio_files_pre/SEN/1234567/1234567_4_SEN_2_pre.wav
Processing vowel segments of audio_files_pre/SEN/1234567/1234567_2_SEN_1_pre.wav
Processing vowel segments of audio_files_pre/SEN/1234567/1234567_4_SEN_1_pre.wav
Processing vowel segments of audio_files_pre/SEN/1234567/1234567_2_SEN_2_pre.wav
Processing vowel segments of audio_files_pre/SEN/1234567/1234567_4_SEN_3_pre.wav
Processing vowel segments of audio_files_pre/SEN/1234567/1234567_2_SEN_3_pre.wav
Processing vowel segments of audio_files_pre/SEN/1234567/1234567_0_SEN_2_pre.wav
Processing vowel segments of audio_files_pre/SEN/1234567/1234567_0_SEN_1_pre.wav
Processing vowel segments of audio_files_pre/SEN/1234567/1234567_1_SEN_2_pre.wav
Processing vowel segments of audio_files_pre/SEN/1234567/1234567_3_SEN_3_pre.wav
Processing vowel segments of audio_files_pre/SEN/1234568/1234568_3_SEN_2_pre.wav
Processing vowel segments of audio_files_pre/SEN/1234568/1234568_0_SEN_2_pre.wav
Processing vowel segments of audio_files_pre/SEN/1234568/1234568_1_SEN_1_pre.wav
Processing vowel segments of audio_files_pre/SEN/1234568/1234568_0_SEN_3_pre.wav
Processing vowel segments of audio_files_pre/SEN/1234568/1234568_1_SEN_3_pre.wav
Processing vowel segments of audio_files_pre/SEN/1234568/1234568_2_SEN_2_pre.wav
Processing vowel segments of audio_files_pre/SEN/1234568/1234568_1_SEN_2_pre.wav
Processing vowel segments of audio_files_pre/SEN/1234568/1234568_2_SEN_1_pre.wav
Processing vowel segments of audio_files_pre/SEN/1234568/1234568_2_SEN_3_pre.wav
Processing vowel segments of audio_files_pre/SEN/1234568/1234568_3_SEN_1_pre.wav
Processing vowel segments of audio_files_pre/SEN/1234568/1234568_3_SEN_3_pre.wav
Processing vowel segments of audio_files_pre/SEN/1234568/1234568_0_SEN_1_pre.wav
Processing vowel segments of audio_files_pre/SEN/1234574/1234574_0_SEN_3_pre.wav
Processing vowel segments of audio_files_pre/SEN/1234574/1234574_1_SEN_2_pre.wav
Processing vowel segments of audio_files_pre/SEN/1234574/1234574_2_SEN_3_pre.wav
Processing vowel segments of audio_files_pre/SEN/1234574/1234574_3_SEN_2_pre.wav
Processing vowel segments of audio_files_pre/SEN/1234574/1234574_0_SEN_2_pre.wav
Processing vowel segments of audio_files_pre/SEN/1234574/1234574_1_SEN_3_pre.wav
Processing vowel segments of audio_files_pre/SEN/1234574/1234574_3_SEN_1_pre.wav
Processing vowel segments of audio_files_pre/SEN/1234574/1234574_0_SEN_1_pre.wav
Processing vowel segments of audio_files_pre/SEN/1234574/1234574_3_SEN_3_pre.wav
Processing vowel segments of audio_files_pre/SEN/1234574/1234574_2_SEN_1_pre.wav
Processing vowel segments of audio_files_pre/SEN/1234574/1234574_1_SEN_1_pre.wav
Processing vowel segments of audio_files_pre/SEN/1234574/1234574_2_SEN_2_pre.wav
Processing vowel segments of audio_files_pre/SEN/1234569/1234569_2_SEN_3_pre.wav
Processing vowel segments of audio_files_pre/SEN/1234569/1234569_1_SEN_1_pre.wav
Processing vowel segments of audio_files_pre/SEN/1234569/1234569_3_SEN_1_pre.wav
Processing vowel segments of audio_files_pre/SEN/1234569/1234569_2_SEN_1_pre.wav
Processing vowel segments of audio_files_pre/SEN/1234569/1234569_0_SEN_2_pre.wav
Processing vowel segments of audio_files_pre/SEN/1234569/1234569_1_SEN_3_pre.wav
Processing vowel segments of audio_files_pre/SEN/1234569/1234569_1_SEN_2_pre.wav
Processing vowel segments of audio_files_pre/SEN/1234569/1234569_2_SEN_2_pre.wav
Processing vowel segments of audio_files_pre/SEN/1234569/1234569_0_SEN_1_pre.wav
Processing vowel segments of audio_files_pre/SEN/1234569/1234569_3_SEN_2_pre.wav
Processing vowel segments of audio_files_pre/SEN/1234569/1234569_3_SEN_3_pre.wav
Processing vowel segments of audio_files_pre/SEN/1234569/1234569_0_SEN_3_pre.wav
