2025-07-11 16:12:12,616 - dataframes_feature_extraction/SEN_df.csv
2025-07-11 16:12:13,010 - Patient 67
2025-07-11 16:12:13,045 - Patient 68
2025-07-11 16:12:13,085 - Patient 69
2025-07-11 16:12:13,124 - Patient 70
2025-07-11 16:12:13,163 - Patient 71
2025-07-11 16:12:13,200 - Patient 72
2025-07-11 16:12:13,233 - Patient 73
2025-07-11 16:12:13,267 - Patient 74
2025-07-11 16:12:13,316 - Patient 75
2025-07-11 16:12:13,353 - Patient 76
2025-07-11 16:12:13,389 - Patient 77
2025-07-11 16:12:13,457 -   mic_pair  mean_cosine_distance  mean_cosine_similarity
0      1-2              0.418423                0.581577
1      1-3              0.662417                0.337583
2      2-3              0.593526                0.406474
2025-07-11 16:12:13,463 - dataframes_feature_extraction/SPN_df.csv
2025-07-11 16:12:13,684 - Patient 67
2025-07-11 16:12:13,709 - Patient 68
2025-07-11 16:12:13,735 - Patient 69
2025-07-11 16:12:13,764 - Patient 70
2025-07-11 16:12:13,793 - Patient 71
2025-07-11 16:12:13,820 - Patient 72
2025-07-11 16:12:13,850 - Patient 73
2025-07-11 16:12:13,877 - Patient 74
2025-07-11 16:12:13,901 - Patient 75
2025-07-11 16:12:13,929 - Patient 76
2025-07-11 16:12:13,960 - Patient 77
2025-07-11 16:12:14,001 -   mic_pair  mean_cosine_distance  mean_cosine_similarity
0      1-2              0.531724                0.468276
1      1-3              0.446016                0.553984
2      2-3              0.698494                0.301506
2025-07-11 16:12:14,008 - dataframes_feature_extraction/VOWa_df.csv
2025-07-11 16:12:14,181 - Patient 67
2025-07-11 16:12:14,207 - Patient 68
2025-07-11 16:12:14,239 - Patient 69
2025-07-11 16:12:14,273 - Patient 70
2025-07-11 16:12:14,300 - Patient 71
2025-07-11 16:12:14,328 - Patient 72
2025-07-11 16:12:14,358 - Patient 73
2025-07-11 16:12:14,391 - Patient 74
2025-07-11 16:12:14,418 - Patient 75
2025-07-11 16:12:14,445 - Patient 76
2025-07-11 16:12:14,468 - Patient 77
2025-07-11 16:12:14,509 -   mic_pair  mean_cosine_distance  mean_cosine_similarity
0      1-2              0.496329                0.503671
1      1-3              0.444664                0.555336
2      2-3              0.730011                0.269989
2025-07-11 16:12:14,514 - dataframes_feature_extraction/VOWe_df.csv
2025-07-11 16:12:14,698 - Patient 67
2025-07-11 16:12:14,717 - Patient 68
2025-07-11 16:12:14,737 - Patient 69
2025-07-11 16:12:14,758 - Patient 70
2025-07-11 16:12:14,780 - Patient 71
2025-07-11 16:12:14,801 - Patient 72
2025-07-11 16:12:14,821 - Patient 73
2025-07-11 16:12:14,841 - Patient 74
2025-07-11 16:12:14,861 - Patient 75
2025-07-11 16:12:14,881 - Patient 76
2025-07-11 16:12:14,901 - Patient 77
2025-07-11 16:12:14,930 -   mic_pair  mean_cosine_distance  mean_cosine_similarity
0      1-2              0.075918                0.924082
1      1-3              0.162670                0.837330
2      2-3              0.255832                0.744168
2025-07-11 16:12:14,934 - dataframes_feature_extraction/VOWi_df.csv
2025-07-11 16:12:15,059 - Patient 67
2025-07-11 16:12:15,080 - Patient 68
2025-07-11 16:12:15,103 - Patient 69
2025-07-11 16:12:15,126 - Patient 70
2025-07-11 16:12:15,148 - Patient 71
2025-07-11 16:12:15,172 - Patient 72
2025-07-11 16:12:15,196 - Patient 73
2025-07-11 16:12:15,218 - Patient 74
2025-07-11 16:12:15,241 - Patient 75
2025-07-11 16:12:15,263 - Patient 76
2025-07-11 16:12:15,285 - Patient 77
2025-07-11 16:12:15,316 -   mic_pair  mean_cosine_distance  mean_cosine_similarity
0      1-2              0.227077                0.772923
1      1-3              0.324339                0.675661
2      2-3              0.532455                0.467545
2025-07-11 16:12:15,322 - dataframes_feature_extraction/VOWo_df.csv
2025-07-11 16:12:15,466 - Patient 67
2025-07-11 16:12:15,487 - Patient 68
2025-07-11 16:12:15,511 - Patient 69
2025-07-11 16:12:15,531 - Patient 70
2025-07-11 16:12:15,551 - Patient 71
2025-07-11 16:12:15,575 - Patient 72
2025-07-11 16:12:15,598 - Patient 73
2025-07-11 16:12:15,620 - Patient 74
2025-07-11 16:12:15,643 - Patient 75
2025-07-11 16:12:15,664 - Patient 76
2025-07-11 16:12:15,683 - Patient 77
2025-07-11 16:12:15,713 -   mic_pair  mean_cosine_distance  mean_cosine_similarity
0      1-2              0.292351                0.707649
1      1-3              0.346170                0.653830
2      2-3              0.655836                0.344164
2025-07-11 16:12:15,717 - dataframes_feature_extraction/VOWu_df.csv
2025-07-11 16:12:15,855 - Patient 67
2025-07-11 16:12:15,880 - Patient 68
2025-07-11 16:12:15,909 - Patient 69
2025-07-11 16:12:15,937 - Patient 70
2025-07-11 16:12:15,957 - Patient 71
2025-07-11 16:12:15,978 - Patient 72
2025-07-11 16:12:15,998 - Patient 73
2025-07-11 16:12:16,020 - Patient 74
2025-07-11 16:12:16,042 - Patient 75
2025-07-11 16:12:16,061 - Patient 76
2025-07-11 16:12:16,080 - Patient 77
2025-07-11 16:12:16,107 -   mic_pair  mean_cosine_distance  mean_cosine_similarity
0      1-2              0.106331                0.893669
1      1-3              0.510950                0.489050
2      2-3              0.513479                0.486521
