2025-07-15 11:22:09,737 - dataframes_feature_extraction/SEN_df.csv
2025-07-15 11:22:10,047 - Patient 67
2025-07-15 11:22:10,079 -   mic_pair  mean_cosine_distance  mean_cosine_similarity
0      1-2              0.300672                0.699328
1      1-3              0.988921                0.011079
2      2-3              1.011214               -0.011214
2025-07-15 11:22:10,084 - Patient 68
2025-07-15 11:22:10,115 -   mic_pair  mean_cosine_distance  mean_cosine_similarity
0      1-2              0.333768                0.666232
1      1-3              1.128070               -0.128070
2      2-3              1.064156               -0.064156
2025-07-15 11:22:10,120 - Patient 69
2025-07-15 11:22:10,150 -   mic_pair  mean_cosine_distance  mean_cosine_similarity
0      1-2              0.453358                0.546642
1      1-3              0.476014                0.523986
2      2-3              0.472069                0.527931
2025-07-15 11:22:10,155 - Patient 70
2025-07-15 11:22:10,185 -   mic_pair  mean_cosine_distance  mean_cosine_similarity
0      1-2              0.433097                0.566903
1      1-3              0.635878                0.364122
2      2-3              0.512284                0.487716
2025-07-15 11:22:10,190 - Patient 71
2025-07-15 11:22:10,219 -   mic_pair  mean_cosine_distance  mean_cosine_similarity
0      1-2              0.832616                0.167384
1      1-3              0.902350                0.097650
2      2-3              0.867102                0.132898
2025-07-15 11:22:10,223 - Patient 72
2025-07-15 11:22:10,251 -   mic_pair  mean_cosine_distance  mean_cosine_similarity
0      1-2              0.596940                0.403060
1      1-3              0.476014                0.523986
2      2-3              0.624468                0.375532
2025-07-15 11:22:10,255 - Patient 73
2025-07-15 11:22:10,283 -   mic_pair  mean_cosine_distance  mean_cosine_similarity
0      1-2              0.478180                0.521820
1      1-3              0.794774                0.205226
2      2-3              0.597162                0.402838
2025-07-15 11:22:10,287 - Patient 74
2025-07-15 11:22:10,313 -   mic_pair  mean_cosine_distance  mean_cosine_similarity
0      1-2              0.903866                0.096134
1      1-3              0.764761                0.235239
2      2-3              0.840310                0.159690
2025-07-15 11:22:10,317 - Patient 75
2025-07-15 11:22:10,344 -   mic_pair  mean_cosine_distance  mean_cosine_similarity
0      1-2              0.563698                0.436302
1      1-3              0.828388                0.171612
2      2-3              0.756163                0.243837
2025-07-15 11:22:10,348 - Patient 76
2025-07-15 11:22:10,374 -   mic_pair  mean_cosine_distance  mean_cosine_similarity
0      1-2              0.741928                0.258072
1      1-3              0.803912                0.196088
2      2-3              1.046406               -0.046406
2025-07-15 11:22:10,378 - Patient 77
2025-07-15 11:22:10,405 -   mic_pair  mean_cosine_distance  mean_cosine_similarity
0      1-2              0.418423                0.581577
1      1-3              0.662417                0.337583
2      2-3              0.593526                0.406474
