2025-07-11 16:10:48,564 - dataframes_feature_extraction/SEN_df.csv
2025-07-11 16:10:48,959 - Patient 67
2025-07-11 16:10:48,994 - Patient 68
2025-07-11 16:10:49,038 - Patient 69
2025-07-11 16:10:49,081 - Patient 70
2025-07-11 16:10:49,118 - Patient 71
2025-07-11 16:10:49,159 - Patient 72
2025-07-11 16:10:49,201 - Patient 73
2025-07-11 16:10:49,240 - Patient 74
2025-07-11 16:10:49,277 - Patient 75
2025-07-11 16:10:49,323 - Patient 76
2025-07-11 16:10:49,374 - Patient 77
2025-07-11 16:10:49,429 -   mic_pair  mean_cosine_distance  mean_cosine_similarity
0      1-2              0.418423                0.581577
1      1-3              0.662417                0.337583
2      2-3              0.593526                0.406474
2025-07-11 16:10:49,437 - dataframes_feature_extraction/SPN_df.csv
2025-07-11 16:10:49,691 - Patient 67
2025-07-11 16:10:49,715 - Patient 68
2025-07-11 16:10:49,745 - Patient 69
2025-07-11 16:10:49,773 - Patient 70
2025-07-11 16:10:49,801 - Patient 71
2025-07-11 16:10:49,832 - Patient 72
2025-07-11 16:10:49,857 - Patient 73
2025-07-11 16:10:49,886 - Patient 74
2025-07-11 16:10:49,923 - Patient 75
2025-07-11 16:10:49,962 - Patient 76
2025-07-11 16:10:49,994 - Patient 77
2025-07-11 16:10:50,042 -   mic_pair  mean_cosine_distance  mean_cosine_similarity
0      1-2              0.531724                0.468276
1      1-3              0.446016                0.553984
2      2-3              0.698494                0.301506
2025-07-11 16:10:50,053 - dataframes_feature_extraction/VOWa_df.csv
2025-07-11 16:10:50,265 - Patient 67
2025-07-11 16:10:50,285 - Patient 68
2025-07-11 16:10:50,305 - Patient 69
2025-07-11 16:10:50,325 - Patient 70
2025-07-11 16:10:50,347 - Patient 71
2025-07-11 16:10:50,374 - Patient 72
2025-07-11 16:10:50,396 - Patient 73
2025-07-11 16:10:50,416 - Patient 74
2025-07-11 16:10:50,441 - Patient 75
2025-07-11 16:10:50,463 - Patient 76
2025-07-11 16:10:50,484 - Patient 77
2025-07-11 16:10:50,515 -   mic_pair  mean_cosine_distance  mean_cosine_similarity
0      1-2              0.496329                0.503671
1      1-3              0.444664                0.555336
2      2-3              0.730011                0.269989
2025-07-11 16:10:50,520 - dataframes_feature_extraction/VOWe_df.csv
2025-07-11 16:10:50,677 - Patient 67
2025-07-11 16:10:50,694 - Patient 68
2025-07-11 16:10:50,716 - Patient 69
2025-07-11 16:10:50,736 - Patient 70
2025-07-11 16:10:50,757 - Patient 71
2025-07-11 16:10:50,778 - Patient 72
2025-07-11 16:10:50,801 - Patient 73
2025-07-11 16:10:50,821 - Patient 74
2025-07-11 16:10:50,844 - Patient 75
2025-07-11 16:10:50,865 - Patient 76
2025-07-11 16:10:50,883 - Patient 77
2025-07-11 16:10:50,912 -   mic_pair  mean_cosine_distance  mean_cosine_similarity
0      1-2              0.075918                0.924082
1      1-3              0.162670                0.837330
2      2-3              0.255832                0.744168
2025-07-11 16:10:50,917 - dataframes_feature_extraction/VOWi_df.csv
2025-07-11 16:10:51,057 - Patient 67
2025-07-11 16:10:51,081 - Patient 68
2025-07-11 16:10:51,105 - Patient 69
2025-07-11 16:10:51,128 - Patient 70
2025-07-11 16:10:51,147 - Patient 71
2025-07-11 16:10:51,166 - Patient 72
2025-07-11 16:10:51,185 - Patient 73
2025-07-11 16:10:51,211 - Patient 74
2025-07-11 16:10:51,232 - Patient 75
2025-07-11 16:10:51,265 - Patient 76
2025-07-11 16:10:51,293 - Patient 77
2025-07-11 16:10:51,330 -   mic_pair  mean_cosine_distance  mean_cosine_similarity
0      1-2              0.227077                0.772923
1      1-3              0.324339                0.675661
2      2-3              0.532455                0.467545
2025-07-11 16:10:51,335 - dataframes_feature_extraction/VOWo_df.csv
2025-07-11 16:10:51,483 - Patient 67
2025-07-11 16:10:51,502 - Patient 68
2025-07-11 16:10:51,525 - Patient 69
2025-07-11 16:10:51,547 - Patient 70
2025-07-11 16:10:51,573 - Patient 71
2025-07-11 16:10:51,594 - Patient 72
2025-07-11 16:10:51,616 - Patient 73
2025-07-11 16:10:51,645 - Patient 74
2025-07-11 16:10:51,667 - Patient 75
2025-07-11 16:10:51,689 - Patient 76
2025-07-11 16:10:51,711 - Patient 77
2025-07-11 16:10:51,742 -   mic_pair  mean_cosine_distance  mean_cosine_similarity
0      1-2              0.292351                0.707649
1      1-3              0.346170                0.653830
2      2-3              0.655836                0.344164
2025-07-11 16:10:51,747 - dataframes_feature_extraction/VOWu_df.csv
2025-07-11 16:10:51,890 - Patient 67
2025-07-11 16:10:51,910 - Patient 68
2025-07-11 16:10:51,932 - Patient 69
2025-07-11 16:10:51,962 - Patient 70
2025-07-11 16:10:51,982 - Patient 71
2025-07-11 16:10:52,001 - Patient 72
2025-07-11 16:10:52,020 - Patient 73
2025-07-11 16:10:52,044 - Patient 74
2025-07-11 16:10:52,075 - Patient 75
2025-07-11 16:10:52,110 - Patient 76
2025-07-11 16:10:52,133 - Patient 77
2025-07-11 16:10:52,161 -   mic_pair  mean_cosine_distance  mean_cosine_similarity
0      1-2              0.106331                0.893669
1      1-3              0.510950                0.489050
2      2-3              0.513479                0.486521
